51.0 APEX_CODE,FINEST;APEX_PROFILING,INFO;CALLOUT,INFO;DB,INFO;NBA,INFO;SYSTEM,DEBUG;VALIDATION,INFO;VISUALFORCE,FINER;WAVE,INFO;WORKFLOW,INFO
18:50:40.1 (1718418)|USER_INFO|[EXTERNAL]|0051X000007SSFe|test-in7nqa4fsmgt@example.com|(GMT+02:00) Central European Summer Time (Europe/Paris)|GMT+02:00
18:50:40.1 (1768353)|EXECUTION_STARTED
18:50:40.1 (1777858)|CODE_UNIT_STARTED|[EXTERNAL]|01p1X000005rXLM|TestUpdateAccountTurnover.should_aggregate_two_orders_on_account()
18:50:40.1 (7435012)|HEAP_ALLOCATE|[79]|Bytes:3
18:50:40.1 (7524032)|HEAP_ALLOCATE|[84]|Bytes:152
18:50:40.1 (7542683)|HEAP_ALLOCATE|[399]|Bytes:408
18:50:40.1 (7557706)|HEAP_ALLOCATE|[412]|Bytes:408
18:50:40.1 (7571060)|HEAP_ALLOCATE|[520]|Bytes:48
18:50:40.1 (7597097)|HEAP_ALLOCATE|[139]|Bytes:6
18:50:40.1 (7647812)|HEAP_ALLOCATE|[EXTERNAL]|Bytes:160
18:50:40.1 (7667021)|METHOD_ENTRY|[2]|01p1X000005rXLM|TestUpdateAccountTurnover.TestUpdateAccountTurnover()
18:50:40.1 (7676723)|STATEMENT_EXECUTE|[2]
18:50:40.1 (7683600)|STATEMENT_EXECUTE|[2]
18:50:40.1 (7689294)|METHOD_EXIT|[2]|TestUpdateAccountTurnover
18:50:40.1 (7734246)|HEAP_ALLOCATE|[52]|Bytes:5
18:50:40.1 (7858582)|HEAP_ALLOCATE|[58]|Bytes:5
18:50:40.1 (7869282)|HEAP_ALLOCATE|[66]|Bytes:7
18:50:40.1 (7917844)|STATEMENT_EXECUTE|[4]
18:50:40.1 (7921181)|STATEMENT_EXECUTE|[5]
18:50:40.1 (8004759)|HEAP_ALLOCATE|[5]|Bytes:4
18:50:40.1 (8101802)|HEAP_ALLOCATE|[5]|Bytes:14
18:50:40.1 (13624069)|VARIABLE_ASSIGNMENT|[5]|this.Name|"Test Account 1"|0x4afa0df8
18:50:40.1 (13716112)|HEAP_ALLOCATE|[5]|Bytes:28
18:50:40.1 (13738233)|HEAP_ALLOCATE|[5]|Bytes:28
18:50:40.1 (13796952)|VARIABLE_ASSIGNMENT|[5]|this.Chiffre_d_affaire__c|0|0x4afa0df8
18:50:40.1 (13858166)|VARIABLE_SCOPE_BEGIN|[5]|acc1|Account|true|false
18:50:40.1 (13900503)|VARIABLE_ASSIGNMENT|[5]|acc1|{"Name":"Test Account 1","Chiffre_d_affaire__c":0}|0x4afa0df8
18:50:40.1 (13913295)|STATEMENT_EXECUTE|[6]
18:50:40.1 (13962984)|HEAP_ALLOCATE|[6]|Bytes:8
18:50:40.1 (13979382)|DML_BEGIN|[6]|Op:Insert|Type:Account|Rows:1
18:50:40.1 (14025067)|HEAP_ALLOCATE|[EXTERNAL]|Bytes:8
18:50:40.1 (36313287)|CODE_UNIT_STARTED|[EXTERNAL]|DuplicateDetector
18:50:40.1 (36368917)|DUPLICATE_DETECTION_BEGIN
18:50:40.1 (39411630)|DUPLICATE_DETECTION_RULE_INVOCATION|DuplicateRuleId:0Bm1X000002PzvU|DuplicateRuleName:Standard Account Duplicate Rule|DmlType:INSERT
18:50:40.1 (80401248)|DUPLICATE_DETECTION_MATCH_INVOCATION_DETAILS|EntityType:Account|ActionTaken:Allow_[Alert,Report]|DuplicateRecordIds:
18:50:40.1 (80438415)|DUPLICATE_DETECTION_MATCH_INVOCATION_SUMMARY|EntityType:Account|NumRecordsToBeSaved:1|NumRecordsToBeSavedWithDuplicates:0|NumDuplicateRecordsFound:0
18:50:40.1 (81736021)|DUPLICATE_DETECTION_END
18:50:40.1 (81753295)|CODE_UNIT_FINISHED|DuplicateDetector
18:50:40.1 (134916279)|DML_END|[6]
18:50:40.1 (134957658)|STATEMENT_EXECUTE|[8]
18:50:40.1 (134989769)|HEAP_ALLOCATE|[8]|Bytes:4
18:50:40.1 (135029230)|HEAP_ALLOCATE|[8]|Bytes:14
18:50:40.1 (135093352)|VARIABLE_ASSIGNMENT|[8]|this.Name|"Test Account 2"|0x5ec50cfa
18:50:40.1 (135128340)|HEAP_ALLOCATE|[8]|Bytes:28
18:50:40.1 (135133458)|HEAP_ALLOCATE|[8]|Bytes:28
18:50:40.1 (135160711)|VARIABLE_ASSIGNMENT|[8]|this.Chiffre_d_affaire__c|0|0x5ec50cfa
18:50:40.1 (135201245)|VARIABLE_SCOPE_BEGIN|[8]|acc2|Account|true|false
18:50:40.1 (135236744)|VARIABLE_ASSIGNMENT|[8]|acc2|{"Name":"Test Account 2","Chiffre_d_affaire__c":0}|0x5ec50cfa
18:50:40.1 (135245945)|STATEMENT_EXECUTE|[9]
18:50:40.1 (135281478)|HEAP_ALLOCATE|[9]|Bytes:8
18:50:40.1 (135292769)|DML_BEGIN|[9]|Op:Insert|Type:Account|Rows:1
18:50:40.1 (135338854)|HEAP_ALLOCATE|[EXTERNAL]|Bytes:8
18:50:40.1 (137252939)|CODE_UNIT_STARTED|[EXTERNAL]|DuplicateDetector
18:50:40.1 (137282217)|DUPLICATE_DETECTION_BEGIN
18:50:40.1 (137327446)|DUPLICATE_DETECTION_RULE_INVOCATION|DuplicateRuleId:0Bm1X000002PzvU|DuplicateRuleName:Standard Account Duplicate Rule|DmlType:INSERT
18:50:40.1 (150429188)|DUPLICATE_DETECTION_MATCH_INVOCATION_DETAILS|EntityType:Account|ActionTaken:Allow_[Alert,Report]|DuplicateRecordIds:
18:50:40.1 (150457864)|DUPLICATE_DETECTION_MATCH_INVOCATION_SUMMARY|EntityType:Account|NumRecordsToBeSaved:1|NumRecordsToBeSavedWithDuplicates:0|NumDuplicateRecordsFound:0
18:50:40.1 (150591129)|DUPLICATE_DETECTION_END
18:50:40.1 (150601251)|CODE_UNIT_FINISHED|DuplicateDetector
18:50:40.1 (165780199)|DML_END|[9]
18:50:40.1 (165823362)|STATEMENT_EXECUTE|[11]
18:50:40.1 (165916325)|HEAP_ALLOCATE|[11]|Bytes:4
18:50:40.1 (166042434)|HEAP_ALLOCATE|[11]|Bytes:24
18:50:40.1 (169695177)|VARIABLE_ASSIGNMENT|[11]|this.Name|"Chemise Verte longue (4 more) ..."|0x6bb1bcfe
18:50:40.1 (169733295)|HEAP_ALLOCATE|[11]|Bytes:7
18:50:40.1 (169774595)|VARIABLE_ASSIGNMENT|[11]|this.Family|"Chemise"|0x6bb1bcfe
18:50:40.1 (169831872)|VARIABLE_SCOPE_BEGIN|[11]|pd1|Product2|true|false
18:50:40.1 (169867063)|VARIABLE_ASSIGNMENT|[11]|pd1|{"Name":"Chemise Verte longue (4 more) ...","Family":"Chemise"}|0x6bb1bcfe
18:50:40.1 (169879816)|STATEMENT_EXECUTE|[12]
18:50:40.1 (169920037)|HEAP_ALLOCATE|[12]|Bytes:8
18:50:40.1 (169931864)|DML_BEGIN|[12]|Op:Insert|Type:Product2|Rows:1
18:50:40.1 (169979662)|HEAP_ALLOCATE|[EXTERNAL]|Bytes:8
18:50:40.1 (220543089)|DML_END|[12]
18:50:40.1 (220585905)|STATEMENT_EXECUTE|[15]
18:50:40.1 (220667357)|HEAP_ALLOCATE|[15]|Bytes:4
18:50:40.1 (220800986)|HEAP_ALLOCATE|[15]|Bytes:10
18:50:40.1 (224296810)|VARIABLE_ASSIGNMENT|[15]|this.Name|"Test PB001"|0x3dade7c6
18:50:40.1 (224338506)|HEAP_ALLOCATE|[15]|Bytes:15
18:50:40.1 (224389880)|VARIABLE_ASSIGNMENT|[15]|this.Description|"Test PB001 Desc"|0x3dade7c6
18:50:40.1 (224426165)|VARIABLE_ASSIGNMENT|[15]|this.IsActive|true|0x3dade7c6
18:50:40.1 (224495859)|VARIABLE_SCOPE_BEGIN|[15]|pb|Pricebook2|true|false
18:50:40.1 (224545069)|VARIABLE_ASSIGNMENT|[15]|pb|{"Name":"Test PB001","Description":"Test PB001 Desc","IsActive":true}|0x3dade7c6
18:50:40.1 (224562306)|STATEMENT_EXECUTE|[16]
18:50:40.1 (224611977)|HEAP_ALLOCATE|[16]|Bytes:8
18:50:40.1 (224628236)|DML_BEGIN|[16]|Op:Insert|Type:Pricebook2|Rows:1
18:50:40.1 (224688506)|HEAP_ALLOCATE|[EXTERNAL]|Bytes:8
18:50:40.1 (342939354)|DML_END|[16]
18:50:40.1 (342980120)|STATEMENT_EXECUTE|[19]
18:50:40.1 (342994980)|HEAP_ALLOCATE|[19]|Bytes:49
18:50:40.1 (343045043)|HEAP_ALLOCATE|[19]|Bytes:4
18:50:40.1 (343419052)|SOQL_EXECUTE_BEGIN|[19]|Aggregations:0|SELECT Id FROM Pricebook2 WHERE isStandard = TRUE
18:50:40.1 (355202152)|SOQL_EXECUTE_END|[19]|Rows:1
18:50:40.1 (355246641)|HEAP_ALLOCATE|[19]|Bytes:8
18:50:40.1 (355282585)|HEAP_ALLOCATE|[19]|Bytes:29
18:50:40.1 (355391376)|HEAP_ALLOCATE|[19]|Bytes:8
18:50:40.1 (355416330)|HEAP_ALLOCATE|[19]|Bytes:36
18:50:40.1 (355489777)|HEAP_ALLOCATE|[19]|Bytes:8
18:50:40.1 (355501183)|VARIABLE_SCOPE_BEGIN|[19]|standardPB|Pricebook2|true|false
18:50:40.1 (355547018)|VARIABLE_ASSIGNMENT|[19]|standardPB|{"Id":"01s1X000002dEQuQAM"}|0x38244034
18:50:40.1 (355559713)|STATEMENT_EXECUTE|[20]
18:50:40.1 (355563995)|HEAP_ALLOCATE|[20]|Bytes:20
18:50:40.1 (355708781)|HEAP_ALLOCATE|[20]|Bytes:18
18:50:40.1 (355743821)|HEAP_ALLOCATE|[20]|Bytes:38
18:50:40.1 (355780250)|USER_DEBUG|[20]|DEBUG|Value of standardPB>01s1X000002dEQuQAM
18:50:40.1 (355792745)|STATEMENT_EXECUTE|[22]
18:50:40.1 (355879587)|HEAP_ALLOCATE|[22]|Bytes:4
18:50:40.1 (359772643)|VARIABLE_ASSIGNMENT|[22]|this.Pricebook2Id|"01s1X000002dEQuQAM"|0x7707e09a
18:50:40.1 (359884184)|VARIABLE_ASSIGNMENT|[22]|this.Product2Id|"01t1X000006rqbpQAA"|0x7707e09a
18:50:40.1 (359920653)|HEAP_ALLOCATE|[22]|Bytes:28
18:50:40.1 (359971715)|VARIABLE_ASSIGNMENT|[22]|this.UnitPrice|1000|0x7707e09a
18:50:40.1 (360006642)|VARIABLE_ASSIGNMENT|[22]|this.IsActive|true|0x7707e09a
18:50:40.1 (360058552)|VARIABLE_SCOPE_BEGIN|[22]|standardPBE|PricebookEntry|true|false
18:50:40.1 (360104219)|VARIABLE_ASSIGNMENT|[22]|standardPBE|{"Pricebook2Id":"01s1X000002dEQuQAM","Product2Id":"01t1X000006rqbpQAA","UnitPrice":1000,"IsActive":true}|0x7707e09a
18:50:40.1 (360117507)|STATEMENT_EXECUTE|[23]
18:50:40.1 (360154625)|HEAP_ALLOCATE|[23]|Bytes:8
18:50:40.1 (360168180)|DML_BEGIN|[23]|Op:Insert|Type:PricebookEntry|Rows:1
18:50:40.1 (360213922)|HEAP_ALLOCATE|[EXTERNAL]|Bytes:8
18:50:40.1 (399014429)|DML_END|[23]
18:50:40.1 (399058210)|STATEMENT_EXECUTE|[27]
18:50:40.1 (399090190)|HEAP_ALLOCATE|[27]|Bytes:4
18:50:40.1 (399197472)|VARIABLE_ASSIGNMENT|[27]|this.Pricebook2Id|"01s1X000002dHA9QAM"|0x3ae4a118
18:50:40.1 (399227159)|VARIABLE_ASSIGNMENT|[27]|this.Product2Id|"01t1X000006rqbpQAA"|0x3ae4a118
18:50:40.1 (399257453)|HEAP_ALLOCATE|[27]|Bytes:28
18:50:40.1 (399281458)|VARIABLE_ASSIGNMENT|[27]|this.UnitPrice|1020|0x3ae4a118
18:50:40.1 (399307469)|VARIABLE_ASSIGNMENT|[27]|this.UseStandardPrice|false|0x3ae4a118
18:50:40.1 (399325587)|VARIABLE_ASSIGNMENT|[27]|this.IsActive|true|0x3ae4a118
18:50:40.1 (399367023)|VARIABLE_SCOPE_BEGIN|[27]|pbe|PricebookEntry|true|false
18:50:40.1 (399401667)|VARIABLE_ASSIGNMENT|[27]|pbe|{"Pricebook2Id":"01s1X000002dHA9QAM","Product2Id":"01t1X000006rqbpQAA","UnitPrice":1020,"UseStandardPrice":false,"IsActive":true}|0x3ae4a118
18:50:40.1 (399411319)|STATEMENT_EXECUTE|[34]
18:50:40.1 (399446888)|HEAP_ALLOCATE|[34]|Bytes:8
18:50:40.1 (399458359)|DML_BEGIN|[34]|Op:Insert|Type:PricebookEntry|Rows:1
18:50:40.1 (399503952)|HEAP_ALLOCATE|[EXTERNAL]|Bytes:8
18:50:40.1 (409804276)|DML_END|[34]
18:50:40.1 (409841467)|STATEMENT_EXECUTE|[37]
18:50:40.1 (409939419)|HEAP_ALLOCATE|[37]|Bytes:4
18:50:40.1 (413057486)|VARIABLE_ASSIGNMENT|[37]|this.AccountId|"0011X00000oHyyFQAS"|0x5e27bc4
18:50:40.1 (413083749)|HEAP_ALLOCATE|[39]|Bytes:5
18:50:40.1 (413112028)|VARIABLE_ASSIGNMENT|[37]|this.Status|"Draft"|0x5e27bc4
18:50:40.1 (413217051)|HEAP_ALLOCATE|[40]|Bytes:4
18:50:40.1 (413372249)|VARIABLE_ASSIGNMENT|[37]|this.StartDate|"2021-04-01T00:00:00.000Z"|0x5e27bc4
18:50:40.1 (413398984)|VARIABLE_ASSIGNMENT|[37]|this.ContractTerm|24|0x5e27bc4
18:50:40.1 (413438775)|VARIABLE_SCOPE_BEGIN|[37]|ctrct|Contract|true|false
18:50:40.1 (413476321)|VARIABLE_ASSIGNMENT|[37]|ctrct|{"AccountId":"0011X00000oHyyFQAS","Status":"Draft","StartDate":"2021-04-01T00:00:00.000Z","ContractTerm":24}|0x5e27bc4
18:50:40.1 (413488071)|STATEMENT_EXECUTE|[44]
18:50:40.1 (413512605)|HEAP_ALLOCATE|[44]|Bytes:8
18:50:40.1 (413523920)|DML_BEGIN|[44]|Op:Insert|Type:Contract|Rows:1
18:50:40.1 (413566266)|HEAP_ALLOCATE|[EXTERNAL]|Bytes:8
18:50:40.1 (450030527)|DML_END|[44]
18:50:40.1 (450073393)|STATEMENT_EXECUTE|[47]
18:50:40.1 (450103728)|HEAP_ALLOCATE|[47]|Bytes:4
18:50:40.1 (450207881)|VARIABLE_ASSIGNMENT|[47]|this.AccountId|"0011X00000oHyyGQAS"|0x2bbe20b9
18:50:40.1 (450238796)|VARIABLE_ASSIGNMENT|[47]|this.Status|"Draft"|0x2bbe20b9
18:50:40.1 (450332069)|HEAP_ALLOCATE|[50]|Bytes:4
18:50:40.1 (450387324)|VARIABLE_ASSIGNMENT|[47]|this.StartDate|"2021-04-01T00:00:00.000Z"|0x2bbe20b9
18:50:40.1 (450410125)|VARIABLE_ASSIGNMENT|[47]|this.ContractTerm|24|0x2bbe20b9
18:50:40.1 (450449201)|VARIABLE_SCOPE_BEGIN|[47]|ctrct2|Contract|true|false
18:50:40.1 (450485340)|VARIABLE_ASSIGNMENT|[47]|ctrct2|{"AccountId":"0011X00000oHyyGQAS","Status":"Draft","StartDate":"2021-04-01T00:00:00.000Z","ContractTerm":24}|0x2bbe20b9
18:50:40.1 (450494904)|STATEMENT_EXECUTE|[54]
18:50:40.1 (450520025)|HEAP_ALLOCATE|[54]|Bytes:8
18:50:40.1 (450531265)|DML_BEGIN|[54]|Op:Insert|Type:Contract|Rows:1
18:50:40.1 (450577631)|HEAP_ALLOCATE|[EXTERNAL]|Bytes:8
18:50:40.1 (466155893)|DML_END|[54]
18:50:40.1 (466198784)|STATEMENT_EXECUTE|[57]
18:50:40.1 (466275566)|HEAP_ALLOCATE|[57]|Bytes:74
18:50:40.1 (466307578)|SYSTEM_METHOD_ENTRY|[1]|Test.Test()
18:50:40.1 (466313106)|STATEMENT_EXECUTE|[1]
18:50:40.1 (466322941)|SYSTEM_METHOD_EXIT|[1]|Test
18:50:40.1 (466345586)|METHOD_ENTRY|[57]||System.Test.startTest()
18:50:40.1 (467740195)|METHOD_EXIT|[57]||System.Test.startTest()
18:50:40.1 (467757901)|STATEMENT_EXECUTE|[58]
18:50:40.1 (467845252)|HEAP_ALLOCATE|[58]|Bytes:4
18:50:40.1 (471174223)|VARIABLE_ASSIGNMENT|[58]|this.AccountId|"0011X00000oHyyFQAS"|0xd115f4d
18:50:40.1 (471291508)|HEAP_ALLOCATE|[58]|Bytes:4
18:50:40.1 (471361158)|VARIABLE_ASSIGNMENT|[58]|this.EffectiveDate|"2021-04-01T00:00:00.000Z"|0xd115f4d
18:50:40.1 (471423226)|VARIABLE_ASSIGNMENT|[58]|this.ContractId|"8001X000002WjxRQAS"|0xd115f4d
18:50:40.1 (471445874)|VARIABLE_ASSIGNMENT|[58]|this.Status|"Draft"|0xd115f4d
18:50:40.1 (471479406)|VARIABLE_ASSIGNMENT|[58]|this.Pricebook2Id|"01s1X000002dHA9QAM"|0xd115f4d
18:50:40.1 (471499416)|HEAP_ALLOCATE|[58]|Bytes:28
18:50:40.1 (471526315)|VARIABLE_ASSIGNMENT|[58]|this.ShipmentCost__c|350|0xd115f4d
18:50:40.1 (471588616)|VARIABLE_SCOPE_BEGIN|[58]|o1|Order|true|false
18:50:40.1 (471637606)|VARIABLE_ASSIGNMENT|[58]|o1|{"AccountId":"0011X00000oHyyFQAS","EffectiveDate":"2021-04-01T00:00:00.000Z","ContractId":"8001X000002WjxRQAS","Status":"Draft","Pricebook2Id":"01s1X000002dHA9QAM","ShipmentCost__c":350}|0xd115f4d
18:50:40.1 (471650219)|STATEMENT_EXECUTE|[59]
18:50:40.1 (471675367)|HEAP_ALLOCATE|[59]|Bytes:8
18:50:40.1 (471687408)|DML_BEGIN|[59]|Op:Insert|Type:Order|Rows:1
18:50:40.1 (471738390)|HEAP_ALLOCATE|[EXTERNAL]|Bytes:8
18:50:40.1 (527090587)|DML_END|[59]
18:50:40.1 (527130246)|STATEMENT_EXECUTE|[60]
18:50:40.1 (527157941)|HEAP_ALLOCATE|[60]|Bytes:4
18:50:40.1 (527254849)|VARIABLE_ASSIGNMENT|[60]|this.AccountId|"0011X00000oHyyGQAS"|0x4cf913f5
18:50:40.1 (527343486)|HEAP_ALLOCATE|[60]|Bytes:4
18:50:40.1 (527423029)|VARIABLE_ASSIGNMENT|[60]|this.EffectiveDate|"2021-04-01T00:00:00.000Z"|0x4cf913f5
18:50:40.1 (527452897)|VARIABLE_ASSIGNMENT|[60]|this.ContractId|"8001X000002WjxSQAS"|0x4cf913f5
18:50:40.1 (527475306)|VARIABLE_ASSIGNMENT|[60]|this.Status|"Draft"|0x4cf913f5
18:50:40.1 (527500240)|VARIABLE_ASSIGNMENT|[60]|this.Pricebook2Id|"01s1X000002dHA9QAM"|0x4cf913f5
18:50:40.1 (527519692)|HEAP_ALLOCATE|[60]|Bytes:28
18:50:40.1 (527546167)|VARIABLE_ASSIGNMENT|[60]|this.ShipmentCost__c|650|0x4cf913f5
18:50:40.1 (527585757)|VARIABLE_SCOPE_BEGIN|[60]|o2|Order|true|false
18:50:40.1 (527625140)|VARIABLE_ASSIGNMENT|[60]|o2|{"AccountId":"0011X00000oHyyGQAS","EffectiveDate":"2021-04-01T00:00:00.000Z","ContractId":"8001X000002WjxSQAS","Status":"Draft","Pricebook2Id":"01s1X000002dHA9QAM","ShipmentCost__c":650}|0x4cf913f5
18:50:40.1 (527636189)|STATEMENT_EXECUTE|[61]
18:50:40.1 (527658031)|HEAP_ALLOCATE|[61]|Bytes:8
18:50:40.1 (527668507)|DML_BEGIN|[61]|Op:Insert|Type:Order|Rows:1
18:50:40.1 (527713975)|HEAP_ALLOCATE|[EXTERNAL]|Bytes:8
18:50:40.1 (544675668)|DML_END|[61]
18:50:40.1 (544735891)|STATEMENT_EXECUTE|[63]
18:50:40.1 (544829158)|HEAP_ALLOCATE|[63]|Bytes:4
18:50:40.1 (548061253)|VARIABLE_ASSIGNMENT|[63]|this.OrderId|"8011X000002CvS1QAK"|0x3019d088
18:50:40.1 (548142051)|VARIABLE_ASSIGNMENT|[63]|this.PricebookEntryId|"01u1X00000YceIIQAZ"|0x3019d088
18:50:40.1 (548199076)|HEAP_ALLOCATE|[63]|Bytes:28
18:50:40.1 (548208412)|HEAP_ALLOCATE|[63]|Bytes:28
18:50:40.1 (548238461)|VARIABLE_ASSIGNMENT|[63]|this.Quantity|10|0x3019d088
18:50:40.1 (548250128)|HEAP_ALLOCATE|[63]|Bytes:28
18:50:40.1 (548268889)|VARIABLE_ASSIGNMENT|[63]|this.UnitPrice|150|0x3019d088
18:50:40.1 (548318732)|VARIABLE_SCOPE_BEGIN|[63]|oi1|OrderItem|true|false
18:50:40.1 (548354878)|VARIABLE_ASSIGNMENT|[63]|oi1|{"OrderId":"8011X000002CvS1QAK","PricebookEntryId":"01u1X00000YceIIQAZ","Quantity":10,"UnitPrice":150}|0x3019d088
18:50:40.1 (548366150)|STATEMENT_EXECUTE|[64]
18:50:40.1 (548408986)|HEAP_ALLOCATE|[64]|Bytes:8
18:50:40.1 (548421524)|DML_BEGIN|[64]|Op:Insert|Type:OrderItem|Rows:1
18:50:40.1 (548469497)|HEAP_ALLOCATE|[EXTERNAL]|Bytes:8
18:50:40.1 (610819917)|CODE_UNIT_STARTED|[EXTERNAL]|Workflow:Order
18:50:40.1 (614977301)|CODE_UNIT_FINISHED|Workflow:Order
18:50:40.1 (619739310)|DML_END|[64]
18:50:40.1 (619789101)|STATEMENT_EXECUTE|[65]
18:50:40.1 (619827218)|HEAP_ALLOCATE|[65]|Bytes:4
18:50:40.1 (619949755)|VARIABLE_ASSIGNMENT|[65]|this.OrderId|"8011X000002CvS1QAK"|0x5bb0d18d
18:50:40.1 (619997007)|VARIABLE_ASSIGNMENT|[65]|this.PricebookEntryId|"01u1X00000YceIIQAZ"|0x5bb0d18d
18:50:40.1 (620034272)|HEAP_ALLOCATE|[65]|Bytes:28
18:50:40.1 (620072168)|VARIABLE_ASSIGNMENT|[65]|this.Quantity|20|0x5bb0d18d
18:50:40.1 (620088184)|HEAP_ALLOCATE|[65]|Bytes:28
18:50:40.1 (620117460)|VARIABLE_ASSIGNMENT|[65]|this.UnitPrice|1000|0x5bb0d18d
18:50:40.1 (620175474)|VARIABLE_SCOPE_BEGIN|[65]|oi2|OrderItem|true|false
18:50:40.1 (620225715)|VARIABLE_ASSIGNMENT|[65]|oi2|{"OrderId":"8011X000002CvS1QAK","PricebookEntryId":"01u1X00000YceIIQAZ","Quantity":20,"UnitPrice":1000}|0x5bb0d18d
18:50:40.1 (620240436)|STATEMENT_EXECUTE|[66]
18:50:40.1 (620285359)|HEAP_ALLOCATE|[66]|Bytes:8
18:50:40.1 (620299483)|DML_BEGIN|[66]|Op:Insert|Type:OrderItem|Rows:1
18:50:40.1 (620360148)|HEAP_ALLOCATE|[EXTERNAL]|Bytes:8
18:50:40.1 (665756912)|CODE_UNIT_STARTED|[EXTERNAL]|Workflow:Order
18:50:40.1 (665822386)|CODE_UNIT_FINISHED|Workflow:Order
18:50:40.1 (670182653)|DML_END|[66]
18:50:40.1 (670224148)|STATEMENT_EXECUTE|[68]
18:50:40.1 (670252910)|HEAP_ALLOCATE|[68]|Bytes:4
18:50:40.1 (670358001)|VARIABLE_ASSIGNMENT|[68]|this.OrderId|"8011X000002CvS2QAK"|0x1d8dbf5d
18:50:40.1 (670386729)|VARIABLE_ASSIGNMENT|[68]|this.PricebookEntryId|"01u1X00000YceIIQAZ"|0x1d8dbf5d
18:50:40.1 (670414376)|HEAP_ALLOCATE|[68]|Bytes:28
18:50:40.1 (670454051)|VARIABLE_ASSIGNMENT|[68]|this.Quantity|50|0x1d8dbf5d
18:50:40.1 (670468491)|HEAP_ALLOCATE|[68]|Bytes:28
18:50:40.1 (670495293)|VARIABLE_ASSIGNMENT|[68]|this.UnitPrice|150|0x1d8dbf5d
18:50:40.1 (670543854)|VARIABLE_SCOPE_BEGIN|[68]|o2i1|OrderItem|true|false
18:50:40.1 (670621821)|VARIABLE_ASSIGNMENT|[68]|o2i1|{"OrderId":"8011X000002CvS2QAK","PricebookEntryId":"01u1X00000YceIIQAZ","Quantity":50,"UnitPrice":150}|0x1d8dbf5d
18:50:40.1 (670646137)|STATEMENT_EXECUTE|[69]
18:50:40.1 (670688001)|HEAP_ALLOCATE|[69]|Bytes:8
18:50:40.1 (670702486)|DML_BEGIN|[69]|Op:Insert|Type:OrderItem|Rows:1
18:50:40.1 (670774822)|HEAP_ALLOCATE|[EXTERNAL]|Bytes:8
18:50:40.1 (702661001)|CODE_UNIT_STARTED|[EXTERNAL]|Workflow:Order
18:50:40.1 (702730302)|CODE_UNIT_FINISHED|Workflow:Order
18:50:40.1 (707349911)|DML_END|[69]
18:50:40.1 (707399162)|STATEMENT_EXECUTE|[70]
18:50:40.1 (707436935)|HEAP_ALLOCATE|[70]|Bytes:4
18:50:40.1 (707576629)|VARIABLE_ASSIGNMENT|[70]|this.OrderId|"8011X000002CvS2QAK"|0x5a49945
18:50:40.1 (707618268)|VARIABLE_ASSIGNMENT|[70]|this.PricebookEntryId|"01u1X00000YceIIQAZ"|0x5a49945
18:50:40.1 (707657493)|HEAP_ALLOCATE|[70]|Bytes:28
18:50:40.1 (707691025)|VARIABLE_ASSIGNMENT|[70]|this.Quantity|70|0x5a49945
18:50:40.1 (707702016)|HEAP_ALLOCATE|[70]|Bytes:28
18:50:40.1 (707720812)|VARIABLE_ASSIGNMENT|[70]|this.UnitPrice|1000|0x5a49945
18:50:40.1 (707778097)|VARIABLE_SCOPE_BEGIN|[70]|o2i2|OrderItem|true|false
18:50:40.1 (707813031)|VARIABLE_ASSIGNMENT|[70]|o2i2|{"OrderId":"8011X000002CvS2QAK","PricebookEntryId":"01u1X00000YceIIQAZ","Quantity":70,"UnitPrice":1000}|0x5a49945
18:50:40.1 (707823370)|STATEMENT_EXECUTE|[71]
18:50:40.1 (707859031)|HEAP_ALLOCATE|[71]|Bytes:8
18:50:40.1 (707869924)|DML_BEGIN|[71]|Op:Insert|Type:OrderItem|Rows:1
18:50:40.1 (707917111)|HEAP_ALLOCATE|[EXTERNAL]|Bytes:8
18:50:40.1 (740349161)|CODE_UNIT_STARTED|[EXTERNAL]|Workflow:Order
18:50:40.1 (740405294)|CODE_UNIT_FINISHED|Workflow:Order
18:50:40.1 (745413603)|DML_END|[71]
18:50:40.1 (745459906)|STATEMENT_EXECUTE|[73]
18:50:40.1 (745527499)|HEAP_ALLOCATE|[73]|Bytes:4
18:50:40.1 (745676686)|VARIABLE_SCOPE_BEGIN|[73]|listo|List<Order>|true|false
18:50:40.1 (745696498)|HEAP_ALLOCATE|[EXTERNAL]|Bytes:4
18:50:40.1 (745733822)|VARIABLE_ASSIGNMENT|[73]|listo|[]|0x17574cb3
18:50:40.1 (745744193)|STATEMENT_EXECUTE|[74]
18:50:40.1 (745805045)|HEAP_ALLOCATE|[EXTERNAL]|Bytes:4
18:50:40.1 (745818201)|STATEMENT_EXECUTE|[75]
18:50:40.1 (745837854)|HEAP_ALLOCATE|[EXTERNAL]|Bytes:4
18:50:40.1 (801813007)|HEAP_DUMP|[77]|07n1X0000009FTk|TestUpdateAccountTurnover|none|77
18:50:40.1 (801851255)|STATEMENT_EXECUTE|[77]
18:50:40.1 (801978489)|DML_BEGIN|[77]|Op:Update|Type:Order|Rows:2
18:50:40.1 (802035600)|HEAP_ALLOCATE|[EXTERNAL]|Bytes:12
18:50:40.1 (896679134)|CODE_UNIT_STARTED|[EXTERNAL]|01q1X000001DsDr|UpdateAccountTurnover on Order trigger event AfterUpdate|__sfdc_trigger/UpdateAccountTurnover
18:50:40.1 (896760340)|HEAP_ALLOCATE|[EXTERNAL]|Bytes:12
18:50:40.1 (896840647)|HEAP_ALLOCATE|[EXTERNAL]|Bytes:12
18:50:40.1 (897062479)|HEAP_ALLOCATE|[EXTERNAL]|Bytes:16
18:50:40.1 (897088875)|VARIABLE_SCOPE_BEGIN|[1]|this|UpdateAccountTurnover|true|false
18:50:40.1 (897205204)|VARIABLE_ASSIGNMENT|[1]|this|{}|0x5c59f573
18:50:40.1 (897260468)|HEAP_ALLOCATE|[EXTERNAL]|Bytes:16
18:50:40.1 (897418247)|VARIABLE_SCOPE_BEGIN|[1]|this|UpdateAccountTurnover|true|false
18:50:40.1 (897439612)|VARIABLE_ASSIGNMENT|[1]|this|{}|0x5c59f573
18:50:40.1 (897452432)|STATEMENT_EXECUTE|[1]
18:50:40.1 (897458274)|STATEMENT_EXECUTE|[8]
18:50:40.1 (897474928)|HEAP_ALLOCATE|[8]|Bytes:4
18:50:40.1 (897611587)|VARIABLE_ASSIGNMENT|[8]|this.acntIds|[]|0x5c59f573
18:50:40.1 (897620112)|STATEMENT_EXECUTE|[11]
18:50:40.1 (897632591)|HEAP_ALLOCATE|[11]|Bytes:4
18:50:40.1 (897708336)|HEAP_ALLOCATE|[EXTERNAL]|Bytes:4
18:50:40.1 (897720665)|VARIABLE_ASSIGNMENT|[11]|this.acntsToUpdate|[]|0x5c59f573
18:50:40.1 (897745368)|STATEMENT_EXECUTE|[23]
18:50:40.1 (897894222)|HEAP_ALLOCATE|[24]|Bytes:5
18:50:40.1 (897954622)|VARIABLE_SCOPE_BEGIN|[24]|o|Order|true|false
18:50:40.1 (898688502)|VARIABLE_ASSIGNMENT|[24]|o|{"Status":"Draft","LastModifiedDate":"2021-04-10T16:50:40.000Z","IsDeleted":false,"AccountId":"0011X00000oHyyFQAS","OrderNumber":"00100100","ContractId":"8001X000002WjxRQAS","TotalAmount":21500.00,"StatusCode":"Draft","IsReductionOrder":false,"SystemModstamp":"2021-04-10T16:50:40.000Z","ShipmentCost__c":350,"OwnerId":"0051X000007SSFeQAO","CreatedById":"0051X000007SSFeQAO","CreatedDate":"2021-04-10T16:50:40.000Z","Pricebook2Id":"01s1X000002dHA9QAM","Id":"8011X000002CvS1QAK","LastModifiedById":"0051X000007SSFeQAO","EffectiveDate":"2021-04-01T00:00:00.000Z"}|0x5be38766
18:50:40.1 (898715132)|STATEMENT_EXECUTE|[24]
18:50:40.1 (898718917)|STATEMENT_EXECUTE|[25]
18:50:40.1 (898822705)|HEAP_ALLOCATE|[EXTERNAL]|Bytes:4
18:50:40.1 (898850282)|HEAP_ALLOCATE|[24]|Bytes:5
18:50:40.1 (898873066)|VARIABLE_SCOPE_BEGIN|[24]|o|Order|true|false
18:50:40.1 (899321190)|VARIABLE_ASSIGNMENT|[24]|o|{"Status":"Draft","LastModifiedDate":"2021-04-10T16:50:40.000Z","IsDeleted":false,"AccountId":"0011X00000oHyyGQAS","OrderNumber":"00100101","ContractId":"8001X000002WjxSQAS","TotalAmount":77500.00,"StatusCode":"Draft","IsReductionOrder":false,"SystemModstamp":"2021-04-10T16:50:40.000Z","ShipmentCost__c":650,"OwnerId":"0051X000007SSFeQAO","CreatedById":"0051X000007SSFeQAO","CreatedDate":"2021-04-10T16:50:40.000Z","Pricebook2Id":"01s1X000002dHA9QAM","Id":"8011X000002CvS2QAK","LastModifiedById":"0051X000007SSFeQAO","EffectiveDate":"2021-04-01T00:00:00.000Z"}|0x6bb75866
18:50:40.1 (899339052)|STATEMENT_EXECUTE|[24]
18:50:40.1 (899342271)|STATEMENT_EXECUTE|[25]
18:50:40.1 (899364095)|HEAP_ALLOCATE|[EXTERNAL]|Bytes:4
18:50:40.1 (899383024)|HEAP_ALLOCATE|[24]|Bytes:5
18:50:40.1 (899399965)|VARIABLE_ASSIGNMENT|[24]|o|null|
18:50:40.1 (899407098)|STATEMENT_EXECUTE|[30]
18:50:40.1 (899412141)|HEAP_ALLOCATE|[30]|Bytes:64
18:50:40.1 (899433418)|HEAP_ALLOCATE|[30]|Bytes:4
18:50:40.1 (899442331)|HEAP_ALLOCATE|[30]|Bytes:7
18:50:40.1 (899483779)|HEAP_ALLOCATE|[30]|Bytes:12
18:50:40.1 (899494152)|HEAP_ALLOCATE|[30]|Bytes:12
18:50:40.1 (899853280)|SOQL_EXECUTE_BEGIN|[30]|Aggregations:0|SELECT Id, Chiffre_d_affaire__c FROM Account WHERE Id = :tmpVar1
18:50:40.1 (907508277)|SOQL_EXECUTE_END|[30]|Rows:2
18:50:40.1 (907555373)|HEAP_ALLOCATE|[30]|Bytes:12
18:50:40.1 (907597192)|HEAP_ALLOCATE|[30]|Bytes:178
18:50:40.1 (907651720)|HEAP_ALLOCATE|[30]|Bytes:12
18:50:40.1 (907753107)|VARIABLE_ASSIGNMENT|[30]|this.acntsSource|[{"Id":"0011X00000oHyyFQAS","Chiffre_d_affaire__c":0},{"Id":"0011X00000oHyyGQAS","Chiffre_d_affaire__c":0}]|0x5c59f573
18:50:40.1 (907878579)|HEAP_ALLOCATE|[45]|Bytes:5
18:50:40.1 (907918018)|VARIABLE_SCOPE_BEGIN|[45]|o|Order|true|false
18:50:40.1 (908419807)|VARIABLE_ASSIGNMENT|[45]|o|{"Status":"Draft","LastModifiedDate":"2021-04-10T16:50:40.000Z","IsDeleted":false,"AccountId":"0011X00000oHyyFQAS","OrderNumber":"00100100","ContractId":"8001X000002WjxRQAS","TotalAmount":21500.00,"StatusCode":"Draft","IsReductionOrder":false,"SystemModstamp":"2021-04-10T16:50:40.000Z","ShipmentCost__c":350,"OwnerId":"0051X000007SSFeQAO","CreatedById":"0051X000007SSFeQAO","CreatedDate":"2021-04-10T16:50:40.000Z","Pricebook2Id":"01s1X000002dHA9QAM","Id":"8011X000002CvS1QAK","LastModifiedById":"0051X000007SSFeQAO","EffectiveDate":"2021-04-01T00:00:00.000Z"}|0x5be38766
18:50:40.1 (908444072)|STATEMENT_EXECUTE|[45]
18:50:40.1 (908586219)|HEAP_ALLOCATE|[47]|Bytes:5
18:50:40.1 (908607383)|HEAP_ALLOCATE|[47]|Bytes:12
18:50:40.1 (908615918)|VARIABLE_SCOPE_BEGIN|[47]|acc|Account|true|false
18:50:40.1 (908639981)|VARIABLE_ASSIGNMENT|[47]|acc|{"Id":"0011X00000oHyyFQAS","Chiffre_d_affaire__c":0}|0x6fea08d6
18:50:40.1 (908652818)|STATEMENT_EXECUTE|[47]
18:50:40.1 (908778672)|STATEMENT_EXECUTE|[50]
18:50:40.1 (908785449)|STATEMENT_EXECUTE|[51]
18:50:40.1 (908837049)|HEAP_ALLOCATE|[51]|Bytes:28
18:50:40.1 (908935260)|HEAP_ALLOCATE|[51]|Bytes:28
18:50:40.1 (909051437)|VARIABLE_ASSIGNMENT|[51]|this.Chiffre_d_affaire__c|21500.00|0x6fea08d6
18:50:40.1 (909067109)|STATEMENT_EXECUTE|[52]
18:50:40.1 (909130411)|HEAP_ALLOCATE|[EXTERNAL]|Bytes:4
18:50:40.1 (909160289)|HEAP_ALLOCATE|[47]|Bytes:5
18:50:40.1 (909185402)|HEAP_ALLOCATE|[47]|Bytes:12
18:50:40.1 (909202534)|VARIABLE_SCOPE_BEGIN|[47]|acc|Account|true|false
18:50:40.1 (909235684)|VARIABLE_ASSIGNMENT|[47]|acc|{"Id":"0011X00000oHyyGQAS","Chiffre_d_affaire__c":0}|0x2b78f297
18:50:40.1 (909247789)|STATEMENT_EXECUTE|[47]
18:50:40.1 (909297649)|STATEMENT_EXECUTE|[50]
18:50:40.1 (909318531)|HEAP_ALLOCATE|[47]|Bytes:5
18:50:40.1 (909337458)|VARIABLE_ASSIGNMENT|[47]|acc|null|
18:50:40.1 (909357139)|HEAP_ALLOCATE|[45]|Bytes:5
18:50:40.1 (909380651)|VARIABLE_SCOPE_BEGIN|[45]|o|Order|true|false
18:50:40.1 (910049641)|VARIABLE_ASSIGNMENT|[45]|o|{"Status":"Draft","LastModifiedDate":"2021-04-10T16:50:40.000Z","IsDeleted":false,"AccountId":"0011X00000oHyyGQAS","OrderNumber":"00100101","ContractId":"8001X000002WjxSQAS","TotalAmount":77500.00,"StatusCode":"Draft","IsReductionOrder":false,"SystemModstamp":"2021-04-10T16:50:40.000Z","ShipmentCost__c":650,"OwnerId":"0051X000007SSFeQAO","CreatedById":"0051X000007SSFeQAO","CreatedDate":"2021-04-10T16:50:40.000Z","Pricebook2Id":"01s1X000002dHA9QAM","Id":"8011X000002CvS2QAK","LastModifiedById":"0051X000007SSFeQAO","EffectiveDate":"2021-04-01T00:00:00.000Z"}|0x6bb75866
18:50:40.1 (910079909)|STATEMENT_EXECUTE|[45]
18:50:40.1 (910130816)|HEAP_ALLOCATE|[47]|Bytes:5
18:50:40.1 (910158912)|HEAP_ALLOCATE|[47]|Bytes:12
18:50:40.1 (910177929)|VARIABLE_SCOPE_BEGIN|[47]|acc|Account|true|false
18:50:40.1 (910205250)|VARIABLE_ASSIGNMENT|[47]|acc|{"Id":"0011X00000oHyyFQAS","Chiffre_d_affaire__c":21500.00}|0x6fea08d6
18:50:40.1 (910215106)|STATEMENT_EXECUTE|[47]
18:50:40.1 (910262861)|STATEMENT_EXECUTE|[50]
18:50:40.1 (910274359)|HEAP_ALLOCATE|[47]|Bytes:5
18:50:40.1 (910295848)|HEAP_ALLOCATE|[47]|Bytes:12
18:50:40.1 (910304009)|VARIABLE_SCOPE_BEGIN|[47]|acc|Account|true|false
18:50:40.1 (910330429)|VARIABLE_ASSIGNMENT|[47]|acc|{"Id":"0011X00000oHyyGQAS","Chiffre_d_affaire__c":0}|0x2b78f297
18:50:40.1 (910343577)|STATEMENT_EXECUTE|[47]
18:50:40.1 (910378707)|STATEMENT_EXECUTE|[50]
18:50:40.1 (910382522)|STATEMENT_EXECUTE|[51]
18:50:40.1 (910399562)|HEAP_ALLOCATE|[51]|Bytes:28
18:50:40.1 (910432773)|HEAP_ALLOCATE|[51]|Bytes:28
18:50:40.1 (910517741)|VARIABLE_ASSIGNMENT|[51]|this.Chiffre_d_affaire__c|77500.00|0x2b78f297
18:50:40.1 (910530751)|STATEMENT_EXECUTE|[52]
18:50:40.1 (910555258)|HEAP_ALLOCATE|[EXTERNAL]|Bytes:4
18:50:40.1 (910579303)|HEAP_ALLOCATE|[47]|Bytes:5
18:50:40.1 (910613418)|VARIABLE_ASSIGNMENT|[47]|acc|null|
18:50:40.1 (910631582)|HEAP_ALLOCATE|[45]|Bytes:5
18:50:40.1 (910647251)|VARIABLE_ASSIGNMENT|[45]|o|null|
18:50:40.1 (910656232)|STATEMENT_EXECUTE|[61]
18:50:40.1 (910748195)|DML_BEGIN|[61]|Op:Update|Type:Account|Rows:2
18:50:40.1 (910815949)|HEAP_ALLOCATE|[EXTERNAL]|Bytes:12
18:50:40.1 (920898748)|CODE_UNIT_STARTED|[EXTERNAL]|DuplicateDetector
18:50:40.1 (920933147)|DUPLICATE_DETECTION_BEGIN
18:50:40.1 (920981159)|DUPLICATE_DETECTION_RULE_INVOCATION|DuplicateRuleId:0Bm1X000002PzvU|DuplicateRuleName:Standard Account Duplicate Rule|DmlType:UPDATE
18:50:40.1 (921043283)|DUPLICATE_DETECTION_END
18:50:40.1 (921051323)|CODE_UNIT_FINISHED|DuplicateDetector
18:50:40.1 (943538903)|DML_END|[61]
18:50:40.1 (943605723)|HEAP_ALLOCATE|[EXTERNAL]|Bytes:12
18:50:40.943 (943638583)|CUMULATIVE_LIMIT_USAGE
18:50:40.943 (943638583)|LIMIT_USAGE_FOR_NS|(default)|
  Number of SOQL queries: 1 out of 100
  Number of query rows: 1 out of 50000
  Number of SOSL queries: 0 out of 20
  Number of DML statements: 8 out of 150
  Number of Publish Immediate DML: 0 out of 150
  Number of DML rows: 8 out of 10000
  Maximum CPU time: 0 out of 10000
  Maximum heap size: 0 out of 6000000
  Number of callouts: 0 out of 100
  Number of Email Invocations: 0 out of 10
  Number of future calls: 0 out of 50
  Number of queueable jobs added to the queue: 0 out of 50
  Number of Mobile Apex push calls: 0 out of 10

18:50:40.943 (943638583)|TESTING_LIMITS
18:50:40.943 (943638583)|LIMIT_USAGE_FOR_NS|(default)|
  Number of SOQL queries: 1 out of 100
  Number of query rows: 2 out of 50000
  Number of SOSL queries: 0 out of 20
  Number of DML statements: 8 out of 150
  Number of Publish Immediate DML: 0 out of 150
  Number of DML rows: 10 out of 10000
  Maximum CPU time: 0 out of 10000
  Maximum heap size: 0 out of 6000000
  Number of callouts: 0 out of 100
  Number of Email Invocations: 0 out of 10
  Number of future calls: 0 out of 50
  Number of queueable jobs added to the queue: 0 out of 50
  Number of Mobile Apex push calls: 0 out of 10

18:50:40.943 (943638583)|CUMULATIVE_LIMIT_USAGE_END

18:50:40.1 (944867396)|CODE_UNIT_FINISHED|UpdateAccountTurnover on Order trigger event AfterUpdate|__sfdc_trigger/UpdateAccountTurnover
18:50:40.1 (945714617)|DML_END|[77]
18:50:40.1 (945761701)|HEAP_ALLOCATE|[EXTERNAL]|Bytes:12
18:50:40.1 (945784746)|STATEMENT_EXECUTE|[79]
18:50:40.1 (945808017)|HEAP_ALLOCATE|[79]|Bytes:4
18:50:40.1 (946190714)|SOQL_EXECUTE_BEGIN|[79]|Aggregations:0|SELECT Id, Chiffre_d_affaire__c FROM Account WHERE Id = :tmpVar1
18:50:40.1 (962419610)|SOQL_EXECUTE_END|[79]|Rows:1
18:50:40.1 (962470527)|HEAP_ALLOCATE|[79]|Bytes:8
18:50:40.1 (962513381)|HEAP_ALLOCATE|[79]|Bytes:89
18:50:40.1 (962552009)|HEAP_ALLOCATE|[79]|Bytes:8
18:50:40.1 (962573163)|HEAP_ALLOCATE|[79]|Bytes:33
18:50:40.1 (962603097)|HEAP_ALLOCATE|[79]|Bytes:12
18:50:40.1 (962615970)|VARIABLE_SCOPE_BEGIN|[79]|accnt1TotalAmt|Account|true|false
18:50:40.1 (962657008)|VARIABLE_ASSIGNMENT|[79]|accnt1TotalAmt|{"Id":"0011X00000oHyyFQAS","Chiffre_d_affaire__c":21500}|0x213e3a17
18:50:40.1 (962669284)|STATEMENT_EXECUTE|[80]
18:50:40.1 (962686396)|HEAP_ALLOCATE|[80]|Bytes:4
18:50:40.1 (963091044)|SOQL_EXECUTE_BEGIN|[80]|Aggregations:0|SELECT Id, Chiffre_d_affaire__c FROM Account WHERE Id = :tmpVar1
18:50:40.1 (976683714)|SOQL_EXECUTE_END|[80]|Rows:1
18:50:40.1 (976737146)|HEAP_ALLOCATE|[80]|Bytes:8
18:50:40.1 (976796045)|HEAP_ALLOCATE|[80]|Bytes:89
18:50:40.1 (976832677)|HEAP_ALLOCATE|[80]|Bytes:8
18:50:40.1 (976876110)|HEAP_ALLOCATE|[80]|Bytes:12
18:50:40.1 (976889702)|VARIABLE_SCOPE_BEGIN|[80]|accnt2TotalAmt|Account|true|false
18:50:40.1 (976930294)|VARIABLE_ASSIGNMENT|[80]|accnt2TotalAmt|{"Id":"0011X00000oHyyGQAS","Chiffre_d_affaire__c":77500}|0x3c8d404a
18:50:40.1 (976942352)|STATEMENT_EXECUTE|[82]
18:50:40.1 (976967102)|METHOD_ENTRY|[82]||System.Test.stopTest()
18:50:40.1 (978122957)|METHOD_EXIT|[82]||System.Test.stopTest()
18:50:40.1 (978139043)|STATEMENT_EXECUTE|[84]
18:50:40.1 (978147932)|HEAP_ALLOCATE|[84]|Bytes:20
18:50:40.1 (978171431)|HEAP_ALLOCATE|[84]|Bytes:4
18:50:40.1 (978449394)|SOQL_EXECUTE_BEGIN|[84]|Aggregations:0|SELECT Id FROM Order
18:50:40.1 (990059809)|SOQL_EXECUTE_END|[84]|Rows:2
18:50:40.1 (990099964)|HEAP_ALLOCATE|[84]|Bytes:12
18:50:40.1 (990136241)|HEAP_ALLOCATE|[84]|Bytes:58
18:50:40.1 (990169436)|HEAP_ALLOCATE|[84]|Bytes:12
18:50:40.1 (990189782)|VARIABLE_SCOPE_BEGIN|[84]|agr|List<Order>|true|false
18:50:40.1 (990238254)|VARIABLE_ASSIGNMENT|[84]|agr|[{"Id":"8011X000002CvS1QAK"},{"Id":"8011X000002CvS2QAK"}]|0x2582eff8
18:50:40.1 (990250134)|STATEMENT_EXECUTE|[87]
18:50:40.1 (990345331)|STATEMENT_EXECUTE|[88]
18:50:40.1 (990402330)|STATEMENT_EXECUTE|[89]
18:50:40.1 (990514769)|EXCEPTION_THROWN|[89]|System.AssertException: Assertion Failed: Expected: 77500, Actual: 21500
18:50:40.1 (990602184)|HEAP_ALLOCATE|[89]|Bytes:52
18:50:40.1 (990665904)|FATAL_ERROR|System.AssertException: Assertion Failed: Expected: 77500, Actual: 21500

Class.TestUpdateAccountTurnover.should_aggregate_two_orders_on_account: line 89, column 1
18:50:40.1 (990684982)|FATAL_ERROR|System.AssertException: Assertion Failed: Expected: 77500, Actual: 21500

Class.TestUpdateAccountTurnover.should_aggregate_two_orders_on_account: line 89, column 1
18:50:40.990 (990697804)|CUMULATIVE_LIMIT_USAGE
18:50:40.990 (990697804)|LIMIT_USAGE_FOR_NS|(default)|
  Number of SOQL queries: 2 out of 100
  Number of query rows: 3 out of 50000
  Number of SOSL queries: 0 out of 20
  Number of DML statements: 8 out of 150
  Number of Publish Immediate DML: 0 out of 150
  Number of DML rows: 8 out of 10000
  Maximum CPU time: 0 out of 10000
  Maximum heap size: 0 out of 6000000
  Number of callouts: 0 out of 100
  Number of Email Invocations: 0 out of 10
  Number of future calls: 0 out of 50
  Number of queueable jobs added to the queue: 0 out of 50
  Number of Mobile Apex push calls: 0 out of 10

18:50:40.990 (990697804)|TESTING_LIMITS
18:50:40.990 (990697804)|LIMIT_USAGE_FOR_NS|(default)|
  Number of SOQL queries: 3 out of 100
  Number of query rows: 4 out of 50000
  Number of SOSL queries: 0 out of 20
  Number of DML statements: 8 out of 150
  Number of Publish Immediate DML: 0 out of 150
  Number of DML rows: 10 out of 10000
  Maximum CPU time: 0 out of 10000
  Maximum heap size: 0 out of 6000000
  Number of callouts: 0 out of 100
  Number of Email Invocations: 0 out of 10
  Number of future calls: 0 out of 50
  Number of queueable jobs added to the queue: 0 out of 50
  Number of Mobile Apex push calls: 0 out of 10

18:50:40.990 (990697804)|CUMULATIVE_LIMIT_USAGE_END

18:50:40.1 (990745971)|CODE_UNIT_FINISHED|TestUpdateAccountTurnover.should_aggregate_two_orders_on_account()
18:50:40.1 (990752834)|EXECUTION_FINISHED
18:50:41.71 (1071214770)|USER_INFO|[EXTERNAL]|0051X000007SSFe|test-in7nqa4fsmgt@example.com|(GMT+02:00) Central European Summer Time (Europe/Paris)|GMT+02:00
18:50:41.71 (1071238405)|EXECUTION_STARTED
18:50:41.71 (1071244284)|CODE_UNIT_STARTED|[EXTERNAL]|DuplicateDetector
18:50:41.71 (1071261802)|DUPLICATE_DETECTION_BEGIN
18:50:41.71 (1071609891)|DUPLICATE_DETECTION_RULE_INVOCATION|DuplicateRuleId:0Bm1X000002PzvU|DuplicateRuleName:Standard Account Duplicate Rule|DmlType:UPDATE
18:50:41.71 (1091126827)|DUPLICATE_DETECTION_END
18:50:41.71 (1091142468)|CODE_UNIT_FINISHED|DuplicateDetector
18:50:41.71 (1091156961)|EXECUTION_FINISHED
18:50:41.192 (1192845069)|USER_INFO|[EXTERNAL]|0051X000007SSFe|test-in7nqa4fsmgt@example.com|(GMT+02:00) Central European Summer Time (Europe/Paris)|GMT+02:00
18:50:41.192 (1192873949)|EXECUTION_STARTED
18:50:41.192 (1192879230)|CODE_UNIT_STARTED|[EXTERNAL]|DuplicateDetector
18:50:41.192 (1192898000)|DUPLICATE_DETECTION_BEGIN
18:50:41.192 (1192951132)|DUPLICATE_DETECTION_RULE_INVOCATION|DuplicateRuleId:0Bm1X000002PzvU|DuplicateRuleName:Standard Account Duplicate Rule|DmlType:INSERT
18:50:41.192 (1201822129)|DUPLICATE_DETECTION_END
18:50:41.192 (1201839004)|CODE_UNIT_FINISHED|DuplicateDetector
18:50:41.192 (1201855187)|EXECUTION_FINISHED
