51.0 APEX_CODE,FINEST;APEX_PROFILING,INFO;CALLOUT,INFO;DB,INFO;NBA,INFO;SYSTEM,DEBUG;VALIDATION,INFO;VISUALFORCE,FINER;WAVE,INFO;WORKFLOW,INFO
18:05:53.2 (2116855)|USER_INFO|[EXTERNAL]|0051X000007SSFe|test-in7nqa4fsmgt@example.com|(GMT+02:00) Central European Summer Time (Europe/Paris)|GMT+02:00
18:05:53.2 (2194847)|EXECUTION_STARTED
18:05:53.2 (2206343)|CODE_UNIT_STARTED|[EXTERNAL]|01p1X000005rXLM|TestUpdateAccountTurnover.should_aggregate_two_orders_on_account()
18:05:53.2 (2582932)|HEAP_ALLOCATE|[79]|Bytes:3
18:05:53.2 (2648575)|HEAP_ALLOCATE|[84]|Bytes:152
18:05:53.2 (2669146)|HEAP_ALLOCATE|[399]|Bytes:408
18:05:53.2 (2689748)|HEAP_ALLOCATE|[412]|Bytes:408
18:05:53.2 (2708335)|HEAP_ALLOCATE|[520]|Bytes:48
18:05:53.2 (2744625)|HEAP_ALLOCATE|[139]|Bytes:6
18:05:53.2 (2762700)|HEAP_ALLOCATE|[EXTERNAL]|Bytes:157
18:05:53.2 (2796910)|METHOD_ENTRY|[2]|01p1X000005rXLM|TestUpdateAccountTurnover.TestUpdateAccountTurnover()
18:05:53.2 (2811518)|STATEMENT_EXECUTE|[2]
18:05:53.2 (2834745)|STATEMENT_EXECUTE|[2]
18:05:53.2 (2841702)|METHOD_EXIT|[2]|TestUpdateAccountTurnover
18:05:53.2 (2884852)|HEAP_ALLOCATE|[52]|Bytes:5
18:05:53.2 (2919338)|HEAP_ALLOCATE|[58]|Bytes:5
18:05:53.2 (2930529)|HEAP_ALLOCATE|[66]|Bytes:7
18:05:53.2 (2979692)|STATEMENT_EXECUTE|[4]
18:05:53.2 (2983900)|STATEMENT_EXECUTE|[5]
18:05:53.2 (3055536)|HEAP_ALLOCATE|[5]|Bytes:4
18:05:53.2 (3155186)|HEAP_ALLOCATE|[5]|Bytes:14
18:05:53.2 (3336206)|VARIABLE_ASSIGNMENT|[5]|this.Name|"Test Account 1"|0x622d795d
18:05:53.2 (3389180)|HEAP_ALLOCATE|[5]|Bytes:28
18:05:53.2 (3396161)|HEAP_ALLOCATE|[5]|Bytes:28
18:05:53.2 (3447509)|VARIABLE_ASSIGNMENT|[5]|this.Chiffre_d_affaire__c|0|0x622d795d
18:05:53.2 (3488081)|VARIABLE_SCOPE_BEGIN|[5]|acc1|Account|true|false
18:05:53.2 (3525307)|VARIABLE_ASSIGNMENT|[5]|acc1|{"Name":"Test Account 1","Chiffre_d_affaire__c":0}|0x622d795d
18:05:53.2 (3536930)|STATEMENT_EXECUTE|[6]
18:05:53.2 (3580092)|HEAP_ALLOCATE|[6]|Bytes:8
18:05:53.2 (3597169)|DML_BEGIN|[6]|Op:Insert|Type:Account|Rows:1
18:05:53.2 (3647372)|HEAP_ALLOCATE|[EXTERNAL]|Bytes:8
18:05:53.2 (27996616)|CODE_UNIT_STARTED|[EXTERNAL]|DuplicateDetector
18:05:53.2 (28078098)|DUPLICATE_DETECTION_BEGIN
18:05:53.2 (31164759)|DUPLICATE_DETECTION_RULE_INVOCATION|DuplicateRuleId:0Bm1X000002PzvU|DuplicateRuleName:Standard Account Duplicate Rule|DmlType:INSERT
18:05:53.2 (65568317)|DUPLICATE_DETECTION_MATCH_INVOCATION_DETAILS|EntityType:Account|ActionTaken:Allow_[Alert,Report]|DuplicateRecordIds:
18:05:53.2 (65600524)|DUPLICATE_DETECTION_MATCH_INVOCATION_SUMMARY|EntityType:Account|NumRecordsToBeSaved:1|NumRecordsToBeSavedWithDuplicates:0|NumDuplicateRecordsFound:0
18:05:53.2 (65775284)|DUPLICATE_DETECTION_END
18:05:53.2 (65786809)|CODE_UNIT_FINISHED|DuplicateDetector
18:05:53.2 (102594119)|DML_END|[6]
18:05:53.2 (102639367)|STATEMENT_EXECUTE|[8]
18:05:53.2 (102675006)|HEAP_ALLOCATE|[8]|Bytes:4
18:05:53.2 (102784213)|VARIABLE_ASSIGNMENT|[8]|this.Name|"Test Account 1"|0x43685d95
18:05:53.2 (102835667)|VARIABLE_SCOPE_BEGIN|[8]|acc2|Account|true|false
18:05:53.2 (102870204)|VARIABLE_ASSIGNMENT|[8]|acc2|{"Name":"Test Account 1"}|0x43685d95
18:05:53.2 (102881342)|STATEMENT_EXECUTE|[9]
18:05:53.2 (102919330)|HEAP_ALLOCATE|[9]|Bytes:8
18:05:53.2 (102930460)|DML_BEGIN|[9]|Op:Insert|Type:Account|Rows:1
18:05:53.2 (102984400)|HEAP_ALLOCATE|[EXTERNAL]|Bytes:8
18:05:53.2 (105247718)|CODE_UNIT_STARTED|[EXTERNAL]|DuplicateDetector
18:05:53.2 (105279100)|DUPLICATE_DETECTION_BEGIN
18:05:53.2 (105334716)|DUPLICATE_DETECTION_RULE_INVOCATION|DuplicateRuleId:0Bm1X000002PzvU|DuplicateRuleName:Standard Account Duplicate Rule|DmlType:INSERT
18:05:53.2 (118799111)|DUPLICATE_DETECTION_MATCH_INVOCATION_DETAILS|EntityType:Account|ActionTaken:Allow_[Alert,Report]|DuplicateRecordIds:
18:05:53.2 (118832853)|DUPLICATE_DETECTION_MATCH_INVOCATION_SUMMARY|EntityType:Account|NumRecordsToBeSaved:1|NumRecordsToBeSavedWithDuplicates:0|NumDuplicateRecordsFound:0
18:05:53.2 (121264352)|DUPLICATE_DETECTION_END
18:05:53.2 (121281751)|CODE_UNIT_FINISHED|DuplicateDetector
18:05:53.2 (138324859)|DML_END|[9]
18:05:53.2 (138368294)|STATEMENT_EXECUTE|[11]
18:05:53.2 (138466459)|HEAP_ALLOCATE|[11]|Bytes:4
18:05:53.2 (138591048)|HEAP_ALLOCATE|[11]|Bytes:24
18:05:53.2 (138685269)|VARIABLE_ASSIGNMENT|[11]|this.Name|"Chemise Verte longue (4 more) ..."|0x7e149e30
18:05:53.2 (138697119)|HEAP_ALLOCATE|[11]|Bytes:7
18:05:53.2 (138723872)|VARIABLE_ASSIGNMENT|[11]|this.Family|"Chemise"|0x7e149e30
18:05:53.2 (138767533)|VARIABLE_SCOPE_BEGIN|[11]|pd1|Product2|true|false
18:05:53.2 (138808549)|VARIABLE_ASSIGNMENT|[11]|pd1|{"Name":"Chemise Verte longue (4 more) ...","Family":"Chemise"}|0x7e149e30
18:05:53.2 (138821360)|STATEMENT_EXECUTE|[12]
18:05:53.2 (138859068)|HEAP_ALLOCATE|[12]|Bytes:8
18:05:53.2 (138871135)|DML_BEGIN|[12]|Op:Insert|Type:Product2|Rows:1
18:05:53.2 (138921833)|HEAP_ALLOCATE|[EXTERNAL]|Bytes:8
18:05:53.2 (172198730)|DML_END|[12]
18:05:53.2 (172240899)|STATEMENT_EXECUTE|[15]
18:05:53.2 (172331199)|HEAP_ALLOCATE|[15]|Bytes:4
18:05:53.2 (172465079)|HEAP_ALLOCATE|[15]|Bytes:10
18:05:53.2 (172552972)|VARIABLE_ASSIGNMENT|[15]|this.Name|"Test PB001"|0x7b4241e0
18:05:53.2 (172565401)|HEAP_ALLOCATE|[15]|Bytes:15
18:05:53.2 (172595509)|VARIABLE_ASSIGNMENT|[15]|this.Description|"Test PB001 Desc"|0x7b4241e0
18:05:53.2 (172624881)|VARIABLE_ASSIGNMENT|[15]|this.IsActive|true|0x7b4241e0
18:05:53.2 (172668470)|VARIABLE_SCOPE_BEGIN|[15]|pb|Pricebook2|true|false
18:05:53.2 (172709947)|VARIABLE_ASSIGNMENT|[15]|pb|{"Name":"Test PB001","Description":"Test PB001 Desc","IsActive":true}|0x7b4241e0
18:05:53.2 (172722328)|STATEMENT_EXECUTE|[16]
18:05:53.2 (172761725)|HEAP_ALLOCATE|[16]|Bytes:8
18:05:53.2 (172773059)|DML_BEGIN|[16]|Op:Insert|Type:Pricebook2|Rows:1
18:05:53.2 (172823206)|HEAP_ALLOCATE|[EXTERNAL]|Bytes:8
18:05:53.2 (247921545)|DML_END|[16]
18:05:53.2 (247962150)|STATEMENT_EXECUTE|[19]
18:05:53.2 (247973557)|HEAP_ALLOCATE|[19]|Bytes:49
18:05:53.2 (248009150)|HEAP_ALLOCATE|[19]|Bytes:4
18:05:53.2 (248440358)|SOQL_EXECUTE_BEGIN|[19]|Aggregations:0|SELECT Id FROM Pricebook2 WHERE isStandard = TRUE
18:05:53.2 (254501605)|SOQL_EXECUTE_END|[19]|Rows:1
18:05:53.2 (254551134)|HEAP_ALLOCATE|[19]|Bytes:8
18:05:53.2 (254594326)|HEAP_ALLOCATE|[19]|Bytes:29
18:05:53.2 (261615797)|HEAP_ALLOCATE|[19]|Bytes:8
18:05:53.2 (261675776)|HEAP_ALLOCATE|[19]|Bytes:36
18:05:53.2 (261801753)|HEAP_ALLOCATE|[19]|Bytes:8
18:05:53.2 (261823484)|VARIABLE_SCOPE_BEGIN|[19]|standardPB|Pricebook2|true|false
18:05:53.2 (261887235)|VARIABLE_ASSIGNMENT|[19]|standardPB|{"Id":"01s1X000002dEQuQAM"}|0x369bc36f
18:05:53.2 (261906543)|STATEMENT_EXECUTE|[20]
18:05:53.2 (261914205)|HEAP_ALLOCATE|[20]|Bytes:20
18:05:53.2 (262132329)|HEAP_ALLOCATE|[20]|Bytes:18
18:05:53.2 (262163165)|HEAP_ALLOCATE|[20]|Bytes:38
18:05:53.2 (262197255)|USER_DEBUG|[20]|DEBUG|Value of standardPB>01s1X000002dEQuQAM
18:05:53.2 (262211055)|STATEMENT_EXECUTE|[22]
18:05:53.2 (262312510)|HEAP_ALLOCATE|[22]|Bytes:4
18:05:53.2 (262508337)|VARIABLE_ASSIGNMENT|[22]|this.Pricebook2Id|"01s1X000002dEQuQAM"|0x1ab97258
18:05:53.2 (262565632)|VARIABLE_ASSIGNMENT|[22]|this.Product2Id|"01t1X000006rqWQQAY"|0x1ab97258
18:05:53.2 (262593021)|HEAP_ALLOCATE|[22]|Bytes:28
18:05:53.2 (262622050)|VARIABLE_ASSIGNMENT|[22]|this.UnitPrice|1000|0x1ab97258
18:05:53.2 (262644538)|VARIABLE_ASSIGNMENT|[22]|this.IsActive|true|0x1ab97258
18:05:53.2 (262682617)|VARIABLE_SCOPE_BEGIN|[22]|standardPBE|PricebookEntry|true|false
18:05:53.2 (262708775)|VARIABLE_ASSIGNMENT|[22]|standardPBE|{"Pricebook2Id":"01s1X000002dEQuQAM","Product2Id":"01t1X000006rqWQQAY","UnitPrice":1000,"IsActive":true}|0x1ab97258
18:05:53.2 (262717654)|STATEMENT_EXECUTE|[23]
18:05:53.2 (262743208)|HEAP_ALLOCATE|[23]|Bytes:8
18:05:53.2 (262754275)|DML_BEGIN|[23]|Op:Insert|Type:PricebookEntry|Rows:1
18:05:53.2 (262812428)|HEAP_ALLOCATE|[EXTERNAL]|Bytes:8
18:05:53.2 (286475023)|DML_END|[23]
18:05:53.2 (286517737)|STATEMENT_EXECUTE|[27]
18:05:53.2 (286548747)|HEAP_ALLOCATE|[27]|Bytes:4
18:05:53.2 (286657554)|VARIABLE_ASSIGNMENT|[27]|this.Pricebook2Id|"01s1X000002dH5TQAU"|0x6526a698
18:05:53.2 (286695795)|VARIABLE_ASSIGNMENT|[27]|this.Product2Id|"01t1X000006rqWQQAY"|0x6526a698
18:05:53.2 (286721425)|HEAP_ALLOCATE|[27]|Bytes:28
18:05:53.2 (286751773)|VARIABLE_ASSIGNMENT|[27]|this.UnitPrice|1020|0x6526a698
18:05:53.2 (286777451)|VARIABLE_ASSIGNMENT|[27]|this.UseStandardPrice|false|0x6526a698
18:05:53.2 (286801515)|VARIABLE_ASSIGNMENT|[27]|this.IsActive|true|0x6526a698
18:05:53.2 (286843016)|VARIABLE_SCOPE_BEGIN|[27]|pbe|PricebookEntry|true|false
18:05:53.2 (286882259)|VARIABLE_ASSIGNMENT|[27]|pbe|{"Pricebook2Id":"01s1X000002dH5TQAU","Product2Id":"01t1X000006rqWQQAY","UnitPrice":1020,"UseStandardPrice":false,"IsActive":true}|0x6526a698
18:05:53.2 (286893551)|STATEMENT_EXECUTE|[34]
18:05:53.2 (286930103)|HEAP_ALLOCATE|[34]|Bytes:8
18:05:53.2 (286941154)|DML_BEGIN|[34]|Op:Insert|Type:PricebookEntry|Rows:1
18:05:53.2 (286991115)|HEAP_ALLOCATE|[EXTERNAL]|Bytes:8
18:05:53.2 (299864315)|DML_END|[34]
18:05:53.2 (299901080)|STATEMENT_EXECUTE|[37]
18:05:53.2 (299965576)|HEAP_ALLOCATE|[37]|Bytes:4
18:05:53.2 (300179610)|VARIABLE_ASSIGNMENT|[37]|this.AccountId|"0011X00000oHyxdQAC"|0x47ed0e81
18:05:53.2 (300196316)|HEAP_ALLOCATE|[39]|Bytes:5
18:05:53.2 (300225438)|VARIABLE_ASSIGNMENT|[37]|this.Status|"Draft"|0x47ed0e81
18:05:53.2 (300332839)|HEAP_ALLOCATE|[40]|Bytes:4
18:05:53.2 (300415007)|VARIABLE_ASSIGNMENT|[37]|this.StartDate|"2021-04-01T00:00:00.000Z"|0x47ed0e81
18:05:53.2 (300455493)|VARIABLE_ASSIGNMENT|[37]|this.ContractTerm|24|0x47ed0e81
18:05:53.2 (300495204)|VARIABLE_SCOPE_BEGIN|[37]|ctrct|Contract|true|false
18:05:53.2 (300537919)|VARIABLE_ASSIGNMENT|[37]|ctrct|{"AccountId":"0011X00000oHyxdQAC","Status":"Draft","StartDate":"2021-04-01T00:00:00.000Z","ContractTerm":24}|0x47ed0e81
18:05:53.2 (300549961)|STATEMENT_EXECUTE|[44]
18:05:53.2 (300575754)|HEAP_ALLOCATE|[44]|Bytes:8
18:05:53.2 (300587114)|DML_BEGIN|[44]|Op:Insert|Type:Contract|Rows:1
18:05:53.2 (300633826)|HEAP_ALLOCATE|[EXTERNAL]|Bytes:8
18:05:53.2 (336563348)|DML_END|[44]
18:05:53.2 (336597265)|STATEMENT_EXECUTE|[47]
18:05:53.2 (336624466)|HEAP_ALLOCATE|[47]|Bytes:4
18:05:53.2 (336722610)|VARIABLE_ASSIGNMENT|[47]|this.AccountId|"0011X00000oHyxeQAC"|0x4f4b834d
18:05:53.2 (336747931)|VARIABLE_ASSIGNMENT|[47]|this.Status|"Draft"|0x4f4b834d
18:05:53.2 (336834526)|HEAP_ALLOCATE|[50]|Bytes:4
18:05:53.2 (336889364)|VARIABLE_ASSIGNMENT|[47]|this.StartDate|"2021-04-01T00:00:00.000Z"|0x4f4b834d
18:05:53.2 (336911558)|VARIABLE_ASSIGNMENT|[47]|this.ContractTerm|24|0x4f4b834d
18:05:53.2 (336948595)|VARIABLE_SCOPE_BEGIN|[47]|ctrct2|Contract|true|false
18:05:53.2 (336981506)|VARIABLE_ASSIGNMENT|[47]|ctrct2|{"AccountId":"0011X00000oHyxeQAC","Status":"Draft","StartDate":"2021-04-01T00:00:00.000Z","ContractTerm":24}|0x4f4b834d
18:05:53.2 (336990443)|STATEMENT_EXECUTE|[55]
18:05:53.2 (337056027)|HEAP_ALLOCATE|[55]|Bytes:74
18:05:53.2 (337076045)|SYSTEM_METHOD_ENTRY|[1]|Test.Test()
18:05:53.2 (337081587)|STATEMENT_EXECUTE|[1]
18:05:53.2 (337090897)|SYSTEM_METHOD_EXIT|[1]|Test
18:05:53.2 (337105454)|METHOD_ENTRY|[55]||System.Test.startTest()
18:05:53.2 (338704100)|METHOD_EXIT|[55]||System.Test.startTest()
18:05:53.2 (338720679)|STATEMENT_EXECUTE|[56]
18:05:53.2 (338780354)|HEAP_ALLOCATE|[56]|Bytes:4
18:05:53.2 (338948858)|VARIABLE_ASSIGNMENT|[56]|this.AccountId|"0011X00000oHyxdQAC"|0xe9c2c39
18:05:53.2 (339026793)|HEAP_ALLOCATE|[56]|Bytes:4
18:05:53.2 (339099726)|VARIABLE_ASSIGNMENT|[56]|this.EffectiveDate|"2021-04-01T00:00:00.000Z"|0xe9c2c39
18:05:53.2 (339159950)|VARIABLE_ASSIGNMENT|[56]|this.ContractId|"8001X000002WjwtQAC"|0xe9c2c39
18:05:53.2 (339181484)|VARIABLE_ASSIGNMENT|[56]|this.Status|"Draft"|0xe9c2c39
18:05:53.2 (339212095)|VARIABLE_ASSIGNMENT|[56]|this.Pricebook2Id|"01s1X000002dH5TQAU"|0xe9c2c39
18:05:53.2 (339233771)|HEAP_ALLOCATE|[56]|Bytes:28
18:05:53.2 (339263701)|VARIABLE_ASSIGNMENT|[56]|this.ShipmentCost__c|350|0xe9c2c39
18:05:53.2 (339292194)|VARIABLE_SCOPE_BEGIN|[56]|o1|Order|true|false
18:05:53.2 (339326958)|VARIABLE_ASSIGNMENT|[56]|o1|{"AccountId":"0011X00000oHyxdQAC","EffectiveDate":"2021-04-01T00:00:00.000Z","ContractId":"8001X000002WjwtQAC","Status":"Draft","Pricebook2Id":"01s1X000002dH5TQAU","ShipmentCost__c":350}|0xe9c2c39
18:05:53.2 (339336875)|STATEMENT_EXECUTE|[57]
18:05:53.2 (339359875)|HEAP_ALLOCATE|[57]|Bytes:8
18:05:53.2 (339369327)|DML_BEGIN|[57]|Op:Insert|Type:Order|Rows:1
18:05:53.2 (339407629)|HEAP_ALLOCATE|[EXTERNAL]|Bytes:8
18:05:53.2 (397354142)|DML_END|[57]
18:05:53.2 (397395421)|STATEMENT_EXECUTE|[58]
18:05:53.2 (397441706)|HEAP_ALLOCATE|[58]|Bytes:4
18:05:53.2 (397568644)|VARIABLE_ASSIGNMENT|[58]|this.AccountId|"0011X00000oHyxeQAC"|0xf3f9ffe
18:05:53.2 (397666227)|HEAP_ALLOCATE|[58]|Bytes:4
18:05:53.2 (397728715)|VARIABLE_ASSIGNMENT|[58]|this.EffectiveDate|"2021-04-01T00:00:00.000Z"|0xf3f9ffe
18:05:53.2 (397755415)|VARIABLE_ASSIGNMENT|[58]|this.ContractId|null|0xf3f9ffe
18:05:53.2 (397777661)|VARIABLE_ASSIGNMENT|[58]|this.Status|"Draft"|0xf3f9ffe
18:05:53.2 (397803638)|VARIABLE_ASSIGNMENT|[58]|this.Pricebook2Id|"01s1X000002dH5TQAU"|0xf3f9ffe
18:05:53.2 (397823190)|HEAP_ALLOCATE|[58]|Bytes:28
18:05:53.2 (397849578)|VARIABLE_ASSIGNMENT|[58]|this.ShipmentCost__c|650|0xf3f9ffe
18:05:53.2 (397894289)|VARIABLE_SCOPE_BEGIN|[58]|o2|Order|true|false
18:05:53.2 (397940970)|VARIABLE_ASSIGNMENT|[58]|o2|{"AccountId":"0011X00000oHyxeQAC","EffectiveDate":"2021-04-01T00:00:00.000Z","Status":"Draft","Pricebook2Id":"01s1X000002dH5TQAU","ShipmentCost__c":650}|0xf3f9ffe
18:05:53.2 (397951046)|STATEMENT_EXECUTE|[59]
18:05:53.2 (397975782)|HEAP_ALLOCATE|[59]|Bytes:8
18:05:53.2 (397984773)|DML_BEGIN|[59]|Op:Insert|Type:Order|Rows:1
18:05:53.2 (398029731)|HEAP_ALLOCATE|[EXTERNAL]|Bytes:8
18:05:53.2 (415610872)|DML_END|[59]
18:05:53.2 (415654735)|STATEMENT_EXECUTE|[61]
18:05:53.2 (415733591)|HEAP_ALLOCATE|[61]|Bytes:4
18:05:53.2 (415985272)|VARIABLE_ASSIGNMENT|[61]|this.OrderId|"8011X000002CvRUQA0"|0x60f8dfee
18:05:53.2 (416043823)|VARIABLE_ASSIGNMENT|[61]|this.PricebookEntryId|"01u1X00000YceH2QAJ"|0x60f8dfee
18:05:53.2 (416080232)|HEAP_ALLOCATE|[61]|Bytes:28
18:05:53.2 (416088380)|HEAP_ALLOCATE|[61]|Bytes:28
18:05:53.2 (416119782)|VARIABLE_ASSIGNMENT|[61]|this.Quantity|10|0x60f8dfee
18:05:53.2 (416134274)|HEAP_ALLOCATE|[61]|Bytes:28
18:05:53.2 (416159581)|VARIABLE_ASSIGNMENT|[61]|this.UnitPrice|150|0x60f8dfee
18:05:53.2 (416201350)|VARIABLE_SCOPE_BEGIN|[61]|oi1|OrderItem|true|false
18:05:53.2 (416243661)|VARIABLE_ASSIGNMENT|[61]|oi1|{"OrderId":"8011X000002CvRUQA0","PricebookEntryId":"01u1X00000YceH2QAJ","Quantity":10,"UnitPrice":150}|0x60f8dfee
18:05:53.2 (416254642)|STATEMENT_EXECUTE|[62]
18:05:53.2 (416292615)|HEAP_ALLOCATE|[62]|Bytes:8
18:05:53.2 (416303867)|DML_BEGIN|[62]|Op:Insert|Type:OrderItem|Rows:1
18:05:53.2 (416355513)|HEAP_ALLOCATE|[EXTERNAL]|Bytes:8
18:05:53.2 (477249167)|CODE_UNIT_STARTED|[EXTERNAL]|Workflow:Order
18:05:53.2 (481236551)|CODE_UNIT_FINISHED|Workflow:Order
18:05:53.2 (486638847)|DML_END|[62]
18:05:53.2 (486678672)|STATEMENT_EXECUTE|[63]
18:05:53.2 (486711993)|HEAP_ALLOCATE|[63]|Bytes:4
18:05:53.2 (486828261)|VARIABLE_ASSIGNMENT|[63]|this.OrderId|"8011X000002CvRUQA0"|0x3efc3af5
18:05:53.2 (486866127)|VARIABLE_ASSIGNMENT|[63]|this.PricebookEntryId|"01u1X00000YceH2QAJ"|0x3efc3af5
18:05:53.2 (486891931)|HEAP_ALLOCATE|[63]|Bytes:28
18:05:53.2 (486920556)|VARIABLE_ASSIGNMENT|[63]|this.Quantity|20|0x3efc3af5
18:05:53.2 (486932643)|HEAP_ALLOCATE|[63]|Bytes:28
18:05:53.2 (486955039)|VARIABLE_ASSIGNMENT|[63]|this.UnitPrice|1000|0x3efc3af5
18:05:53.2 (486998152)|VARIABLE_SCOPE_BEGIN|[63]|oi2|OrderItem|true|false
18:05:53.2 (487040506)|VARIABLE_ASSIGNMENT|[63]|oi2|{"OrderId":"8011X000002CvRUQA0","PricebookEntryId":"01u1X00000YceH2QAJ","Quantity":20,"UnitPrice":1000}|0x3efc3af5
18:05:53.2 (487053316)|STATEMENT_EXECUTE|[64]
18:05:53.2 (487089957)|HEAP_ALLOCATE|[64]|Bytes:8
18:05:53.2 (487100916)|DML_BEGIN|[64]|Op:Insert|Type:OrderItem|Rows:1
18:05:53.2 (487153330)|HEAP_ALLOCATE|[EXTERNAL]|Bytes:8
18:05:53.2 (533993479)|CODE_UNIT_STARTED|[EXTERNAL]|Workflow:Order
18:05:53.2 (534042988)|CODE_UNIT_FINISHED|Workflow:Order
18:05:53.2 (538731318)|DML_END|[64]
18:05:53.2 (538769091)|STATEMENT_EXECUTE|[66]
18:05:53.2 (538802059)|HEAP_ALLOCATE|[66]|Bytes:4
18:05:53.2 (538906205)|VARIABLE_ASSIGNMENT|[66]|this.OrderId|"8011X000002CvRVQA0"|0x3d876847
18:05:53.2 (538935505)|VARIABLE_ASSIGNMENT|[66]|this.PricebookEntryId|"01u1X00000YceH2QAJ"|0x3d876847
18:05:53.2 (538963688)|HEAP_ALLOCATE|[66]|Bytes:28
18:05:53.2 (538986014)|VARIABLE_ASSIGNMENT|[66]|this.Quantity|50|0x3d876847
18:05:53.2 (538995650)|HEAP_ALLOCATE|[66]|Bytes:28
18:05:53.2 (539012278)|VARIABLE_ASSIGNMENT|[66]|this.UnitPrice|150|0x3d876847
18:05:53.2 (539055486)|VARIABLE_SCOPE_BEGIN|[66]|o2i1|OrderItem|true|false
18:05:53.2 (539090829)|VARIABLE_ASSIGNMENT|[66]|o2i1|{"OrderId":"8011X000002CvRVQA0","PricebookEntryId":"01u1X00000YceH2QAJ","Quantity":50,"UnitPrice":150}|0x3d876847
18:05:53.2 (539099554)|STATEMENT_EXECUTE|[67]
18:05:53.2 (539130730)|HEAP_ALLOCATE|[67]|Bytes:8
18:05:53.2 (539139942)|DML_BEGIN|[67]|Op:Insert|Type:OrderItem|Rows:1
18:05:53.2 (539182856)|HEAP_ALLOCATE|[EXTERNAL]|Bytes:8
18:05:53.2 (571147020)|CODE_UNIT_STARTED|[EXTERNAL]|Workflow:Order
18:05:53.2 (571197949)|CODE_UNIT_FINISHED|Workflow:Order
18:05:53.2 (582870800)|DML_END|[67]
18:05:53.2 (582910222)|STATEMENT_EXECUTE|[68]
18:05:53.2 (582941673)|HEAP_ALLOCATE|[68]|Bytes:4
18:05:53.2 (583049773)|VARIABLE_ASSIGNMENT|[68]|this.OrderId|"8011X000002CvRVQA0"|0x131a1bd
18:05:53.2 (583103965)|VARIABLE_ASSIGNMENT|[68]|this.PricebookEntryId|"01u1X00000YceH2QAJ"|0x131a1bd
18:05:53.2 (583132216)|HEAP_ALLOCATE|[68]|Bytes:28
18:05:53.2 (583156104)|VARIABLE_ASSIGNMENT|[68]|this.Quantity|70|0x131a1bd
18:05:53.2 (583165134)|HEAP_ALLOCATE|[68]|Bytes:28
18:05:53.2 (583181903)|VARIABLE_ASSIGNMENT|[68]|this.UnitPrice|1000|0x131a1bd
18:05:53.2 (583225292)|VARIABLE_SCOPE_BEGIN|[68]|o2i2|OrderItem|true|false
18:05:53.2 (583259282)|VARIABLE_ASSIGNMENT|[68]|o2i2|{"OrderId":"8011X000002CvRVQA0","PricebookEntryId":"01u1X00000YceH2QAJ","Quantity":70,"UnitPrice":1000}|0x131a1bd
18:05:53.2 (583268140)|STATEMENT_EXECUTE|[69]
18:05:53.2 (583299252)|HEAP_ALLOCATE|[69]|Bytes:8
18:05:53.2 (583308369)|DML_BEGIN|[69]|Op:Insert|Type:OrderItem|Rows:1
18:05:53.2 (583348642)|HEAP_ALLOCATE|[EXTERNAL]|Bytes:8
18:05:53.2 (615405482)|CODE_UNIT_STARTED|[EXTERNAL]|Workflow:Order
18:05:53.2 (615472456)|CODE_UNIT_FINISHED|Workflow:Order
18:05:53.2 (619969837)|DML_END|[69]
18:05:53.2 (620007011)|STATEMENT_EXECUTE|[71]
18:05:53.2 (620073281)|HEAP_ALLOCATE|[71]|Bytes:4
18:05:53.2 (620204938)|VARIABLE_SCOPE_BEGIN|[71]|listo|List<Order>|true|false
18:05:53.2 (620222266)|HEAP_ALLOCATE|[EXTERNAL]|Bytes:4
18:05:53.2 (620246768)|VARIABLE_ASSIGNMENT|[71]|listo|[]|0x3b6ec00
18:05:53.2 (620255166)|STATEMENT_EXECUTE|[72]
18:05:53.2 (620308830)|HEAP_ALLOCATE|[EXTERNAL]|Bytes:4
18:05:53.2 (620320008)|STATEMENT_EXECUTE|[73]
18:05:53.2 (620335033)|HEAP_ALLOCATE|[EXTERNAL]|Bytes:4
18:05:53.2 (620343150)|STATEMENT_EXECUTE|[75]
18:05:53.2 (620404069)|DML_BEGIN|[75]|Op:Update|Type:Order|Rows:2
18:05:53.2 (620453992)|HEAP_ALLOCATE|[EXTERNAL]|Bytes:12
18:05:53.2 (646748715)|CODE_UNIT_STARTED|[EXTERNAL]|01q1X000001DsDr|UpdateAccountTurnover on Order trigger event AfterUpdate|__sfdc_trigger/UpdateAccountTurnover
18:05:53.2 (646816235)|HEAP_ALLOCATE|[EXTERNAL]|Bytes:12
18:05:53.2 (646879941)|HEAP_ALLOCATE|[EXTERNAL]|Bytes:12
18:05:53.2 (647018822)|HEAP_ALLOCATE|[EXTERNAL]|Bytes:16
18:05:53.2 (647032133)|VARIABLE_SCOPE_BEGIN|[1]|this|UpdateAccountTurnover|true|false
18:05:53.2 (647109174)|VARIABLE_ASSIGNMENT|[1]|this|{}|0x184dd846
18:05:53.2 (647140883)|HEAP_ALLOCATE|[EXTERNAL]|Bytes:16
18:05:53.2 (647148648)|VARIABLE_SCOPE_BEGIN|[1]|this|UpdateAccountTurnover|true|false
18:05:53.2 (647162334)|VARIABLE_ASSIGNMENT|[1]|this|{}|0x184dd846
18:05:53.2 (647174351)|STATEMENT_EXECUTE|[1]
18:05:53.2 (647177797)|STATEMENT_EXECUTE|[8]
18:05:53.2 (647206457)|HEAP_ALLOCATE|[8]|Bytes:4
18:05:53.2 (647365316)|VARIABLE_ASSIGNMENT|[8]|this.acntIds|[]|0x184dd846
18:05:53.2 (647373573)|STATEMENT_EXECUTE|[11]
18:05:53.2 (647408001)|HEAP_ALLOCATE|[11]|Bytes:4
18:05:53.2 (647496120)|HEAP_ALLOCATE|[EXTERNAL]|Bytes:4
18:05:53.2 (647506708)|VARIABLE_ASSIGNMENT|[11]|this.acntsToUpdate|[]|0x184dd846
18:05:53.2 (647524486)|STATEMENT_EXECUTE|[21]
18:05:53.2 (647700210)|HEAP_ALLOCATE|[22]|Bytes:5
18:05:53.2 (647732690)|VARIABLE_SCOPE_BEGIN|[22]|o|Order|true|false
18:05:53.2 (648352172)|VARIABLE_ASSIGNMENT|[22]|o|{"Status":"Draft","LastModifiedDate":"2021-04-10T16:05:54.000Z","IsDeleted":false,"AccountId":"0011X00000oHyxdQAC","OrderNumber":"00100100","ContractId":"8001X000002WjwtQAC","TotalAmount":21500.00,"StatusCode":"Draft","IsReductionOrder":false,"SystemModstamp":"2021-04-10T16:05:54.000Z","ShipmentCost__c":350,"OwnerId":"0051X000007SSFeQAO","CreatedById":"0051X000007SSFeQAO","CreatedDate":"2021-04-10T16:05:53.000Z","Pricebook2Id":"01s1X000002dH5TQAU","Id":"8011X000002CvRUQA0","LastModifiedById":"0051X000007SSFeQAO","EffectiveDate":"2021-04-01T00:00:00.000Z"}|0x56962dac
18:05:53.2 (648374087)|STATEMENT_EXECUTE|[22]
18:05:53.2 (648377534)|STATEMENT_EXECUTE|[23]
18:05:53.2 (648464356)|HEAP_ALLOCATE|[EXTERNAL]|Bytes:4
18:05:53.2 (648488369)|HEAP_ALLOCATE|[22]|Bytes:5
18:05:53.2 (648508934)|VARIABLE_SCOPE_BEGIN|[22]|o|Order|true|false
18:05:53.2 (648934413)|VARIABLE_ASSIGNMENT|[22]|o|{"Status":"Draft","LastModifiedDate":"2021-04-10T16:05:54.000Z","IsDeleted":false,"AccountId":"0011X00000oHyxeQAC","OrderNumber":"00100101","TotalAmount":77500.00,"StatusCode":"Draft","IsReductionOrder":false,"SystemModstamp":"2021-04-10T16:05:54.000Z","ShipmentCost__c":650,"OwnerId":"0051X000007SSFeQAO","CreatedById":"0051X000007SSFeQAO","CreatedDate":"2021-04-10T16:05:53.000Z","Pricebook2Id":"01s1X000002dH5TQAU","Id":"8011X000002CvRVQA0","LastModifiedById":"0051X000007SSFeQAO","EffectiveDate":"2021-04-01T00:00:00.000Z"}|0x206f50d0
18:05:53.2 (648949877)|STATEMENT_EXECUTE|[22]
18:05:53.2 (648953015)|STATEMENT_EXECUTE|[23]
18:05:53.2 (648973066)|HEAP_ALLOCATE|[EXTERNAL]|Bytes:4
18:05:53.2 (648989572)|HEAP_ALLOCATE|[22]|Bytes:5
18:05:53.2 (649005118)|VARIABLE_ASSIGNMENT|[22]|o|null|
18:05:53.2 (649022189)|STATEMENT_EXECUTE|[27]
18:05:53.2 (649078159)|HEAP_ALLOCATE|[28]|Bytes:5
18:05:53.2 (649093661)|VARIABLE_SCOPE_BEGIN|[28]|o|Order|true|false
18:05:53.2 (649513263)|VARIABLE_ASSIGNMENT|[28]|o|{"Status":"Draft","LastModifiedDate":"2021-04-10T16:05:54.000Z","IsDeleted":false,"AccountId":"0011X00000oHyxdQAC","OrderNumber":"00100100","ContractId":"8001X000002WjwtQAC","TotalAmount":21500.00,"StatusCode":"Draft","IsReductionOrder":false,"SystemModstamp":"2021-04-10T16:05:54.000Z","ShipmentCost__c":350,"OwnerId":"0051X000007SSFeQAO","CreatedById":"0051X000007SSFeQAO","CreatedDate":"2021-04-10T16:05:53.000Z","Pricebook2Id":"01s1X000002dH5TQAU","Id":"8011X000002CvRUQA0","LastModifiedById":"0051X000007SSFeQAO","EffectiveDate":"2021-04-01T00:00:00.000Z"}|0x6619b045
18:05:53.2 (649541387)|STATEMENT_EXECUTE|[28]
18:05:53.2 (649544996)|STATEMENT_EXECUTE|[29]
18:05:53.2 (649592289)|HEAP_ALLOCATE|[EXTERNAL]|Bytes:4
18:05:53.2 (649613267)|HEAP_ALLOCATE|[28]|Bytes:5
18:05:53.2 (649631386)|VARIABLE_SCOPE_BEGIN|[28]|o|Order|true|false
18:05:53.2 (650011830)|VARIABLE_ASSIGNMENT|[28]|o|{"Status":"Draft","LastModifiedDate":"2021-04-10T16:05:54.000Z","IsDeleted":false,"AccountId":"0011X00000oHyxeQAC","OrderNumber":"00100101","TotalAmount":77500.00,"StatusCode":"Draft","IsReductionOrder":false,"SystemModstamp":"2021-04-10T16:05:54.000Z","ShipmentCost__c":650,"OwnerId":"0051X000007SSFeQAO","CreatedById":"0051X000007SSFeQAO","CreatedDate":"2021-04-10T16:05:53.000Z","Pricebook2Id":"01s1X000002dH5TQAU","Id":"8011X000002CvRVQA0","LastModifiedById":"0051X000007SSFeQAO","EffectiveDate":"2021-04-01T00:00:00.000Z"}|0x5e1e36de
18:05:53.2 (650026957)|STATEMENT_EXECUTE|[28]
18:05:53.2 (650029979)|STATEMENT_EXECUTE|[29]
18:05:53.2 (650049585)|HEAP_ALLOCATE|[EXTERNAL]|Bytes:4
18:05:53.2 (650066480)|HEAP_ALLOCATE|[28]|Bytes:5
18:05:53.2 (650082136)|VARIABLE_ASSIGNMENT|[28]|o|null|
18:05:53.2 (650090076)|STATEMENT_EXECUTE|[34]
18:05:53.2 (650099786)|HEAP_ALLOCATE|[34]|Bytes:64
18:05:53.2 (650128247)|HEAP_ALLOCATE|[34]|Bytes:4
18:05:53.2 (650140247)|HEAP_ALLOCATE|[34]|Bytes:7
18:05:53.2 (650196867)|HEAP_ALLOCATE|[34]|Bytes:12
18:05:53.2 (650213681)|HEAP_ALLOCATE|[34]|Bytes:12
18:05:53.2 (650556797)|SOQL_EXECUTE_BEGIN|[34]|Aggregations:0|SELECT Id, Chiffre_d_affaire__c FROM Account WHERE Id = :tmpVar1
18:05:53.2 (658624661)|SOQL_EXECUTE_END|[34]|Rows:2
18:05:53.2 (658660601)|HEAP_ALLOCATE|[34]|Bytes:12
18:05:53.2 (658696532)|HEAP_ALLOCATE|[34]|Bytes:118
18:05:53.2 (658733127)|HEAP_ALLOCATE|[34]|Bytes:12
18:05:53.2 (658816248)|VARIABLE_ASSIGNMENT|[34]|this.acntsSource|[{"Id":"0011X00000oHyxdQAC","Chiffre_d_affaire__c":0},{"Id":"0011X00000oHyxeQAC"}]|0x184dd846
18:05:53.2 (658831011)|STATEMENT_EXECUTE|[49]
18:05:53.2 (658845271)|VARIABLE_SCOPE_BEGIN|[49]|i|Integer|false|false
18:05:53.2 (658856837)|HEAP_ALLOCATE|[49]|Bytes:4
18:05:53.2 (658868255)|VARIABLE_ASSIGNMENT|[49]|i|0
18:05:53.2 (658944781)|STATEMENT_EXECUTE|[49]
18:05:53.2 (658948092)|STATEMENT_EXECUTE|[50]
18:05:53.2 (658982594)|VARIABLE_SCOPE_BEGIN|[50]|newOrder|Order|true|false
18:05:53.2 (659477806)|VARIABLE_ASSIGNMENT|[50]|newOrder|{"Status":"Draft","LastModifiedDate":"2021-04-10T16:05:54.000Z","IsDeleted":false,"AccountId":"0011X00000oHyxdQAC","OrderNumber":"00100100","ContractId":"8001X000002WjwtQAC","TotalAmount":21500.00,"StatusCode":"Draft","IsReductionOrder":false,"SystemModstamp":"2021-04-10T16:05:54.000Z","ShipmentCost__c":350,"OwnerId":"0051X000007SSFeQAO","CreatedById":"0051X000007SSFeQAO","CreatedDate":"2021-04-10T16:05:53.000Z","Pricebook2Id":"01s1X000002dH5TQAU","Id":"8011X000002CvRUQA0","LastModifiedById":"0051X000007SSFeQAO","EffectiveDate":"2021-04-01T00:00:00.000Z"}|0x56962dac
18:05:53.2 (659633393)|HEAP_ALLOCATE|[52]|Bytes:5
18:05:53.2 (659654067)|HEAP_ALLOCATE|[52]|Bytes:12
18:05:53.2 (659664575)|VARIABLE_SCOPE_BEGIN|[52]|acc|Account|true|false
18:05:53.2 (659685226)|VARIABLE_ASSIGNMENT|[52]|acc|{"Id":"0011X00000oHyxdQAC","Chiffre_d_affaire__c":0}|0x45a34165
18:05:53.2 (659693517)|STATEMENT_EXECUTE|[52]
18:05:53.2 (659696503)|STATEMENT_EXECUTE|[54]
18:05:53.2 (659699112)|STATEMENT_EXECUTE|[54]
18:05:53.2 (659983406)|HEAP_ALLOCATE|[54]|Bytes:4
18:05:53.2 (660408726)|HEAP_ALLOCATE|[54]|Bytes:4
18:05:53.2 (719248662)|HEAP_DUMP|[55]|07n1X0000009FTG|UpdateAccountTurnover|none|55
18:05:53.2 (719312265)|STATEMENT_EXECUTE|[55]
18:05:53.2 (719377565)|HEAP_ALLOCATE|[55]|Bytes:28
18:05:53.2 (719518673)|HEAP_ALLOCATE|[55]|Bytes:28
18:05:53.2 (720139347)|VARIABLE_ASSIGNMENT|[55]|this.Chiffre_d_affaire__c|21500.00|0x45a34165
18:05:53.2 (720232655)|HEAP_ALLOCATE|[58]|Bytes:4
18:05:53.2 (720376015)|HEAP_ALLOCATE|[58]|Bytes:4
18:05:53.2 (760594546)|HEAP_DUMP|[61]|07n1X0000009FTH|UpdateAccountTurnover|none|61
18:05:53.2 (760621976)|STATEMENT_EXECUTE|[61]
18:05:53.2 (760725578)|HEAP_ALLOCATE|[EXTERNAL]|Bytes:4
18:05:53.2 (760758947)|HEAP_ALLOCATE|[52]|Bytes:5
18:05:53.2 (760784123)|HEAP_ALLOCATE|[52]|Bytes:8
18:05:53.2 (760798578)|VARIABLE_SCOPE_BEGIN|[52]|acc|Account|true|false
18:05:53.2 (760837410)|VARIABLE_ASSIGNMENT|[52]|acc|{"Id":"0011X00000oHyxeQAC"}|0x39915a80
18:05:53.2 (760849211)|STATEMENT_EXECUTE|[52]
18:05:53.2 (760852329)|STATEMENT_EXECUTE|[54]
18:05:53.2 (760854998)|STATEMENT_EXECUTE|[54]
18:05:53.2 (760858308)|STATEMENT_EXECUTE|[55]
18:05:53.2 (760947687)|HEAP_ALLOCATE|[55]|Bytes:41
18:05:53.2 (760976569)|VARIABLE_SCOPE_BEGIN|[57]|e|System.NullPointerException|true|false
18:05:53.2 (761284436)|VARIABLE_ASSIGNMENT|[57]|e|"common.apex.runtime.impl.ExecutionException: Attempt to de-reference a null object"|0x1ca9f02c
18:05:53.2 (761298262)|STATEMENT_EXECUTE|[57]
18:05:53.2 (761344596)|HEAP_ALLOCATE|[57]|Bytes:4
18:05:53.2 (761493864)|HEAP_ALLOCATE|[57]|Bytes:4
18:05:53.2 (789841571)|HEAP_DUMP|[58]|07n1X0000009FTI|UpdateAccountTurnover|none|58
18:05:53.2 (789869282)|STATEMENT_EXECUTE|[58]
18:05:53.2 (789908158)|HEAP_ALLOCATE|[58]|Bytes:28
18:05:53.2 (789917065)|HEAP_ALLOCATE|[58]|Bytes:28
18:05:53.2 (790016901)|HEAP_ALLOCATE|[58]|Bytes:28
18:05:53.2 (790103241)|HEAP_ALLOCATE|[58]|Bytes:-4
18:05:53.2 (790142132)|VARIABLE_ASSIGNMENT|[58]|this.Chiffre_d_affaire__c|21500.00|0x39915a80
18:05:53.2 (790154140)|STATEMENT_EXECUTE|[61]
18:05:53.2 (790179355)|HEAP_ALLOCATE|[EXTERNAL]|Bytes:4
18:05:53.2 (790202805)|HEAP_ALLOCATE|[52]|Bytes:5
18:05:53.2 (790225837)|VARIABLE_ASSIGNMENT|[52]|acc|null|
18:05:53.2 (790233153)|HEAP_ALLOCATE|[49]|Bytes:4
18:05:53.2 (790242661)|VARIABLE_ASSIGNMENT|[49]|i|1
18:05:53.2 (790288311)|STATEMENT_EXECUTE|[49]
18:05:53.2 (790291659)|STATEMENT_EXECUTE|[50]
18:05:53.2 (790315502)|VARIABLE_SCOPE_BEGIN|[50]|newOrder|Order|true|false
18:05:53.2 (790916813)|VARIABLE_ASSIGNMENT|[50]|newOrder|{"Status":"Draft","LastModifiedDate":"2021-04-10T16:05:54.000Z","IsDeleted":false,"AccountId":"0011X00000oHyxeQAC","OrderNumber":"00100101","TotalAmount":77500.00,"StatusCode":"Draft","IsReductionOrder":false,"SystemModstamp":"2021-04-10T16:05:54.000Z","ShipmentCost__c":650,"OwnerId":"0051X000007SSFeQAO","CreatedById":"0051X000007SSFeQAO","CreatedDate":"2021-04-10T16:05:53.000Z","Pricebook2Id":"01s1X000002dH5TQAU","Id":"8011X000002CvRVQA0","LastModifiedById":"0051X000007SSFeQAO","EffectiveDate":"2021-04-01T00:00:00.000Z"}|0x206f50d0
18:05:53.2 (791021623)|HEAP_ALLOCATE|[52]|Bytes:5
18:05:53.2 (791046998)|HEAP_ALLOCATE|[52]|Bytes:12
18:05:53.2 (791057539)|VARIABLE_SCOPE_BEGIN|[52]|acc|Account|true|false
18:05:53.2 (791080813)|VARIABLE_ASSIGNMENT|[52]|acc|{"Id":"0011X00000oHyxdQAC","Chiffre_d_affaire__c":21500.00}|0x45a34165
18:05:53.2 (791090409)|STATEMENT_EXECUTE|[52]
18:05:53.2 (791093506)|STATEMENT_EXECUTE|[54]
18:05:53.2 (791096176)|STATEMENT_EXECUTE|[54]
18:05:53.2 (791099489)|STATEMENT_EXECUTE|[55]
18:05:53.2 (791116075)|HEAP_ALLOCATE|[55]|Bytes:28
18:05:53.2 (791144057)|HEAP_ALLOCATE|[55]|Bytes:28
18:05:53.2 (791209688)|VARIABLE_ASSIGNMENT|[55]|this.Chiffre_d_affaire__c|99000.00|0x45a34165
18:05:53.2 (791223598)|STATEMENT_EXECUTE|[61]
18:05:53.2 (791244988)|HEAP_ALLOCATE|[EXTERNAL]|Bytes:4
18:05:53.2 (791262316)|HEAP_ALLOCATE|[52]|Bytes:5
18:05:53.2 (791275449)|HEAP_ALLOCATE|[52]|Bytes:12
18:05:53.2 (791283629)|VARIABLE_SCOPE_BEGIN|[52]|acc|Account|true|false
18:05:53.2 (791301332)|VARIABLE_ASSIGNMENT|[52]|acc|{"Id":"0011X00000oHyxeQAC","Chiffre_d_affaire__c":21500.00}|0x39915a80
18:05:53.2 (791307920)|STATEMENT_EXECUTE|[52]
18:05:53.2 (791310751)|STATEMENT_EXECUTE|[54]
18:05:53.2 (791313329)|STATEMENT_EXECUTE|[54]
18:05:53.2 (791316016)|STATEMENT_EXECUTE|[55]
18:05:53.2 (791326172)|HEAP_ALLOCATE|[55]|Bytes:28
18:05:53.2 (791348842)|HEAP_ALLOCATE|[55]|Bytes:28
18:05:53.2 (791404729)|VARIABLE_ASSIGNMENT|[55]|this.Chiffre_d_affaire__c|99000.00|0x39915a80
18:05:53.2 (791413040)|STATEMENT_EXECUTE|[61]
18:05:53.2 (791433023)|HEAP_ALLOCATE|[EXTERNAL]|Bytes:4
18:05:53.2 (791448021)|HEAP_ALLOCATE|[52]|Bytes:5
18:05:53.2 (791462424)|VARIABLE_ASSIGNMENT|[52]|acc|null|
18:05:53.2 (791468754)|HEAP_ALLOCATE|[49]|Bytes:4
18:05:53.2 (791477666)|VARIABLE_ASSIGNMENT|[49]|i|2
18:05:53.2 (791542532)|HEAP_ALLOCATE|[49]|Bytes:4
18:05:53.2 (791674234)|HEAP_ALLOCATE|[49]|Bytes:4
18:05:53.2 (823571757)|HEAP_DUMP|[66]|07n1X0000009FTJ|UpdateAccountTurnover|none|66
18:05:53.2 (823600685)|STATEMENT_EXECUTE|[66]
18:05:53.2 (823705016)|DML_BEGIN|[66]|Op:Update|Type:Account|Rows:4
18:05:53.2 (823757256)|HEAP_ALLOCATE|[EXTERNAL]|Bytes:20
18:05:53.2 (824153135)|EXCEPTION_THROWN|[66]|System.ListException: Duplicate id in list: 0011X00000oHyxdQAC
18:05:53.2 (824179382)|DML_END|[66]
18:05:53.2 (824912265)|HEAP_ALLOCATE|[66]|Bytes:44
18:05:53.2 (825059704)|FATAL_ERROR|System.ListException: Duplicate id in list: 0011X00000oHyxdQAC

Trigger.UpdateAccountTurnover: line 66, column 1
18:05:53.2 (825089282)|FATAL_ERROR|System.ListException: Duplicate id in list: 0011X00000oHyxdQAC

Trigger.UpdateAccountTurnover: line 66, column 1
18:05:53.825 (825146921)|CUMULATIVE_LIMIT_USAGE
18:05:53.825 (825146921)|LIMIT_USAGE_FOR_NS|(default)|
  Number of SOQL queries: 1 out of 100
  Number of query rows: 1 out of 50000
  Number of SOSL queries: 0 out of 20
  Number of DML statements: 7 out of 150
  Number of Publish Immediate DML: 0 out of 150
  Number of DML rows: 7 out of 10000
  Maximum CPU time: 0 out of 10000
  Maximum heap size: 0 out of 6000000
  Number of callouts: 0 out of 100
  Number of Email Invocations: 0 out of 10
  Number of future calls: 0 out of 50
  Number of queueable jobs added to the queue: 0 out of 50
  Number of Mobile Apex push calls: 0 out of 10

18:05:53.825 (825146921)|TESTING_LIMITS
18:05:53.825 (825146921)|LIMIT_USAGE_FOR_NS|(default)|
  Number of SOQL queries: 1 out of 100
  Number of query rows: 2 out of 50000
  Number of SOSL queries: 0 out of 20
  Number of DML statements: 8 out of 150
  Number of Publish Immediate DML: 0 out of 150
  Number of DML rows: 12 out of 10000
  Maximum CPU time: 0 out of 10000
  Maximum heap size: 0 out of 6000000
  Number of callouts: 0 out of 100
  Number of Email Invocations: 0 out of 10
  Number of future calls: 0 out of 50
  Number of queueable jobs added to the queue: 0 out of 50
  Number of Mobile Apex push calls: 0 out of 10

18:05:53.825 (825146921)|CUMULATIVE_LIMIT_USAGE_END

18:05:53.2 (826244399)|CODE_UNIT_FINISHED|UpdateAccountTurnover on Order trigger event AfterUpdate|__sfdc_trigger/UpdateAccountTurnover
18:05:53.2 (931614780)|DML_END|[75]
18:05:53.2 (931694992)|EXCEPTION_THROWN|[75]|System.DmlException: Update failed. First exception on row 0 with id 8011X000002CvRUQA0; first error: CANNOT_INSERT_UPDATE_ACTIVATE_ENTITY, UpdateAccountTurnover: execution of AfterUpdate

caused by: System.ListException: Duplicate id in list: 0011X00000oHyxdQAC

Trigger.UpdateAccountTurnover: line 66, column 1: []
18:05:53.2 (932235827)|HEAP_ALLOCATE|[75]|Bytes:299
18:05:53.2 (932309197)|FATAL_ERROR|System.DmlException: Update failed. First exception on row 0 with id 8011X000002CvRUQA0; first error: CANNOT_INSERT_UPDATE_ACTIVATE_ENTITY, UpdateAccountTurnover: execution of AfterUpdate

caused by: System.ListException: Duplicate id in list: 0011X00000oHyxdQAC

Trigger.UpdateAccountTurnover: line 66, column 1: []

Class.TestUpdateAccountTurnover.should_aggregate_two_orders_on_account: line 75, column 1
18:05:53.2 (932327529)|FATAL_ERROR|System.DmlException: Update failed. First exception on row 0 with id 8011X000002CvRUQA0; first error: CANNOT_INSERT_UPDATE_ACTIVATE_ENTITY, UpdateAccountTurnover: execution of AfterUpdate

caused by: System.ListException: Duplicate id in list: 0011X00000oHyxdQAC

Trigger.UpdateAccountTurnover: line 66, column 1: []

Class.TestUpdateAccountTurnover.should_aggregate_two_orders_on_account: line 75, column 1
18:05:53.932 (932361668)|CUMULATIVE_LIMIT_USAGE
18:05:53.932 (932361668)|LIMIT_USAGE_FOR_NS|(default)|
  Number of SOQL queries: 1 out of 100
  Number of query rows: 1 out of 50000
  Number of SOSL queries: 0 out of 20
  Number of DML statements: 7 out of 150
  Number of Publish Immediate DML: 0 out of 150
  Number of DML rows: 7 out of 10000
  Maximum CPU time: 0 out of 10000
  Maximum heap size: 0 out of 6000000
  Number of callouts: 0 out of 100
  Number of Email Invocations: 0 out of 10
  Number of future calls: 0 out of 50
  Number of queueable jobs added to the queue: 0 out of 50
  Number of Mobile Apex push calls: 0 out of 10

18:05:53.932 (932361668)|TESTING_LIMITS
18:05:53.932 (932361668)|LIMIT_USAGE_FOR_NS|(default)|
  Number of SOQL queries: 0 out of 100
  Number of query rows: 0 out of 50000
  Number of SOSL queries: 0 out of 20
  Number of DML statements: 7 out of 150
  Number of Publish Immediate DML: 0 out of 150
  Number of DML rows: 8 out of 10000
  Maximum CPU time: 0 out of 10000
  Maximum heap size: 0 out of 6000000
  Number of callouts: 0 out of 100
  Number of Email Invocations: 0 out of 10
  Number of future calls: 0 out of 50
  Number of queueable jobs added to the queue: 0 out of 50
  Number of Mobile Apex push calls: 0 out of 10

18:05:53.932 (932361668)|CUMULATIVE_LIMIT_USAGE_END

18:05:53.2 (932415319)|CODE_UNIT_FINISHED|TestUpdateAccountTurnover.should_aggregate_two_orders_on_account()
18:05:53.2 (932431370)|EXECUTION_FINISHED
18:05:54.166 (1166059955)|USER_INFO|[EXTERNAL]|0051X000007SSFe|test-in7nqa4fsmgt@example.com|(GMT+02:00) Central European Summer Time (Europe/Paris)|GMT+02:00
18:05:54.166 (1166093279)|EXECUTION_STARTED
18:05:54.166 (1166100831)|CODE_UNIT_STARTED|[EXTERNAL]|DuplicateDetector
18:05:54.166 (1166120600)|DUPLICATE_DETECTION_BEGIN
18:05:54.166 (1166406798)|DUPLICATE_DETECTION_RULE_INVOCATION|DuplicateRuleId:0Bm1X000002PzvU|DuplicateRuleName:Standard Account Duplicate Rule|DmlType:INSERT
18:05:54.166 (1179709701)|DUPLICATE_DETECTION_END
18:05:54.166 (1179728908)|CODE_UNIT_FINISHED|DuplicateDetector
18:05:54.166 (1179747811)|EXECUTION_FINISHED
