51.0 APEX_CODE,FINEST;APEX_PROFILING,INFO;CALLOUT,INFO;DB,INFO;NBA,INFO;SYSTEM,DEBUG;VALIDATION,INFO;VISUALFORCE,FINER;WAVE,INFO;WORKFLOW,INFO
18:01:07.2 (2692648)|USER_INFO|[EXTERNAL]|0051X000007SSFe|test-in7nqa4fsmgt@example.com|(GMT+02:00) Central European Summer Time (Europe/Paris)|GMT+02:00
18:01:07.2 (2772881)|EXECUTION_STARTED
18:01:07.2 (2788284)|CODE_UNIT_STARTED|[EXTERNAL]|01p1X000005rXLM|TestUpdateAccountTurnover.should_aggregate_two_orders_on_account()
18:01:07.2 (3094624)|HEAP_ALLOCATE|[79]|Bytes:3
18:01:07.2 (3187509)|HEAP_ALLOCATE|[84]|Bytes:152
18:01:07.2 (3202881)|HEAP_ALLOCATE|[399]|Bytes:408
18:01:07.2 (3217518)|HEAP_ALLOCATE|[412]|Bytes:408
18:01:07.2 (3230362)|HEAP_ALLOCATE|[520]|Bytes:48
18:01:07.2 (3268755)|HEAP_ALLOCATE|[139]|Bytes:6
18:01:07.2 (3289602)|HEAP_ALLOCATE|[EXTERNAL]|Bytes:157
18:01:07.2 (3316989)|METHOD_ENTRY|[2]|01p1X000005rXLM|TestUpdateAccountTurnover.TestUpdateAccountTurnover()
18:01:07.2 (3345294)|STATEMENT_EXECUTE|[2]
18:01:07.2 (3360924)|STATEMENT_EXECUTE|[2]
18:01:07.2 (3370397)|METHOD_EXIT|[2]|TestUpdateAccountTurnover
18:01:07.2 (3410079)|HEAP_ALLOCATE|[52]|Bytes:5
18:01:07.2 (3452032)|HEAP_ALLOCATE|[58]|Bytes:5
18:01:07.2 (3464327)|HEAP_ALLOCATE|[66]|Bytes:7
18:01:07.2 (3523103)|STATEMENT_EXECUTE|[4]
18:01:07.2 (3528002)|STATEMENT_EXECUTE|[5]
18:01:07.2 (3590308)|HEAP_ALLOCATE|[5]|Bytes:4
18:01:07.2 (3682888)|HEAP_ALLOCATE|[5]|Bytes:14
18:01:07.2 (3825757)|VARIABLE_ASSIGNMENT|[5]|this.Name|"Test Account 1"|0x23a7bf30
18:01:07.2 (3876378)|HEAP_ALLOCATE|[5]|Bytes:28
18:01:07.2 (3884096)|HEAP_ALLOCATE|[5]|Bytes:28
18:01:07.2 (3932125)|VARIABLE_ASSIGNMENT|[5]|this.Chiffre_d_affaire__c|0|0x23a7bf30
18:01:07.2 (3989973)|VARIABLE_SCOPE_BEGIN|[5]|acc1|Account|true|false
18:01:07.2 (4045033)|VARIABLE_ASSIGNMENT|[5]|acc1|{"Name":"Test Account 1","Chiffre_d_affaire__c":0}|0x23a7bf30
18:01:07.2 (4058224)|STATEMENT_EXECUTE|[6]
18:01:07.2 (4115363)|HEAP_ALLOCATE|[6]|Bytes:8
18:01:07.2 (4135874)|DML_BEGIN|[6]|Op:Insert|Type:Account|Rows:1
18:01:07.2 (4191828)|HEAP_ALLOCATE|[EXTERNAL]|Bytes:8
18:01:07.2 (28918688)|CODE_UNIT_STARTED|[EXTERNAL]|DuplicateDetector
18:01:07.2 (28979158)|DUPLICATE_DETECTION_BEGIN
18:01:07.2 (31965262)|DUPLICATE_DETECTION_RULE_INVOCATION|DuplicateRuleId:0Bm1X000002PzvU|DuplicateRuleName:Standard Account Duplicate Rule|DmlType:INSERT
18:01:07.2 (73404025)|DUPLICATE_DETECTION_MATCH_INVOCATION_DETAILS|EntityType:Account|ActionTaken:Allow_[Alert,Report]|DuplicateRecordIds:
18:01:07.2 (73439684)|DUPLICATE_DETECTION_MATCH_INVOCATION_SUMMARY|EntityType:Account|NumRecordsToBeSaved:1|NumRecordsToBeSavedWithDuplicates:0|NumDuplicateRecordsFound:0
18:01:07.2 (73647598)|DUPLICATE_DETECTION_END
18:01:07.2 (73662407)|CODE_UNIT_FINISHED|DuplicateDetector
18:01:07.2 (146603746)|DML_END|[6]
18:01:07.2 (146656148)|STATEMENT_EXECUTE|[8]
18:01:07.2 (146692823)|HEAP_ALLOCATE|[8]|Bytes:4
18:01:07.2 (146810383)|VARIABLE_ASSIGNMENT|[8]|this.Name|"Test Account 1"|0x756d8755
18:01:07.2 (146869569)|VARIABLE_SCOPE_BEGIN|[8]|acc2|Account|true|false
18:01:07.2 (146900359)|VARIABLE_ASSIGNMENT|[8]|acc2|{"Name":"Test Account 1"}|0x756d8755
18:01:07.2 (146909618)|STATEMENT_EXECUTE|[9]
18:01:07.2 (146943662)|HEAP_ALLOCATE|[9]|Bytes:8
18:01:07.2 (146953070)|DML_BEGIN|[9]|Op:Insert|Type:Account|Rows:1
18:01:07.2 (147031798)|HEAP_ALLOCATE|[EXTERNAL]|Bytes:8
18:01:07.2 (149196091)|CODE_UNIT_STARTED|[EXTERNAL]|DuplicateDetector
18:01:07.2 (149222806)|DUPLICATE_DETECTION_BEGIN
18:01:07.2 (149270161)|DUPLICATE_DETECTION_RULE_INVOCATION|DuplicateRuleId:0Bm1X000002PzvU|DuplicateRuleName:Standard Account Duplicate Rule|DmlType:INSERT
18:01:07.2 (162919678)|DUPLICATE_DETECTION_MATCH_INVOCATION_DETAILS|EntityType:Account|ActionTaken:Allow_[Alert,Report]|DuplicateRecordIds:
18:01:07.2 (162968710)|DUPLICATE_DETECTION_MATCH_INVOCATION_SUMMARY|EntityType:Account|NumRecordsToBeSaved:1|NumRecordsToBeSavedWithDuplicates:0|NumDuplicateRecordsFound:0
18:01:07.2 (163168117)|DUPLICATE_DETECTION_END
18:01:07.2 (163184386)|CODE_UNIT_FINISHED|DuplicateDetector
18:01:07.2 (181017856)|DML_END|[9]
18:01:07.2 (181066012)|STATEMENT_EXECUTE|[11]
18:01:07.2 (181150185)|HEAP_ALLOCATE|[11]|Bytes:4
18:01:07.2 (181285909)|HEAP_ALLOCATE|[11]|Bytes:24
18:01:07.2 (181386709)|VARIABLE_ASSIGNMENT|[11]|this.Name|"Chemise Verte longue (4 more) ..."|0x3ffc5719
18:01:07.2 (181397704)|HEAP_ALLOCATE|[11]|Bytes:7
18:01:07.2 (181420037)|VARIABLE_ASSIGNMENT|[11]|this.Family|"Chemise"|0x3ffc5719
18:01:07.2 (181459043)|VARIABLE_SCOPE_BEGIN|[11]|pd1|Product2|true|false
18:01:07.2 (181491107)|VARIABLE_ASSIGNMENT|[11]|pd1|{"Name":"Chemise Verte longue (4 more) ...","Family":"Chemise"}|0x3ffc5719
18:01:07.2 (181500327)|STATEMENT_EXECUTE|[12]
18:01:07.2 (181532415)|HEAP_ALLOCATE|[12]|Bytes:8
18:01:07.2 (181541987)|DML_BEGIN|[12]|Op:Insert|Type:Product2|Rows:1
18:01:07.2 (181582889)|HEAP_ALLOCATE|[EXTERNAL]|Bytes:8
18:01:07.2 (214479707)|DML_END|[12]
18:01:07.2 (214528393)|STATEMENT_EXECUTE|[15]
18:01:07.2 (214594456)|HEAP_ALLOCATE|[15]|Bytes:4
18:01:07.2 (214689441)|HEAP_ALLOCATE|[15]|Bytes:10
18:01:07.2 (214760233)|VARIABLE_ASSIGNMENT|[15]|this.Name|"Test PB001"|0x46249f29
18:01:07.2 (214772595)|HEAP_ALLOCATE|[15]|Bytes:15
18:01:07.2 (214797899)|VARIABLE_ASSIGNMENT|[15]|this.Description|"Test PB001 Desc"|0x46249f29
18:01:07.2 (214826244)|VARIABLE_ASSIGNMENT|[15]|this.IsActive|true|0x46249f29
18:01:07.2 (214886751)|VARIABLE_SCOPE_BEGIN|[15]|pb|Pricebook2|true|false
18:01:07.2 (214924914)|VARIABLE_ASSIGNMENT|[15]|pb|{"Name":"Test PB001","Description":"Test PB001 Desc","IsActive":true}|0x46249f29
18:01:07.2 (214938043)|STATEMENT_EXECUTE|[16]
18:01:07.2 (214977345)|HEAP_ALLOCATE|[16]|Bytes:8
18:01:07.2 (214990080)|DML_BEGIN|[16]|Op:Insert|Type:Pricebook2|Rows:1
18:01:07.2 (215031498)|HEAP_ALLOCATE|[EXTERNAL]|Bytes:8
18:01:07.2 (347588908)|DML_END|[16]
18:01:07.2 (347627870)|STATEMENT_EXECUTE|[19]
18:01:07.2 (347638161)|HEAP_ALLOCATE|[19]|Bytes:49
18:01:07.2 (347681267)|HEAP_ALLOCATE|[19]|Bytes:4
18:01:07.2 (348049204)|SOQL_EXECUTE_BEGIN|[19]|Aggregations:0|SELECT Id FROM Pricebook2 WHERE isStandard = TRUE
18:01:07.2 (366398226)|SOQL_EXECUTE_END|[19]|Rows:1
18:01:07.2 (366458418)|HEAP_ALLOCATE|[19]|Bytes:8
18:01:07.2 (366507463)|HEAP_ALLOCATE|[19]|Bytes:29
18:01:07.2 (366641954)|HEAP_ALLOCATE|[19]|Bytes:8
18:01:07.2 (366665052)|HEAP_ALLOCATE|[19]|Bytes:36
18:01:07.2 (366753309)|HEAP_ALLOCATE|[19]|Bytes:8
18:01:07.2 (366771279)|VARIABLE_SCOPE_BEGIN|[19]|standardPB|Pricebook2|true|false
18:01:07.2 (366833328)|VARIABLE_ASSIGNMENT|[19]|standardPB|{"Id":"01s1X000002dEQuQAM"}|0x73fd8708
18:01:07.2 (366855528)|STATEMENT_EXECUTE|[20]
18:01:07.2 (366862731)|HEAP_ALLOCATE|[20]|Bytes:20
18:01:07.2 (367046636)|HEAP_ALLOCATE|[20]|Bytes:18
18:01:07.2 (367100240)|HEAP_ALLOCATE|[20]|Bytes:38
18:01:07.2 (367262436)|USER_DEBUG|[20]|DEBUG|Value of standardPB>01s1X000002dEQuQAM
18:01:07.2 (367291049)|STATEMENT_EXECUTE|[22]
18:01:07.2 (367376771)|HEAP_ALLOCATE|[22]|Bytes:4
18:01:07.2 (367577127)|VARIABLE_ASSIGNMENT|[22]|this.Pricebook2Id|"01s1X000002dEQuQAM"|0x1a5a244d
18:01:07.2 (367656775)|VARIABLE_ASSIGNMENT|[22]|this.Product2Id|"01t1X000006rqWPQAY"|0x1a5a244d
18:01:07.2 (367683665)|HEAP_ALLOCATE|[22]|Bytes:28
18:01:07.2 (367728532)|VARIABLE_ASSIGNMENT|[22]|this.UnitPrice|1000|0x1a5a244d
18:01:07.2 (367767401)|VARIABLE_ASSIGNMENT|[22]|this.IsActive|true|0x1a5a244d
18:01:07.2 (367816819)|VARIABLE_SCOPE_BEGIN|[22]|standardPBE|PricebookEntry|true|false
18:01:07.2 (367864854)|VARIABLE_ASSIGNMENT|[22]|standardPBE|{"Pricebook2Id":"01s1X000002dEQuQAM","Product2Id":"01t1X000006rqWPQAY","UnitPrice":1000,"IsActive":true}|0x1a5a244d
18:01:07.2 (367882864)|STATEMENT_EXECUTE|[23]
18:01:07.2 (367915852)|HEAP_ALLOCATE|[23]|Bytes:8
18:01:07.2 (367929216)|DML_BEGIN|[23]|Op:Insert|Type:PricebookEntry|Rows:1
18:01:07.2 (367996183)|HEAP_ALLOCATE|[EXTERNAL]|Bytes:8
18:01:07.2 (394224488)|DML_END|[23]
18:01:07.2 (394299090)|STATEMENT_EXECUTE|[27]
18:01:07.2 (394337931)|HEAP_ALLOCATE|[27]|Bytes:4
18:01:07.2 (394459957)|VARIABLE_ASSIGNMENT|[27]|this.Pricebook2Id|"01s1X000002dH5SQAU"|0x2c62d050
18:01:07.2 (394543546)|VARIABLE_ASSIGNMENT|[27]|this.Product2Id|"01t1X000006rqWPQAY"|0x2c62d050
18:01:07.2 (394573975)|HEAP_ALLOCATE|[27]|Bytes:28
18:01:07.2 (394613635)|VARIABLE_ASSIGNMENT|[27]|this.UnitPrice|1020|0x2c62d050
18:01:07.2 (394651680)|VARIABLE_ASSIGNMENT|[27]|this.UseStandardPrice|false|0x2c62d050
18:01:07.2 (394686968)|VARIABLE_ASSIGNMENT|[27]|this.IsActive|true|0x2c62d050
18:01:07.2 (394742526)|VARIABLE_SCOPE_BEGIN|[27]|pbe|PricebookEntry|true|false
18:01:07.2 (394796904)|VARIABLE_ASSIGNMENT|[27]|pbe|{"Pricebook2Id":"01s1X000002dH5SQAU","Product2Id":"01t1X000006rqWPQAY","UnitPrice":1020,"UseStandardPrice":false,"IsActive":true}|0x2c62d050
18:01:07.2 (394815514)|STATEMENT_EXECUTE|[34]
18:01:07.2 (394865334)|HEAP_ALLOCATE|[34]|Bytes:8
18:01:07.2 (394896670)|DML_BEGIN|[34]|Op:Insert|Type:PricebookEntry|Rows:1
18:01:07.2 (394978258)|HEAP_ALLOCATE|[EXTERNAL]|Bytes:8
18:01:07.2 (408259777)|DML_END|[34]
18:01:07.2 (408304814)|STATEMENT_EXECUTE|[37]
18:01:07.2 (408375530)|HEAP_ALLOCATE|[37]|Bytes:4
18:01:07.2 (408647937)|VARIABLE_ASSIGNMENT|[37]|this.AccountId|"0011X00000oHyxbQAC"|0x227fa4e5
18:01:07.2 (408671595)|HEAP_ALLOCATE|[39]|Bytes:5
18:01:07.2 (408723091)|VARIABLE_ASSIGNMENT|[37]|this.Status|"Draft"|0x227fa4e5
18:01:07.2 (408854138)|HEAP_ALLOCATE|[40]|Bytes:4
18:01:07.2 (408996334)|VARIABLE_ASSIGNMENT|[37]|this.StartDate|"2021-04-01T00:00:00.000Z"|0x227fa4e5
18:01:07.2 (409056169)|VARIABLE_ASSIGNMENT|[37]|this.ContractTerm|24|0x227fa4e5
18:01:07.2 (409116780)|VARIABLE_SCOPE_BEGIN|[37]|ctrct|Contract|true|false
18:01:07.2 (409177487)|VARIABLE_ASSIGNMENT|[37]|ctrct|{"AccountId":"0011X00000oHyxbQAC","Status":"Draft","StartDate":"2021-04-01T00:00:00.000Z","ContractTerm":24}|0x227fa4e5
18:01:07.2 (409195942)|STATEMENT_EXECUTE|[44]
18:01:07.2 (409230445)|HEAP_ALLOCATE|[44]|Bytes:8
18:01:07.2 (409246483)|DML_BEGIN|[44]|Op:Insert|Type:Contract|Rows:1
18:01:07.2 (409312058)|HEAP_ALLOCATE|[EXTERNAL]|Bytes:8
18:01:07.2 (479793664)|DML_END|[44]
18:01:07.2 (479834766)|STATEMENT_EXECUTE|[47]
18:01:07.2 (479863069)|HEAP_ALLOCATE|[47]|Bytes:4
18:01:07.2 (479974973)|VARIABLE_ASSIGNMENT|[47]|this.AccountId|"0011X00000oHyxcQAC"|0x14c2e312
18:01:07.2 (480006317)|VARIABLE_ASSIGNMENT|[47]|this.Status|"Draft"|0x14c2e312
18:01:07.2 (480098671)|HEAP_ALLOCATE|[50]|Bytes:4
18:01:07.2 (480162260)|VARIABLE_ASSIGNMENT|[47]|this.StartDate|"2021-04-01T00:00:00.000Z"|0x14c2e312
18:01:07.2 (480190896)|VARIABLE_ASSIGNMENT|[47]|this.ContractTerm|24|0x14c2e312
18:01:07.2 (480233545)|VARIABLE_SCOPE_BEGIN|[47]|ctrct2|Contract|true|false
18:01:07.2 (480278612)|VARIABLE_ASSIGNMENT|[47]|ctrct2|{"AccountId":"0011X00000oHyxcQAC","Status":"Draft","StartDate":"2021-04-01T00:00:00.000Z","ContractTerm":24}|0x14c2e312
18:01:07.2 (480288862)|STATEMENT_EXECUTE|[55]
18:01:07.2 (480356604)|HEAP_ALLOCATE|[55]|Bytes:74
18:01:07.2 (480388230)|SYSTEM_METHOD_ENTRY|[1]|Test.Test()
18:01:07.2 (480395513)|STATEMENT_EXECUTE|[1]
18:01:07.2 (480405971)|SYSTEM_METHOD_EXIT|[1]|Test
18:01:07.2 (480427497)|METHOD_ENTRY|[55]||System.Test.startTest()
18:01:07.2 (481955117)|METHOD_EXIT|[55]||System.Test.startTest()
18:01:07.2 (481976575)|STATEMENT_EXECUTE|[56]
18:01:07.2 (482035626)|HEAP_ALLOCATE|[56]|Bytes:4
18:01:07.2 (482224244)|VARIABLE_ASSIGNMENT|[56]|this.AccountId|"0011X00000oHyxbQAC"|0x671c51b0
18:01:07.2 (482292519)|HEAP_ALLOCATE|[56]|Bytes:4
18:01:07.2 (482351029)|VARIABLE_ASSIGNMENT|[56]|this.EffectiveDate|"2021-04-01T00:00:00.000Z"|0x671c51b0
18:01:07.2 (482411994)|VARIABLE_ASSIGNMENT|[56]|this.ContractId|"8001X000002WjwsQAC"|0x671c51b0
18:01:07.2 (482439323)|VARIABLE_ASSIGNMENT|[56]|this.Status|"Draft"|0x671c51b0
18:01:07.2 (482486019)|VARIABLE_ASSIGNMENT|[56]|this.Pricebook2Id|"01s1X000002dH5SQAU"|0x671c51b0
18:01:07.2 (482509135)|HEAP_ALLOCATE|[56]|Bytes:28
18:01:07.2 (482540593)|VARIABLE_ASSIGNMENT|[56]|this.ShipmentCost__c|350|0x671c51b0
18:01:07.2 (482576042)|VARIABLE_SCOPE_BEGIN|[56]|o1|Order|true|false
18:01:07.2 (482622759)|VARIABLE_ASSIGNMENT|[56]|o1|{"AccountId":"0011X00000oHyxbQAC","EffectiveDate":"2021-04-01T00:00:00.000Z","ContractId":"8001X000002WjwsQAC","Status":"Draft","Pricebook2Id":"01s1X000002dH5SQAU","ShipmentCost__c":350}|0x671c51b0
18:01:07.2 (482636440)|STATEMENT_EXECUTE|[57]
18:01:07.2 (482648695)|HEAP_ALLOCATE|[57]|Bytes:4
18:01:07.2 (482681783)|VARIABLE_ASSIGNMENT|[57]|this.AccountId|"0011X00000oHyxcQAC"|0x4232c4d2
18:01:07.2 (482729751)|HEAP_ALLOCATE|[57]|Bytes:4
18:01:07.2 (482764768)|VARIABLE_ASSIGNMENT|[57]|this.EffectiveDate|"2021-04-01T00:00:00.000Z"|0x4232c4d2
18:01:07.2 (482790896)|VARIABLE_ASSIGNMENT|[57]|this.ContractId|null|0x4232c4d2
18:01:07.2 (482815287)|VARIABLE_ASSIGNMENT|[57]|this.Status|"Draft"|0x4232c4d2
18:01:07.2 (482864619)|VARIABLE_ASSIGNMENT|[57]|this.Pricebook2Id|"01s1X000002dH5SQAU"|0x4232c4d2
18:01:07.2 (482894404)|HEAP_ALLOCATE|[57]|Bytes:28
18:01:07.2 (482938719)|VARIABLE_ASSIGNMENT|[57]|this.ShipmentCost__c|650|0x4232c4d2
18:01:07.2 (482979849)|VARIABLE_SCOPE_BEGIN|[57]|o2|Order|true|false
18:01:07.2 (483026263)|VARIABLE_ASSIGNMENT|[57]|o2|{"AccountId":"0011X00000oHyxcQAC","EffectiveDate":"2021-04-01T00:00:00.000Z","Status":"Draft","Pricebook2Id":"01s1X000002dH5SQAU","ShipmentCost__c":650}|0x4232c4d2
18:01:07.2 (483044776)|STATEMENT_EXECUTE|[59]
18:01:07.2 (483079671)|HEAP_ALLOCATE|[59]|Bytes:8
18:01:07.2 (483097427)|DML_BEGIN|[59]|Op:Insert|Type:Order|Rows:1
18:01:07.2 (483150875)|HEAP_ALLOCATE|[EXTERNAL]|Bytes:8
18:01:07.2 (550261027)|DML_END|[59]
18:01:07.2 (550323020)|STATEMENT_EXECUTE|[60]
18:01:07.2 (550391603)|HEAP_ALLOCATE|[60]|Bytes:8
18:01:07.2 (550416249)|DML_BEGIN|[60]|Op:Insert|Type:Order|Rows:1
18:01:07.2 (550495647)|HEAP_ALLOCATE|[EXTERNAL]|Bytes:8
18:01:07.2 (569535068)|DML_END|[60]
18:01:07.2 (569583583)|STATEMENT_EXECUTE|[62]
18:01:07.2 (569658490)|HEAP_ALLOCATE|[62]|Bytes:4
18:01:07.2 (569919448)|VARIABLE_ASSIGNMENT|[62]|this.OrderId|"8011X000002CvRSQA0"|0x318a6d51
18:01:07.2 (570000218)|VARIABLE_ASSIGNMENT|[62]|this.PricebookEntryId|"01u1X00000YceH0QAJ"|0x318a6d51
18:01:07.2 (570035607)|HEAP_ALLOCATE|[62]|Bytes:28
18:01:07.2 (570046005)|HEAP_ALLOCATE|[62]|Bytes:28
18:01:07.2 (570080662)|VARIABLE_ASSIGNMENT|[62]|this.Quantity|10|0x318a6d51
18:01:07.2 (570095442)|HEAP_ALLOCATE|[62]|Bytes:28
18:01:07.2 (570125439)|VARIABLE_ASSIGNMENT|[62]|this.UnitPrice|150|0x318a6d51
18:01:07.2 (570173494)|VARIABLE_SCOPE_BEGIN|[62]|oi1|OrderItem|true|false
18:01:07.2 (570218090)|VARIABLE_ASSIGNMENT|[62]|oi1|{"OrderId":"8011X000002CvRSQA0","PricebookEntryId":"01u1X00000YceH0QAJ","Quantity":10,"UnitPrice":150}|0x318a6d51
18:01:07.2 (570232607)|STATEMENT_EXECUTE|[63]
18:01:07.2 (570268618)|HEAP_ALLOCATE|[63]|Bytes:8
18:01:07.2 (570281338)|DML_BEGIN|[63]|Op:Insert|Type:OrderItem|Rows:1
18:01:07.2 (570335126)|HEAP_ALLOCATE|[EXTERNAL]|Bytes:8
18:01:07.2 (747487789)|CODE_UNIT_STARTED|[EXTERNAL]|Workflow:Order
18:01:07.2 (752624219)|CODE_UNIT_FINISHED|Workflow:Order
18:01:07.2 (757779328)|DML_END|[63]
18:01:07.2 (757818312)|STATEMENT_EXECUTE|[64]
18:01:07.2 (757844316)|HEAP_ALLOCATE|[64]|Bytes:4
18:01:07.2 (757943499)|VARIABLE_ASSIGNMENT|[64]|this.OrderId|"8011X000002CvRSQA0"|0x39a27ae5
18:01:07.2 (757989885)|VARIABLE_ASSIGNMENT|[64]|this.PricebookEntryId|"01u1X00000YceH0QAJ"|0x39a27ae5
18:01:07.2 (758013359)|HEAP_ALLOCATE|[64]|Bytes:28
18:01:07.2 (758040980)|VARIABLE_ASSIGNMENT|[64]|this.Quantity|20|0x39a27ae5
18:01:07.2 (758053863)|HEAP_ALLOCATE|[64]|Bytes:28
18:01:07.2 (758073433)|VARIABLE_ASSIGNMENT|[64]|this.UnitPrice|1000|0x39a27ae5
18:01:07.2 (758112690)|VARIABLE_SCOPE_BEGIN|[64]|oi2|OrderItem|true|false
18:01:07.2 (758157271)|VARIABLE_ASSIGNMENT|[64]|oi2|{"OrderId":"8011X000002CvRSQA0","PricebookEntryId":"01u1X00000YceH0QAJ","Quantity":20,"UnitPrice":1000}|0x39a27ae5
18:01:07.2 (758170899)|STATEMENT_EXECUTE|[65]
18:01:07.2 (758202706)|HEAP_ALLOCATE|[65]|Bytes:8
18:01:07.2 (758215655)|DML_BEGIN|[65]|Op:Insert|Type:OrderItem|Rows:1
18:01:07.2 (758260030)|HEAP_ALLOCATE|[EXTERNAL]|Bytes:8
18:01:07.2 (802565982)|CODE_UNIT_STARTED|[EXTERNAL]|Workflow:Order
18:01:07.2 (802633004)|CODE_UNIT_FINISHED|Workflow:Order
18:01:07.2 (808596680)|DML_END|[65]
18:01:07.2 (808638549)|STATEMENT_EXECUTE|[67]
18:01:07.2 (808669997)|HEAP_ALLOCATE|[67]|Bytes:4
18:01:07.2 (808794623)|VARIABLE_ASSIGNMENT|[67]|this.OrderId|"8011X000002CvRTQA0"|0x3233bfb1
18:01:07.2 (808853769)|VARIABLE_ASSIGNMENT|[67]|this.PricebookEntryId|"01u1X00000YceH0QAJ"|0x3233bfb1
18:01:07.2 (808886715)|HEAP_ALLOCATE|[67]|Bytes:28
18:01:07.2 (808922486)|VARIABLE_ASSIGNMENT|[67]|this.Quantity|50|0x3233bfb1
18:01:07.2 (808936128)|HEAP_ALLOCATE|[67]|Bytes:28
18:01:07.2 (808956169)|VARIABLE_ASSIGNMENT|[67]|this.UnitPrice|150|0x3233bfb1
18:01:07.2 (809005165)|VARIABLE_SCOPE_BEGIN|[67]|o2i1|OrderItem|true|false
18:01:07.2 (809056976)|VARIABLE_ASSIGNMENT|[67]|o2i1|{"OrderId":"8011X000002CvRTQA0","PricebookEntryId":"01u1X00000YceH0QAJ","Quantity":50,"UnitPrice":150}|0x3233bfb1
18:01:07.2 (809076137)|STATEMENT_EXECUTE|[68]
18:01:07.2 (809116828)|HEAP_ALLOCATE|[68]|Bytes:8
18:01:07.2 (809132026)|DML_BEGIN|[68]|Op:Insert|Type:OrderItem|Rows:1
18:01:07.2 (809197807)|HEAP_ALLOCATE|[EXTERNAL]|Bytes:8
18:01:07.2 (848378745)|CODE_UNIT_STARTED|[EXTERNAL]|Workflow:Order
18:01:07.2 (848444786)|CODE_UNIT_FINISHED|Workflow:Order
18:01:07.2 (853674653)|DML_END|[68]
18:01:07.2 (853747277)|STATEMENT_EXECUTE|[69]
18:01:07.2 (853784636)|HEAP_ALLOCATE|[69]|Bytes:4
18:01:07.2 (853898385)|VARIABLE_ASSIGNMENT|[69]|this.OrderId|"8011X000002CvRTQA0"|0x73de2041
18:01:07.2 (853953321)|VARIABLE_ASSIGNMENT|[69]|this.PricebookEntryId|"01u1X00000YceH0QAJ"|0x73de2041
18:01:07.2 (853989801)|HEAP_ALLOCATE|[69]|Bytes:28
18:01:07.2 (854027761)|VARIABLE_ASSIGNMENT|[69]|this.Quantity|70|0x73de2041
18:01:07.2 (854046140)|HEAP_ALLOCATE|[69]|Bytes:28
18:01:07.2 (854077220)|VARIABLE_ASSIGNMENT|[69]|this.UnitPrice|1000|0x73de2041
18:01:07.2 (854129209)|VARIABLE_SCOPE_BEGIN|[69]|o2i2|OrderItem|true|false
18:01:07.2 (854182269)|VARIABLE_ASSIGNMENT|[69]|o2i2|{"OrderId":"8011X000002CvRTQA0","PricebookEntryId":"01u1X00000YceH0QAJ","Quantity":70,"UnitPrice":1000}|0x73de2041
18:01:07.2 (854200333)|STATEMENT_EXECUTE|[70]
18:01:07.2 (854239919)|HEAP_ALLOCATE|[70]|Bytes:8
18:01:07.2 (854256477)|DML_BEGIN|[70]|Op:Insert|Type:OrderItem|Rows:1
18:01:07.2 (854318577)|HEAP_ALLOCATE|[EXTERNAL]|Bytes:8
18:01:07.2 (893219873)|CODE_UNIT_STARTED|[EXTERNAL]|Workflow:Order
18:01:07.2 (893283512)|CODE_UNIT_FINISHED|Workflow:Order
18:01:07.2 (899269221)|DML_END|[70]
18:01:07.2 (899313036)|STATEMENT_EXECUTE|[72]
18:01:07.2 (899378746)|HEAP_ALLOCATE|[72]|Bytes:4
18:01:07.2 (899589749)|VARIABLE_SCOPE_BEGIN|[72]|listo|List<Order>|true|false
18:01:07.2 (899621176)|HEAP_ALLOCATE|[EXTERNAL]|Bytes:4
18:01:07.2 (899658621)|VARIABLE_ASSIGNMENT|[72]|listo|[]|0x1ccfeb0c
18:01:07.2 (899676267)|STATEMENT_EXECUTE|[73]
18:01:07.2 (899742669)|HEAP_ALLOCATE|[EXTERNAL]|Bytes:4
18:01:07.2 (899761338)|STATEMENT_EXECUTE|[74]
18:01:07.2 (899791077)|HEAP_ALLOCATE|[EXTERNAL]|Bytes:4
18:01:07.2 (899805475)|STATEMENT_EXECUTE|[76]
18:01:07.2 (899873603)|DML_BEGIN|[76]|Op:Update|Type:Order|Rows:2
18:01:07.2 (899943940)|HEAP_ALLOCATE|[EXTERNAL]|Bytes:12
18:01:07.2 (943245532)|CODE_UNIT_STARTED|[EXTERNAL]|01q1X000001DsDr|UpdateAccountTurnover on Order trigger event AfterUpdate|__sfdc_trigger/UpdateAccountTurnover
18:01:07.2 (943321828)|HEAP_ALLOCATE|[EXTERNAL]|Bytes:12
18:01:07.2 (943388796)|HEAP_ALLOCATE|[EXTERNAL]|Bytes:12
18:01:07.2 (943524801)|HEAP_ALLOCATE|[EXTERNAL]|Bytes:16
18:01:07.2 (943539754)|VARIABLE_SCOPE_BEGIN|[1]|this|UpdateAccountTurnover|true|false
18:01:07.2 (943642653)|VARIABLE_ASSIGNMENT|[1]|this|{}|0x59cb618b
18:01:07.2 (943703760)|HEAP_ALLOCATE|[EXTERNAL]|Bytes:16
18:01:07.2 (943714035)|VARIABLE_SCOPE_BEGIN|[1]|this|UpdateAccountTurnover|true|false
18:01:07.2 (943733287)|VARIABLE_ASSIGNMENT|[1]|this|{}|0x59cb618b
18:01:07.2 (943761829)|STATEMENT_EXECUTE|[1]
18:01:07.2 (943767118)|STATEMENT_EXECUTE|[8]
18:01:07.2 (943788051)|HEAP_ALLOCATE|[8]|Bytes:4
18:01:07.2 (943920877)|VARIABLE_ASSIGNMENT|[8]|this.acntIds|[]|0x59cb618b
18:01:07.2 (943936162)|STATEMENT_EXECUTE|[11]
18:01:07.2 (943981222)|HEAP_ALLOCATE|[11]|Bytes:4
18:01:07.2 (944078535)|HEAP_ALLOCATE|[EXTERNAL]|Bytes:4
18:01:07.2 (944097008)|VARIABLE_ASSIGNMENT|[11]|this.acntsToUpdate|[]|0x59cb618b
18:01:07.2 (944116999)|STATEMENT_EXECUTE|[21]
18:01:07.2 (944314983)|HEAP_ALLOCATE|[22]|Bytes:5
18:01:07.2 (944347603)|VARIABLE_SCOPE_BEGIN|[22]|o|Order|true|false
18:01:07.2 (945083579)|VARIABLE_ASSIGNMENT|[22]|o|{"Status":"Draft","LastModifiedDate":"2021-04-10T16:01:08.000Z","IsDeleted":false,"AccountId":"0011X00000oHyxbQAC","OrderNumber":"00100100","ContractId":"8001X000002WjwsQAC","TotalAmount":21500.00,"StatusCode":"Draft","IsReductionOrder":false,"SystemModstamp":"2021-04-10T16:01:08.000Z","ShipmentCost__c":350,"OwnerId":"0051X000007SSFeQAO","CreatedById":"0051X000007SSFeQAO","CreatedDate":"2021-04-10T16:01:08.000Z","Pricebook2Id":"01s1X000002dH5SQAU","Id":"8011X000002CvRSQA0","LastModifiedById":"0051X000007SSFeQAO","EffectiveDate":"2021-04-01T00:00:00.000Z"}|0x2dd6289c
18:01:07.2 (945117169)|STATEMENT_EXECUTE|[22]
18:01:07.2 (945120631)|STATEMENT_EXECUTE|[23]
18:01:07.2 (945206300)|HEAP_ALLOCATE|[EXTERNAL]|Bytes:4
18:01:07.2 (945231938)|HEAP_ALLOCATE|[22]|Bytes:5
18:01:07.2 (945253158)|VARIABLE_SCOPE_BEGIN|[22]|o|Order|true|false
18:01:07.2 (945763993)|VARIABLE_ASSIGNMENT|[22]|o|{"Status":"Draft","LastModifiedDate":"2021-04-10T16:01:08.000Z","IsDeleted":false,"AccountId":"0011X00000oHyxcQAC","OrderNumber":"00100101","TotalAmount":77500.00,"StatusCode":"Draft","IsReductionOrder":false,"SystemModstamp":"2021-04-10T16:01:08.000Z","ShipmentCost__c":650,"OwnerId":"0051X000007SSFeQAO","CreatedById":"0051X000007SSFeQAO","CreatedDate":"2021-04-10T16:01:08.000Z","Pricebook2Id":"01s1X000002dH5SQAU","Id":"8011X000002CvRTQA0","LastModifiedById":"0051X000007SSFeQAO","EffectiveDate":"2021-04-01T00:00:00.000Z"}|0x2f13d394
18:01:07.2 (945804089)|STATEMENT_EXECUTE|[22]
18:01:07.2 (945807724)|STATEMENT_EXECUTE|[23]
18:01:07.2 (945835361)|HEAP_ALLOCATE|[EXTERNAL]|Bytes:4
18:01:07.2 (945857715)|HEAP_ALLOCATE|[22]|Bytes:5
18:01:07.2 (945879807)|VARIABLE_ASSIGNMENT|[22]|o|null|
18:01:07.2 (945902098)|STATEMENT_EXECUTE|[27]
18:01:07.2 (945975818)|HEAP_ALLOCATE|[28]|Bytes:5
18:01:07.2 (945995721)|VARIABLE_SCOPE_BEGIN|[28]|o|Order|true|false
18:01:07.2 (946475702)|VARIABLE_ASSIGNMENT|[28]|o|{"Status":"Draft","LastModifiedDate":"2021-04-10T16:01:08.000Z","IsDeleted":false,"AccountId":"0011X00000oHyxbQAC","OrderNumber":"00100100","ContractId":"8001X000002WjwsQAC","TotalAmount":21500.00,"StatusCode":"Draft","IsReductionOrder":false,"SystemModstamp":"2021-04-10T16:01:08.000Z","ShipmentCost__c":350,"OwnerId":"0051X000007SSFeQAO","CreatedById":"0051X000007SSFeQAO","CreatedDate":"2021-04-10T16:01:08.000Z","Pricebook2Id":"01s1X000002dH5SQAU","Id":"8011X000002CvRSQA0","LastModifiedById":"0051X000007SSFeQAO","EffectiveDate":"2021-04-01T00:00:00.000Z"}|0x6137b9bb
18:01:07.2 (946497973)|STATEMENT_EXECUTE|[28]
18:01:07.2 (946501263)|STATEMENT_EXECUTE|[29]
18:01:07.2 (946553901)|HEAP_ALLOCATE|[EXTERNAL]|Bytes:4
18:01:07.2 (946575192)|HEAP_ALLOCATE|[28]|Bytes:5
18:01:07.2 (946595157)|VARIABLE_SCOPE_BEGIN|[28]|o|Order|true|false
18:01:07.2 (947043816)|VARIABLE_ASSIGNMENT|[28]|o|{"Status":"Draft","LastModifiedDate":"2021-04-10T16:01:08.000Z","IsDeleted":false,"AccountId":"0011X00000oHyxcQAC","OrderNumber":"00100101","TotalAmount":77500.00,"StatusCode":"Draft","IsReductionOrder":false,"SystemModstamp":"2021-04-10T16:01:08.000Z","ShipmentCost__c":650,"OwnerId":"0051X000007SSFeQAO","CreatedById":"0051X000007SSFeQAO","CreatedDate":"2021-04-10T16:01:08.000Z","Pricebook2Id":"01s1X000002dH5SQAU","Id":"8011X000002CvRTQA0","LastModifiedById":"0051X000007SSFeQAO","EffectiveDate":"2021-04-01T00:00:00.000Z"}|0x4a8d420c
18:01:07.2 (947065134)|STATEMENT_EXECUTE|[28]
18:01:07.2 (947068202)|STATEMENT_EXECUTE|[29]
18:01:07.2 (947091177)|HEAP_ALLOCATE|[EXTERNAL]|Bytes:4
18:01:07.2 (947114164)|HEAP_ALLOCATE|[28]|Bytes:5
18:01:07.2 (947131614)|VARIABLE_ASSIGNMENT|[28]|o|null|
18:01:07.2 (947140427)|STATEMENT_EXECUTE|[34]
18:01:07.2 (947146482)|HEAP_ALLOCATE|[34]|Bytes:64
18:01:07.2 (947168390)|HEAP_ALLOCATE|[34]|Bytes:4
18:01:07.2 (947176877)|HEAP_ALLOCATE|[34]|Bytes:7
18:01:07.2 (947223041)|HEAP_ALLOCATE|[34]|Bytes:12
18:01:07.2 (947237922)|HEAP_ALLOCATE|[34]|Bytes:12
18:01:07.2 (947682460)|SOQL_EXECUTE_BEGIN|[34]|Aggregations:0|SELECT Id, Chiffre_d_affaire__c FROM Account WHERE Id = :tmpVar1
18:01:07.2 (969418190)|SOQL_EXECUTE_END|[34]|Rows:2
18:01:07.2 (969474306)|HEAP_ALLOCATE|[34]|Bytes:12
18:01:07.2 (969527930)|HEAP_ALLOCATE|[34]|Bytes:118
18:01:07.2 (970429340)|HEAP_ALLOCATE|[34]|Bytes:12
18:01:07.2 (970549176)|VARIABLE_ASSIGNMENT|[34]|this.acntsSource|[{"Id":"0011X00000oHyxbQAC","Chiffre_d_affaire__c":0},{"Id":"0011X00000oHyxcQAC"}]|0x59cb618b
18:01:07.2 (970574562)|STATEMENT_EXECUTE|[49]
18:01:07.2 (970586248)|VARIABLE_SCOPE_BEGIN|[49]|i|Integer|false|false
18:01:07.2 (970607480)|HEAP_ALLOCATE|[49]|Bytes:4
18:01:07.2 (970626476)|VARIABLE_ASSIGNMENT|[49]|i|0
18:01:07.2 (970777814)|STATEMENT_EXECUTE|[49]
18:01:07.2 (970782897)|STATEMENT_EXECUTE|[50]
18:01:07.2 (970825377)|VARIABLE_SCOPE_BEGIN|[50]|newOrder|Order|true|false
18:01:07.2 (971692032)|VARIABLE_ASSIGNMENT|[50]|newOrder|{"Status":"Draft","LastModifiedDate":"2021-04-10T16:01:08.000Z","IsDeleted":false,"AccountId":"0011X00000oHyxbQAC","OrderNumber":"00100100","ContractId":"8001X000002WjwsQAC","TotalAmount":21500.00,"StatusCode":"Draft","IsReductionOrder":false,"SystemModstamp":"2021-04-10T16:01:08.000Z","ShipmentCost__c":350,"OwnerId":"0051X000007SSFeQAO","CreatedById":"0051X000007SSFeQAO","CreatedDate":"2021-04-10T16:01:08.000Z","Pricebook2Id":"01s1X000002dH5SQAU","Id":"8011X000002CvRSQA0","LastModifiedById":"0051X000007SSFeQAO","EffectiveDate":"2021-04-01T00:00:00.000Z"}|0x2dd6289c
18:01:07.2 (971952759)|HEAP_ALLOCATE|[52]|Bytes:5
18:01:07.2 (972001601)|HEAP_ALLOCATE|[52]|Bytes:12
18:01:07.2 (972024836)|VARIABLE_SCOPE_BEGIN|[52]|acc|Account|true|false
18:01:07.2 (972072336)|VARIABLE_ASSIGNMENT|[52]|acc|{"Id":"0011X00000oHyxbQAC","Chiffre_d_affaire__c":0}|0x45ccfd3d
18:01:07.2 (972096179)|STATEMENT_EXECUTE|[52]
18:01:07.2 (972101025)|STATEMENT_EXECUTE|[54]
18:01:07.2 (972104352)|STATEMENT_EXECUTE|[54]
18:01:07.2 (972344312)|HEAP_ALLOCATE|[54]|Bytes:4
18:01:07.2 (972751856)|HEAP_ALLOCATE|[54]|Bytes:4
18:01:08.62 (1062870607)|HEAP_DUMP|[55]|07n1X0000009FTB|UpdateAccountTurnover|none|55
18:01:08.62 (1062974369)|STATEMENT_EXECUTE|[55]
18:01:08.62 (1063046170)|HEAP_ALLOCATE|[55]|Bytes:28
18:01:08.62 (1063211191)|HEAP_ALLOCATE|[55]|Bytes:28
18:01:08.62 (1063369310)|VARIABLE_ASSIGNMENT|[55]|this.Chiffre_d_affaire__c|21500.00|0x45ccfd3d
18:01:08.62 (1063468111)|HEAP_ALLOCATE|[58]|Bytes:4
18:01:08.62 (1063662767)|HEAP_ALLOCATE|[58]|Bytes:4
18:01:08.62 (1089713711)|HEAP_DUMP|[61]|07n1X0000009FTC|UpdateAccountTurnover|none|61
18:01:08.62 (1089746269)|STATEMENT_EXECUTE|[61]
18:01:08.62 (1089854049)|HEAP_ALLOCATE|[EXTERNAL]|Bytes:4
18:01:08.62 (1089893819)|HEAP_ALLOCATE|[52]|Bytes:5
18:01:08.62 (1089920421)|HEAP_ALLOCATE|[52]|Bytes:8
18:01:08.62 (1089936454)|VARIABLE_SCOPE_BEGIN|[52]|acc|Account|true|false
18:01:08.62 (1089988561)|VARIABLE_ASSIGNMENT|[52]|acc|{"Id":"0011X00000oHyxcQAC"}|0x38a4103c
18:01:08.62 (1090004421)|STATEMENT_EXECUTE|[52]
18:01:08.62 (1090008647)|STATEMENT_EXECUTE|[54]
18:01:08.62 (1090011479)|STATEMENT_EXECUTE|[54]
18:01:08.62 (1090016594)|STATEMENT_EXECUTE|[55]
18:01:08.62 (1090106495)|HEAP_ALLOCATE|[55]|Bytes:41
18:01:08.62 (1090138893)|VARIABLE_SCOPE_BEGIN|[57]|e|System.NullPointerException|true|false
18:01:08.62 (1090376319)|VARIABLE_ASSIGNMENT|[57]|e|"common.apex.runtime.impl.ExecutionException: Attempt to de-reference a null object"|0x54265a5
18:01:08.62 (1090398686)|STATEMENT_EXECUTE|[57]
18:01:08.62 (1090457275)|HEAP_ALLOCATE|[57]|Bytes:4
18:01:08.62 (1090662306)|HEAP_ALLOCATE|[57]|Bytes:4
18:01:08.62 (1116661293)|HEAP_DUMP|[58]|07n1X0000009FTD|UpdateAccountTurnover|none|58
18:01:08.62 (1116700202)|STATEMENT_EXECUTE|[58]
18:01:08.62 (1116741631)|HEAP_ALLOCATE|[58]|Bytes:28
18:01:08.62 (1116750410)|HEAP_ALLOCATE|[58]|Bytes:28
18:01:08.62 (1116887803)|HEAP_ALLOCATE|[58]|Bytes:28
18:01:08.62 (1117003054)|HEAP_ALLOCATE|[58]|Bytes:-4
18:01:08.62 (1117058136)|VARIABLE_ASSIGNMENT|[58]|this.Chiffre_d_affaire__c|21500.00|0x38a4103c
18:01:08.62 (1117077340)|STATEMENT_EXECUTE|[61]
18:01:08.62 (1117115551)|HEAP_ALLOCATE|[EXTERNAL]|Bytes:4
18:01:08.62 (1117144098)|HEAP_ALLOCATE|[52]|Bytes:5
18:01:08.62 (1117194088)|VARIABLE_ASSIGNMENT|[52]|acc|null|
18:01:08.62 (1117209615)|HEAP_ALLOCATE|[49]|Bytes:4
18:01:08.62 (1117226499)|VARIABLE_ASSIGNMENT|[49]|i|1
18:01:08.62 (1117293182)|STATEMENT_EXECUTE|[49]
18:01:08.62 (1117297913)|STATEMENT_EXECUTE|[50]
18:01:08.62 (1117331506)|VARIABLE_SCOPE_BEGIN|[50]|newOrder|Order|true|false
18:01:08.62 (1118128711)|VARIABLE_ASSIGNMENT|[50]|newOrder|{"Status":"Draft","LastModifiedDate":"2021-04-10T16:01:08.000Z","IsDeleted":false,"AccountId":"0011X00000oHyxcQAC","OrderNumber":"00100101","TotalAmount":77500.00,"StatusCode":"Draft","IsReductionOrder":false,"SystemModstamp":"2021-04-10T16:01:08.000Z","ShipmentCost__c":650,"OwnerId":"0051X000007SSFeQAO","CreatedById":"0051X000007SSFeQAO","CreatedDate":"2021-04-10T16:01:08.000Z","Pricebook2Id":"01s1X000002dH5SQAU","Id":"8011X000002CvRTQA0","LastModifiedById":"0051X000007SSFeQAO","EffectiveDate":"2021-04-01T00:00:00.000Z"}|0x2f13d394
18:01:08.62 (1118216670)|HEAP_ALLOCATE|[52]|Bytes:5
18:01:08.62 (1118246802)|HEAP_ALLOCATE|[52]|Bytes:12
18:01:08.62 (1118261479)|VARIABLE_SCOPE_BEGIN|[52]|acc|Account|true|false
18:01:08.62 (1118298513)|VARIABLE_ASSIGNMENT|[52]|acc|{"Id":"0011X00000oHyxbQAC","Chiffre_d_affaire__c":21500.00}|0x45ccfd3d
18:01:08.62 (1118318291)|STATEMENT_EXECUTE|[52]
18:01:08.62 (1118322477)|STATEMENT_EXECUTE|[54]
18:01:08.62 (1118325746)|STATEMENT_EXECUTE|[54]
18:01:08.62 (1118329748)|STATEMENT_EXECUTE|[55]
18:01:08.62 (1118357280)|HEAP_ALLOCATE|[55]|Bytes:28
18:01:08.62 (1118403480)|HEAP_ALLOCATE|[55]|Bytes:28
18:01:08.62 (1118510875)|VARIABLE_ASSIGNMENT|[55]|this.Chiffre_d_affaire__c|99000.00|0x45ccfd3d
18:01:08.62 (1118527679)|STATEMENT_EXECUTE|[61]
18:01:08.62 (1118555348)|HEAP_ALLOCATE|[EXTERNAL]|Bytes:4
18:01:08.62 (1118588041)|HEAP_ALLOCATE|[52]|Bytes:5
18:01:08.62 (1118609617)|HEAP_ALLOCATE|[52]|Bytes:12
18:01:08.62 (1118623654)|VARIABLE_SCOPE_BEGIN|[52]|acc|Account|true|false
18:01:08.62 (1118659575)|VARIABLE_ASSIGNMENT|[52]|acc|{"Id":"0011X00000oHyxcQAC","Chiffre_d_affaire__c":21500.00}|0x38a4103c
18:01:08.62 (1118672330)|STATEMENT_EXECUTE|[52]
18:01:08.62 (1118679120)|STATEMENT_EXECUTE|[54]
18:01:08.62 (1118682953)|STATEMENT_EXECUTE|[54]
18:01:08.62 (1118686913)|STATEMENT_EXECUTE|[55]
18:01:08.62 (1118702095)|HEAP_ALLOCATE|[55]|Bytes:28
18:01:08.62 (1118739235)|HEAP_ALLOCATE|[55]|Bytes:28
18:01:08.62 (1118823195)|VARIABLE_ASSIGNMENT|[55]|this.Chiffre_d_affaire__c|99000.00|0x38a4103c
18:01:08.62 (1118840197)|STATEMENT_EXECUTE|[61]
18:01:08.62 (1118861680)|HEAP_ALLOCATE|[EXTERNAL]|Bytes:4
18:01:08.62 (1118887197)|HEAP_ALLOCATE|[52]|Bytes:5
18:01:08.62 (1118911128)|VARIABLE_ASSIGNMENT|[52]|acc|null|
18:01:08.62 (1118924791)|HEAP_ALLOCATE|[49]|Bytes:4
18:01:08.62 (1118938523)|VARIABLE_ASSIGNMENT|[49]|i|2
18:01:08.62 (1119120503)|HEAP_ALLOCATE|[49]|Bytes:4
18:01:08.62 (1119331037)|HEAP_ALLOCATE|[49]|Bytes:4
18:01:08.62 (1155791516)|HEAP_DUMP|[66]|07n1X0000009FTE|UpdateAccountTurnover|none|66
18:01:08.62 (1155823985)|STATEMENT_EXECUTE|[66]
18:01:08.62 (1155943625)|DML_BEGIN|[66]|Op:Update|Type:Account|Rows:4
18:01:08.62 (1156028419)|HEAP_ALLOCATE|[EXTERNAL]|Bytes:20
18:01:08.62 (1156758212)|EXCEPTION_THROWN|[66]|System.ListException: Duplicate id in list: 0011X00000oHyxbQAC
18:01:08.62 (1156802912)|DML_END|[66]
18:01:08.62 (1158222875)|HEAP_ALLOCATE|[66]|Bytes:44
18:01:08.62 (1158495761)|FATAL_ERROR|System.ListException: Duplicate id in list: 0011X00000oHyxbQAC

Trigger.UpdateAccountTurnover: line 66, column 1
18:01:08.62 (1158528098)|FATAL_ERROR|System.ListException: Duplicate id in list: 0011X00000oHyxbQAC

Trigger.UpdateAccountTurnover: line 66, column 1
18:01:08.158 (1158585854)|CUMULATIVE_LIMIT_USAGE
18:01:08.158 (1158585854)|LIMIT_USAGE_FOR_NS|(default)|
  Number of SOQL queries: 1 out of 100
  Number of query rows: 1 out of 50000
  Number of SOSL queries: 0 out of 20
  Number of DML statements: 7 out of 150
  Number of Publish Immediate DML: 0 out of 150
  Number of DML rows: 7 out of 10000
  Maximum CPU time: 0 out of 10000
  Maximum heap size: 0 out of 6000000
  Number of callouts: 0 out of 100
  Number of Email Invocations: 0 out of 10
  Number of future calls: 0 out of 50
  Number of queueable jobs added to the queue: 0 out of 50
  Number of Mobile Apex push calls: 0 out of 10

18:01:08.158 (1158585854)|TESTING_LIMITS
18:01:08.158 (1158585854)|LIMIT_USAGE_FOR_NS|(default)|
  Number of SOQL queries: 1 out of 100
  Number of query rows: 2 out of 50000
  Number of SOSL queries: 0 out of 20
  Number of DML statements: 8 out of 150
  Number of Publish Immediate DML: 0 out of 150
  Number of DML rows: 12 out of 10000
  Maximum CPU time: 0 out of 10000
  Maximum heap size: 0 out of 6000000
  Number of callouts: 0 out of 100
  Number of Email Invocations: 0 out of 10
  Number of future calls: 0 out of 50
  Number of queueable jobs added to the queue: 0 out of 50
  Number of Mobile Apex push calls: 0 out of 10

18:01:08.158 (1158585854)|CUMULATIVE_LIMIT_USAGE_END

18:01:08.62 (1160258692)|CODE_UNIT_FINISHED|UpdateAccountTurnover on Order trigger event AfterUpdate|__sfdc_trigger/UpdateAccountTurnover
18:01:08.62 (1277368394)|DML_END|[76]
18:01:08.62 (1277481393)|EXCEPTION_THROWN|[76]|System.DmlException: Update failed. First exception on row 0 with id 8011X000002CvRSQA0; first error: CANNOT_INSERT_UPDATE_ACTIVATE_ENTITY, UpdateAccountTurnover: execution of AfterUpdate

caused by: System.ListException: Duplicate id in list: 0011X00000oHyxbQAC

Trigger.UpdateAccountTurnover: line 66, column 1: []
18:01:08.62 (1278500170)|HEAP_ALLOCATE|[76]|Bytes:299
18:01:08.62 (1278679110)|FATAL_ERROR|System.DmlException: Update failed. First exception on row 0 with id 8011X000002CvRSQA0; first error: CANNOT_INSERT_UPDATE_ACTIVATE_ENTITY, UpdateAccountTurnover: execution of AfterUpdate

caused by: System.ListException: Duplicate id in list: 0011X00000oHyxbQAC

Trigger.UpdateAccountTurnover: line 66, column 1: []

Class.TestUpdateAccountTurnover.should_aggregate_two_orders_on_account: line 76, column 1
18:01:08.62 (1278881538)|FATAL_ERROR|System.DmlException: Update failed. First exception on row 0 with id 8011X000002CvRSQA0; first error: CANNOT_INSERT_UPDATE_ACTIVATE_ENTITY, UpdateAccountTurnover: execution of AfterUpdate

caused by: System.ListException: Duplicate id in list: 0011X00000oHyxbQAC

Trigger.UpdateAccountTurnover: line 66, column 1: []

Class.TestUpdateAccountTurnover.should_aggregate_two_orders_on_account: line 76, column 1
18:01:08.278 (1278923614)|CUMULATIVE_LIMIT_USAGE
18:01:08.278 (1278923614)|LIMIT_USAGE_FOR_NS|(default)|
  Number of SOQL queries: 1 out of 100
  Number of query rows: 1 out of 50000
  Number of SOSL queries: 0 out of 20
  Number of DML statements: 7 out of 150
  Number of Publish Immediate DML: 0 out of 150
  Number of DML rows: 7 out of 10000
  Maximum CPU time: 0 out of 10000
  Maximum heap size: 0 out of 6000000
  Number of callouts: 0 out of 100
  Number of Email Invocations: 0 out of 10
  Number of future calls: 0 out of 50
  Number of queueable jobs added to the queue: 0 out of 50
  Number of Mobile Apex push calls: 0 out of 10

18:01:08.278 (1278923614)|TESTING_LIMITS
18:01:08.278 (1278923614)|LIMIT_USAGE_FOR_NS|(default)|
  Number of SOQL queries: 0 out of 100
  Number of query rows: 0 out of 50000
  Number of SOSL queries: 0 out of 20
  Number of DML statements: 7 out of 150
  Number of Publish Immediate DML: 0 out of 150
  Number of DML rows: 8 out of 10000
  Maximum CPU time: 0 out of 10000
  Maximum heap size: 0 out of 6000000
  Number of callouts: 0 out of 100
  Number of Email Invocations: 0 out of 10
  Number of future calls: 0 out of 50
  Number of queueable jobs added to the queue: 0 out of 50
  Number of Mobile Apex push calls: 0 out of 10

18:01:08.278 (1278923614)|CUMULATIVE_LIMIT_USAGE_END

18:01:08.62 (1279032811)|CODE_UNIT_FINISHED|TestUpdateAccountTurnover.should_aggregate_two_orders_on_account()
18:01:08.62 (1279055412)|EXECUTION_FINISHED
18:01:08.593 (1593039623)|USER_INFO|[EXTERNAL]|0051X000007SSFe|test-in7nqa4fsmgt@example.com|(GMT+02:00) Central European Summer Time (Europe/Paris)|GMT+02:00
18:01:08.593 (1593071088)|EXECUTION_STARTED
18:01:08.593 (1593077996)|CODE_UNIT_STARTED|[EXTERNAL]|DuplicateDetector
18:01:08.593 (1593097338)|DUPLICATE_DETECTION_BEGIN
18:01:08.593 (1593454779)|DUPLICATE_DETECTION_RULE_INVOCATION|DuplicateRuleId:0Bm1X000002PzvU|DuplicateRuleName:Standard Account Duplicate Rule|DmlType:INSERT
18:01:08.593 (1607480753)|DUPLICATE_DETECTION_END
18:01:08.593 (1607500566)|CODE_UNIT_FINISHED|DuplicateDetector
18:01:08.593 (1607522808)|EXECUTION_FINISHED
