51.0 APEX_CODE,FINEST;APEX_PROFILING,INFO;CALLOUT,INFO;DB,INFO;NBA,INFO;SYSTEM,DEBUG;VALIDATION,INFO;VISUALFORCE,FINER;WAVE,INFO;WORKFLOW,INFO
18:47:41.2 (2307580)|USER_INFO|[EXTERNAL]|0051X000007SSFe|test-in7nqa4fsmgt@example.com|(GMT+02:00) Central European Summer Time (Europe/Paris)|GMT+02:00
18:47:41.2 (2356198)|EXECUTION_STARTED
18:47:41.2 (2370510)|CODE_UNIT_STARTED|[EXTERNAL]|01p1X000005rXLM|TestUpdateAccountTurnover.should_aggregate_two_orders_on_account()
18:47:41.2 (13516773)|HEAP_ALLOCATE|[79]|Bytes:3
18:47:41.2 (13597238)|HEAP_ALLOCATE|[84]|Bytes:152
18:47:41.2 (13613104)|HEAP_ALLOCATE|[399]|Bytes:408
18:47:41.2 (13628505)|HEAP_ALLOCATE|[412]|Bytes:408
18:47:41.2 (13641390)|HEAP_ALLOCATE|[520]|Bytes:48
18:47:41.2 (13679382)|HEAP_ALLOCATE|[139]|Bytes:6
18:47:41.2 (13750288)|HEAP_ALLOCATE|[EXTERNAL]|Bytes:160
18:47:41.2 (13849432)|METHOD_ENTRY|[2]|01p1X000005rXLM|TestUpdateAccountTurnover.TestUpdateAccountTurnover()
18:47:41.2 (13902355)|STATEMENT_EXECUTE|[2]
18:47:41.2 (13912082)|STATEMENT_EXECUTE|[2]
18:47:41.2 (13942444)|METHOD_EXIT|[2]|TestUpdateAccountTurnover
18:47:41.2 (13982832)|HEAP_ALLOCATE|[52]|Bytes:5
18:47:41.2 (14008518)|HEAP_ALLOCATE|[58]|Bytes:5
18:47:41.2 (14018313)|HEAP_ALLOCATE|[66]|Bytes:7
18:47:41.2 (14061463)|STATEMENT_EXECUTE|[4]
18:47:41.2 (14064770)|STATEMENT_EXECUTE|[5]
18:47:41.2 (14138279)|HEAP_ALLOCATE|[5]|Bytes:4
18:47:41.2 (14199579)|HEAP_ALLOCATE|[5]|Bytes:14
18:47:41.2 (19991923)|VARIABLE_ASSIGNMENT|[5]|this.Name|"Test Account 1"|0x35ceb2bc
18:47:41.2 (20050872)|HEAP_ALLOCATE|[5]|Bytes:28
18:47:41.2 (20060198)|HEAP_ALLOCATE|[5]|Bytes:28
18:47:41.2 (20104188)|VARIABLE_ASSIGNMENT|[5]|this.Chiffre_d_affaire__c|0|0x35ceb2bc
18:47:41.2 (20168593)|VARIABLE_SCOPE_BEGIN|[5]|acc1|Account|true|false
18:47:41.2 (20240394)|VARIABLE_ASSIGNMENT|[5]|acc1|{"Name":"Test Account 1","Chiffre_d_affaire__c":0}|0x35ceb2bc
18:47:41.2 (20251920)|STATEMENT_EXECUTE|[6]
18:47:41.2 (20290879)|HEAP_ALLOCATE|[6]|Bytes:8
18:47:41.2 (20304964)|DML_BEGIN|[6]|Op:Insert|Type:Account|Rows:1
18:47:41.2 (20349222)|HEAP_ALLOCATE|[EXTERNAL]|Bytes:8
18:47:41.2 (43245222)|CODE_UNIT_STARTED|[EXTERNAL]|DuplicateDetector
18:47:41.2 (43287299)|DUPLICATE_DETECTION_BEGIN
18:47:41.2 (46292919)|DUPLICATE_DETECTION_RULE_INVOCATION|DuplicateRuleId:0Bm1X000002PzvU|DuplicateRuleName:Standard Account Duplicate Rule|DmlType:INSERT
18:47:41.2 (86939861)|DUPLICATE_DETECTION_MATCH_INVOCATION_DETAILS|EntityType:Account|ActionTaken:Allow_[Alert,Report]|DuplicateRecordIds:
18:47:41.2 (86980621)|DUPLICATE_DETECTION_MATCH_INVOCATION_SUMMARY|EntityType:Account|NumRecordsToBeSaved:1|NumRecordsToBeSavedWithDuplicates:0|NumDuplicateRecordsFound:0
18:47:41.2 (87134671)|DUPLICATE_DETECTION_END
18:47:41.2 (87149235)|CODE_UNIT_FINISHED|DuplicateDetector
18:47:41.2 (147477063)|DML_END|[6]
18:47:41.2 (147531775)|STATEMENT_EXECUTE|[8]
18:47:41.2 (147563532)|HEAP_ALLOCATE|[8]|Bytes:4
18:47:41.2 (147599074)|HEAP_ALLOCATE|[8]|Bytes:14
18:47:41.2 (147664997)|VARIABLE_ASSIGNMENT|[8]|this.Name|"Test Account 2"|0x1fe19bb8
18:47:41.2 (147696605)|HEAP_ALLOCATE|[8]|Bytes:28
18:47:41.2 (147701637)|HEAP_ALLOCATE|[8]|Bytes:28
18:47:41.2 (147730844)|VARIABLE_ASSIGNMENT|[8]|this.Chiffre_d_affaire__c|0|0x1fe19bb8
18:47:41.2 (147774627)|VARIABLE_SCOPE_BEGIN|[8]|acc2|Account|true|false
18:47:41.2 (147809031)|VARIABLE_ASSIGNMENT|[8]|acc2|{"Name":"Test Account 2","Chiffre_d_affaire__c":0}|0x1fe19bb8
18:47:41.2 (147817421)|STATEMENT_EXECUTE|[9]
18:47:41.2 (147848375)|HEAP_ALLOCATE|[9]|Bytes:8
18:47:41.2 (147857390)|DML_BEGIN|[9]|Op:Insert|Type:Account|Rows:1
18:47:41.2 (147901499)|HEAP_ALLOCATE|[EXTERNAL]|Bytes:8
18:47:41.2 (150643605)|CODE_UNIT_STARTED|[EXTERNAL]|DuplicateDetector
18:47:41.2 (150671101)|DUPLICATE_DETECTION_BEGIN
18:47:41.2 (150722710)|DUPLICATE_DETECTION_RULE_INVOCATION|DuplicateRuleId:0Bm1X000002PzvU|DuplicateRuleName:Standard Account Duplicate Rule|DmlType:INSERT
18:47:41.2 (163000660)|DUPLICATE_DETECTION_MATCH_INVOCATION_DETAILS|EntityType:Account|ActionTaken:Allow_[Alert,Report]|DuplicateRecordIds:
18:47:41.2 (163031398)|DUPLICATE_DETECTION_MATCH_INVOCATION_SUMMARY|EntityType:Account|NumRecordsToBeSaved:1|NumRecordsToBeSavedWithDuplicates:0|NumDuplicateRecordsFound:0
18:47:41.2 (163148163)|DUPLICATE_DETECTION_END
18:47:41.2 (163159494)|CODE_UNIT_FINISHED|DuplicateDetector
18:47:41.2 (178354954)|DML_END|[9]
18:47:41.2 (178410505)|STATEMENT_EXECUTE|[11]
18:47:41.2 (178542112)|HEAP_ALLOCATE|[11]|Bytes:4
18:47:41.2 (178699154)|HEAP_ALLOCATE|[11]|Bytes:24
18:47:41.2 (187162972)|VARIABLE_ASSIGNMENT|[11]|this.Name|"Chemise Verte longue (4 more) ..."|0x5eadbc87
18:47:41.2 (187198036)|HEAP_ALLOCATE|[11]|Bytes:7
18:47:41.2 (187235542)|VARIABLE_ASSIGNMENT|[11]|this.Family|"Chemise"|0x5eadbc87
18:47:41.2 (187298261)|VARIABLE_SCOPE_BEGIN|[11]|pd1|Product2|true|false
18:47:41.2 (187337508)|VARIABLE_ASSIGNMENT|[11]|pd1|{"Name":"Chemise Verte longue (4 more) ...","Family":"Chemise"}|0x5eadbc87
18:47:41.2 (187350794)|STATEMENT_EXECUTE|[12]
18:47:41.2 (187409212)|HEAP_ALLOCATE|[12]|Bytes:8
18:47:41.2 (187421834)|DML_BEGIN|[12]|Op:Insert|Type:Product2|Rows:1
18:47:41.2 (187469634)|HEAP_ALLOCATE|[EXTERNAL]|Bytes:8
18:47:41.2 (233470758)|DML_END|[12]
18:47:41.2 (233516705)|STATEMENT_EXECUTE|[15]
18:47:41.2 (233596199)|HEAP_ALLOCATE|[15]|Bytes:4
18:47:41.2 (233694119)|HEAP_ALLOCATE|[15]|Bytes:10
18:47:41.2 (237217714)|VARIABLE_ASSIGNMENT|[15]|this.Name|"Test PB001"|0x5525a250
18:47:41.2 (237250362)|HEAP_ALLOCATE|[15]|Bytes:15
18:47:41.2 (237297818)|VARIABLE_ASSIGNMENT|[15]|this.Description|"Test PB001 Desc"|0x5525a250
18:47:41.2 (237330390)|VARIABLE_ASSIGNMENT|[15]|this.IsActive|true|0x5525a250
18:47:41.2 (237387522)|VARIABLE_SCOPE_BEGIN|[15]|pb|Pricebook2|true|false
18:47:41.2 (237434538)|VARIABLE_ASSIGNMENT|[15]|pb|{"Name":"Test PB001","Description":"Test PB001 Desc","IsActive":true}|0x5525a250
18:47:41.2 (237450054)|STATEMENT_EXECUTE|[16]
18:47:41.2 (237500347)|HEAP_ALLOCATE|[16]|Bytes:8
18:47:41.2 (237514709)|DML_BEGIN|[16]|Op:Insert|Type:Pricebook2|Rows:1
18:47:41.2 (237567950)|HEAP_ALLOCATE|[EXTERNAL]|Bytes:8
18:47:41.2 (371802798)|DML_END|[16]
18:47:41.2 (371844522)|STATEMENT_EXECUTE|[19]
18:47:41.2 (371857646)|HEAP_ALLOCATE|[19]|Bytes:49
18:47:41.2 (371901019)|HEAP_ALLOCATE|[19]|Bytes:4
18:47:41.2 (372290108)|SOQL_EXECUTE_BEGIN|[19]|Aggregations:0|SELECT Id FROM Pricebook2 WHERE isStandard = TRUE
18:47:41.2 (377648999)|SOQL_EXECUTE_END|[19]|Rows:1
18:47:41.2 (377682096)|HEAP_ALLOCATE|[19]|Bytes:8
18:47:41.2 (377716192)|HEAP_ALLOCATE|[19]|Bytes:29
18:47:41.2 (377815979)|HEAP_ALLOCATE|[19]|Bytes:8
18:47:41.2 (377837741)|HEAP_ALLOCATE|[19]|Bytes:36
18:47:41.2 (377957007)|HEAP_ALLOCATE|[19]|Bytes:8
18:47:41.2 (377974803)|VARIABLE_SCOPE_BEGIN|[19]|standardPB|Pricebook2|true|false
18:47:41.2 (378031542)|VARIABLE_ASSIGNMENT|[19]|standardPB|{"Id":"01s1X000002dEQuQAM"}|0xc22c380
18:47:41.2 (378045198)|STATEMENT_EXECUTE|[20]
18:47:41.2 (378049942)|HEAP_ALLOCATE|[20]|Bytes:20
18:47:41.2 (378249199)|HEAP_ALLOCATE|[20]|Bytes:18
18:47:41.2 (378354454)|HEAP_ALLOCATE|[20]|Bytes:38
18:47:41.2 (378395230)|USER_DEBUG|[20]|DEBUG|Value of standardPB>01s1X000002dEQuQAM
18:47:41.2 (378412315)|STATEMENT_EXECUTE|[22]
18:47:41.2 (378522281)|HEAP_ALLOCATE|[22]|Bytes:4
18:47:41.2 (382889121)|VARIABLE_ASSIGNMENT|[22]|this.Pricebook2Id|"01s1X000002dEQuQAM"|0x7acc4fe5
18:47:41.2 (382975387)|VARIABLE_ASSIGNMENT|[22]|this.Product2Id|"01t1X000006rqbkQAA"|0x7acc4fe5
18:47:41.2 (383000848)|HEAP_ALLOCATE|[22]|Bytes:28
18:47:41.2 (383038922)|VARIABLE_ASSIGNMENT|[22]|this.UnitPrice|1000|0x7acc4fe5
18:47:41.2 (383066565)|VARIABLE_ASSIGNMENT|[22]|this.IsActive|true|0x7acc4fe5
18:47:41.2 (383116087)|VARIABLE_SCOPE_BEGIN|[22]|standardPBE|PricebookEntry|true|false
18:47:41.2 (383162253)|VARIABLE_ASSIGNMENT|[22]|standardPBE|{"Pricebook2Id":"01s1X000002dEQuQAM","Product2Id":"01t1X000006rqbkQAA","UnitPrice":1000,"IsActive":true}|0x7acc4fe5
18:47:41.2 (383175232)|STATEMENT_EXECUTE|[23]
18:47:41.2 (383210329)|HEAP_ALLOCATE|[23]|Bytes:8
18:47:41.2 (383223356)|DML_BEGIN|[23]|Op:Insert|Type:PricebookEntry|Rows:1
18:47:41.2 (383263184)|HEAP_ALLOCATE|[EXTERNAL]|Bytes:8
18:47:41.2 (406248151)|DML_END|[23]
18:47:41.2 (406288920)|STATEMENT_EXECUTE|[27]
18:47:41.2 (406318437)|HEAP_ALLOCATE|[27]|Bytes:4
18:47:41.2 (406438122)|VARIABLE_ASSIGNMENT|[27]|this.Pricebook2Id|"01s1X000002dHA4QAM"|0x33e9b67c
18:47:41.2 (406479336)|VARIABLE_ASSIGNMENT|[27]|this.Product2Id|"01t1X000006rqbkQAA"|0x33e9b67c
18:47:41.2 (406517313)|HEAP_ALLOCATE|[27]|Bytes:28
18:47:41.2 (406553369)|VARIABLE_ASSIGNMENT|[27]|this.UnitPrice|1020|0x33e9b67c
18:47:41.2 (406581159)|VARIABLE_ASSIGNMENT|[27]|this.UseStandardPrice|false|0x33e9b67c
18:47:41.2 (406606292)|VARIABLE_ASSIGNMENT|[27]|this.IsActive|true|0x33e9b67c
18:47:41.2 (406653880)|VARIABLE_SCOPE_BEGIN|[27]|pbe|PricebookEntry|true|false
18:47:41.2 (406708182)|VARIABLE_ASSIGNMENT|[27]|pbe|{"Pricebook2Id":"01s1X000002dHA4QAM","Product2Id":"01t1X000006rqbkQAA","UnitPrice":1020,"UseStandardPrice":false,"IsActive":true}|0x33e9b67c
18:47:41.2 (406723448)|STATEMENT_EXECUTE|[34]
18:47:41.2 (406758901)|HEAP_ALLOCATE|[34]|Bytes:8
18:47:41.2 (406770528)|DML_BEGIN|[34]|Op:Insert|Type:PricebookEntry|Rows:1
18:47:41.2 (406823229)|HEAP_ALLOCATE|[EXTERNAL]|Bytes:8
18:47:41.2 (425161980)|DML_END|[34]
18:47:41.2 (425210365)|STATEMENT_EXECUTE|[37]
18:47:41.2 (425323489)|HEAP_ALLOCATE|[37]|Bytes:4
18:47:41.2 (429156417)|VARIABLE_ASSIGNMENT|[37]|this.AccountId|"0011X00000oHyyAQAS"|0x31660fed
18:47:41.2 (429187735)|HEAP_ALLOCATE|[39]|Bytes:5
18:47:41.2 (429225253)|VARIABLE_ASSIGNMENT|[37]|this.Status|"Draft"|0x31660fed
18:47:41.2 (429395607)|HEAP_ALLOCATE|[40]|Bytes:4
18:47:41.2 (429555635)|VARIABLE_ASSIGNMENT|[37]|this.StartDate|"2021-04-01T00:00:00.000Z"|0x31660fed
18:47:41.2 (429602620)|VARIABLE_ASSIGNMENT|[37]|this.ContractTerm|24|0x31660fed
18:47:41.2 (429662399)|VARIABLE_SCOPE_BEGIN|[37]|ctrct|Contract|true|false
18:47:41.2 (429714540)|VARIABLE_ASSIGNMENT|[37]|ctrct|{"AccountId":"0011X00000oHyyAQAS","Status":"Draft","StartDate":"2021-04-01T00:00:00.000Z","ContractTerm":24}|0x31660fed
18:47:41.2 (429730136)|STATEMENT_EXECUTE|[44]
18:47:41.2 (429764408)|HEAP_ALLOCATE|[44]|Bytes:8
18:47:41.2 (429777354)|DML_BEGIN|[44]|Op:Insert|Type:Contract|Rows:1
18:47:41.2 (429828843)|HEAP_ALLOCATE|[EXTERNAL]|Bytes:8
18:47:41.2 (469468537)|DML_END|[44]
18:47:41.2 (469522593)|STATEMENT_EXECUTE|[47]
18:47:41.2 (469556027)|HEAP_ALLOCATE|[47]|Bytes:4
18:47:41.2 (469675189)|VARIABLE_ASSIGNMENT|[47]|this.AccountId|"0011X00000oHyyBQAS"|0x38b53823
18:47:41.2 (469710887)|VARIABLE_ASSIGNMENT|[47]|this.Status|"Draft"|0x38b53823
18:47:41.2 (469817036)|HEAP_ALLOCATE|[50]|Bytes:4
18:47:41.2 (469935546)|VARIABLE_ASSIGNMENT|[47]|this.StartDate|"2021-04-01T00:00:00.000Z"|0x38b53823
18:47:41.2 (469970548)|VARIABLE_ASSIGNMENT|[47]|this.ContractTerm|24|0x38b53823
18:47:41.2 (470021803)|VARIABLE_SCOPE_BEGIN|[47]|ctrct2|Contract|true|false
18:47:41.2 (470068103)|VARIABLE_ASSIGNMENT|[47]|ctrct2|{"AccountId":"0011X00000oHyyBQAS","Status":"Draft","StartDate":"2021-04-01T00:00:00.000Z","ContractTerm":24}|0x38b53823
18:47:41.2 (470078533)|STATEMENT_EXECUTE|[54]
18:47:41.2 (470105548)|HEAP_ALLOCATE|[54]|Bytes:8
18:47:41.2 (470114238)|DML_BEGIN|[54]|Op:Insert|Type:Contract|Rows:1
18:47:41.2 (470154569)|HEAP_ALLOCATE|[EXTERNAL]|Bytes:8
18:47:41.2 (487029872)|DML_END|[54]
18:47:41.2 (487076956)|STATEMENT_EXECUTE|[57]
18:47:41.2 (487175607)|HEAP_ALLOCATE|[57]|Bytes:74
18:47:41.2 (487210828)|SYSTEM_METHOD_ENTRY|[1]|Test.Test()
18:47:41.2 (487218631)|STATEMENT_EXECUTE|[1]
18:47:41.2 (487231952)|SYSTEM_METHOD_EXIT|[1]|Test
18:47:41.2 (487258330)|METHOD_ENTRY|[57]||System.Test.startTest()
18:47:41.2 (496519316)|METHOD_EXIT|[57]||System.Test.startTest()
18:47:41.2 (496547198)|STATEMENT_EXECUTE|[58]
18:47:41.2 (496660637)|HEAP_ALLOCATE|[58]|Bytes:4
18:47:41.2 (500932132)|VARIABLE_ASSIGNMENT|[58]|this.AccountId|"0011X00000oHyyAQAS"|0x361bd1b8
18:47:41.2 (501059738)|HEAP_ALLOCATE|[58]|Bytes:4
18:47:41.2 (501135869)|VARIABLE_ASSIGNMENT|[58]|this.EffectiveDate|"2021-04-01T00:00:00.000Z"|0x361bd1b8
18:47:41.2 (501201761)|VARIABLE_ASSIGNMENT|[58]|this.ContractId|"8001X000002WjxMQAS"|0x361bd1b8
18:47:41.2 (501223989)|VARIABLE_ASSIGNMENT|[58]|this.Status|"Draft"|0x361bd1b8
18:47:41.2 (501256611)|VARIABLE_ASSIGNMENT|[58]|this.Pricebook2Id|"01s1X000002dHA4QAM"|0x361bd1b8
18:47:41.2 (501280101)|HEAP_ALLOCATE|[58]|Bytes:28
18:47:41.2 (501308780)|VARIABLE_ASSIGNMENT|[58]|this.ShipmentCost__c|350|0x361bd1b8
18:47:41.2 (501356407)|VARIABLE_SCOPE_BEGIN|[58]|o1|Order|true|false
18:47:41.2 (501398820)|VARIABLE_ASSIGNMENT|[58]|o1|{"AccountId":"0011X00000oHyyAQAS","EffectiveDate":"2021-04-01T00:00:00.000Z","ContractId":"8001X000002WjxMQAS","Status":"Draft","Pricebook2Id":"01s1X000002dHA4QAM","ShipmentCost__c":350}|0x361bd1b8
18:47:41.2 (501410723)|STATEMENT_EXECUTE|[59]
18:47:41.2 (501438292)|HEAP_ALLOCATE|[59]|Bytes:8
18:47:41.2 (501449145)|DML_BEGIN|[59]|Op:Insert|Type:Order|Rows:1
18:47:41.2 (501501733)|HEAP_ALLOCATE|[EXTERNAL]|Bytes:8
18:47:41.2 (560690222)|DML_END|[59]
18:47:41.2 (560728193)|STATEMENT_EXECUTE|[60]
18:47:41.2 (560754481)|HEAP_ALLOCATE|[60]|Bytes:4
18:47:41.2 (560876500)|VARIABLE_ASSIGNMENT|[60]|this.AccountId|"0011X00000oHyyBQAS"|0x35d2f9da
18:47:41.2 (560965404)|HEAP_ALLOCATE|[60]|Bytes:4
18:47:41.2 (561025040)|VARIABLE_ASSIGNMENT|[60]|this.EffectiveDate|"2021-04-01T00:00:00.000Z"|0x35d2f9da
18:47:41.2 (561053998)|VARIABLE_ASSIGNMENT|[60]|this.ContractId|"8001X000002WjxNQAS"|0x35d2f9da
18:47:41.2 (561075590)|VARIABLE_ASSIGNMENT|[60]|this.Status|"Draft"|0x35d2f9da
18:47:41.2 (561097573)|VARIABLE_ASSIGNMENT|[60]|this.Pricebook2Id|"01s1X000002dHA4QAM"|0x35d2f9da
18:47:41.2 (561113804)|HEAP_ALLOCATE|[60]|Bytes:28
18:47:41.2 (561140706)|VARIABLE_ASSIGNMENT|[60]|this.ShipmentCost__c|650|0x35d2f9da
18:47:41.2 (561196803)|VARIABLE_SCOPE_BEGIN|[60]|o2|Order|true|false
18:47:41.2 (561238585)|VARIABLE_ASSIGNMENT|[60]|o2|{"AccountId":"0011X00000oHyyBQAS","EffectiveDate":"2021-04-01T00:00:00.000Z","ContractId":"8001X000002WjxNQAS","Status":"Draft","Pricebook2Id":"01s1X000002dHA4QAM","ShipmentCost__c":650}|0x35d2f9da
18:47:41.2 (561249003)|STATEMENT_EXECUTE|[61]
18:47:41.2 (561279258)|HEAP_ALLOCATE|[61]|Bytes:8
18:47:41.2 (561288767)|DML_BEGIN|[61]|Op:Insert|Type:Order|Rows:1
18:47:41.2 (561327738)|HEAP_ALLOCATE|[EXTERNAL]|Bytes:8
18:47:41.2 (579219792)|DML_END|[61]
18:47:41.2 (579271023)|STATEMENT_EXECUTE|[63]
18:47:41.2 (579425679)|HEAP_ALLOCATE|[63]|Bytes:4
18:47:41.2 (583115661)|VARIABLE_ASSIGNMENT|[63]|this.OrderId|"8011X000002CvRwQAK"|0x2f0e08fa
18:47:41.2 (583233246)|VARIABLE_ASSIGNMENT|[63]|this.PricebookEntryId|"01u1X00000YceIDQAZ"|0x2f0e08fa
18:47:41.2 (583285762)|HEAP_ALLOCATE|[63]|Bytes:28
18:47:41.2 (583297994)|HEAP_ALLOCATE|[63]|Bytes:28
18:47:41.2 (583345088)|VARIABLE_ASSIGNMENT|[63]|this.Quantity|10|0x2f0e08fa
18:47:41.2 (583361628)|HEAP_ALLOCATE|[63]|Bytes:28
18:47:41.2 (583410342)|VARIABLE_ASSIGNMENT|[63]|this.UnitPrice|150|0x2f0e08fa
18:47:41.2 (583472606)|VARIABLE_SCOPE_BEGIN|[63]|oi1|OrderItem|true|false
18:47:41.2 (583521130)|VARIABLE_ASSIGNMENT|[63]|oi1|{"OrderId":"8011X000002CvRwQAK","PricebookEntryId":"01u1X00000YceIDQAZ","Quantity":10,"UnitPrice":150}|0x2f0e08fa
18:47:41.2 (583533144)|STATEMENT_EXECUTE|[64]
18:47:41.2 (583569664)|HEAP_ALLOCATE|[64]|Bytes:8
18:47:41.2 (583581764)|DML_BEGIN|[64]|Op:Insert|Type:OrderItem|Rows:1
18:47:41.2 (583628337)|HEAP_ALLOCATE|[EXTERNAL]|Bytes:8
18:47:41.2 (653982764)|CODE_UNIT_STARTED|[EXTERNAL]|Workflow:Order
18:47:41.2 (657553862)|CODE_UNIT_FINISHED|Workflow:Order
18:47:41.2 (662318454)|DML_END|[64]
18:47:41.2 (662352166)|STATEMENT_EXECUTE|[65]
18:47:41.2 (662376838)|HEAP_ALLOCATE|[65]|Bytes:4
18:47:41.2 (662471924)|VARIABLE_ASSIGNMENT|[65]|this.OrderId|"8011X000002CvRwQAK"|0x60710fd1
18:47:41.2 (662508778)|VARIABLE_ASSIGNMENT|[65]|this.PricebookEntryId|"01u1X00000YceIDQAZ"|0x60710fd1
18:47:41.2 (662534694)|HEAP_ALLOCATE|[65]|Bytes:28
18:47:41.2 (662558139)|VARIABLE_ASSIGNMENT|[65]|this.Quantity|20|0x60710fd1
18:47:41.2 (662567336)|HEAP_ALLOCATE|[65]|Bytes:28
18:47:41.2 (662583927)|VARIABLE_ASSIGNMENT|[65]|this.UnitPrice|1000|0x60710fd1
18:47:41.2 (662626267)|VARIABLE_SCOPE_BEGIN|[65]|oi2|OrderItem|true|false
18:47:41.2 (662664461)|VARIABLE_ASSIGNMENT|[65]|oi2|{"OrderId":"8011X000002CvRwQAK","PricebookEntryId":"01u1X00000YceIDQAZ","Quantity":20,"UnitPrice":1000}|0x60710fd1
18:47:41.2 (662672579)|STATEMENT_EXECUTE|[66]
18:47:41.2 (662696435)|HEAP_ALLOCATE|[66]|Bytes:8
18:47:41.2 (662705864)|DML_BEGIN|[66]|Op:Insert|Type:OrderItem|Rows:1
18:47:41.2 (662739606)|HEAP_ALLOCATE|[EXTERNAL]|Bytes:8
18:47:41.2 (696179287)|CODE_UNIT_STARTED|[EXTERNAL]|Workflow:Order
18:47:41.2 (696247527)|CODE_UNIT_FINISHED|Workflow:Order
18:47:41.2 (700846302)|DML_END|[66]
18:47:41.2 (700885708)|STATEMENT_EXECUTE|[68]
18:47:41.2 (700919843)|HEAP_ALLOCATE|[68]|Bytes:4
18:47:41.2 (701046603)|VARIABLE_ASSIGNMENT|[68]|this.OrderId|"8011X000002CvRxQAK"|0x492c3cee
18:47:41.2 (701076814)|VARIABLE_ASSIGNMENT|[68]|this.PricebookEntryId|"01u1X00000YceIDQAZ"|0x492c3cee
18:47:41.2 (701106972)|HEAP_ALLOCATE|[68]|Bytes:28
18:47:41.2 (701145316)|VARIABLE_ASSIGNMENT|[68]|this.Quantity|50|0x492c3cee
18:47:41.2 (701155152)|HEAP_ALLOCATE|[68]|Bytes:28
18:47:41.2 (701172092)|VARIABLE_ASSIGNMENT|[68]|this.UnitPrice|150|0x492c3cee
18:47:41.2 (701217146)|VARIABLE_SCOPE_BEGIN|[68]|o2i1|OrderItem|true|false
18:47:41.2 (701255282)|VARIABLE_ASSIGNMENT|[68]|o2i1|{"OrderId":"8011X000002CvRxQAK","PricebookEntryId":"01u1X00000YceIDQAZ","Quantity":50,"UnitPrice":150}|0x492c3cee
18:47:41.2 (701264273)|STATEMENT_EXECUTE|[69]
18:47:41.2 (701297798)|HEAP_ALLOCATE|[69]|Bytes:8
18:47:41.2 (701306600)|DML_BEGIN|[69]|Op:Insert|Type:OrderItem|Rows:1
18:47:41.2 (701350849)|HEAP_ALLOCATE|[EXTERNAL]|Bytes:8
18:47:41.2 (746392562)|CODE_UNIT_STARTED|[EXTERNAL]|Workflow:Order
18:47:41.2 (746447753)|CODE_UNIT_FINISHED|Workflow:Order
18:47:41.2 (751256574)|DML_END|[69]
18:47:41.2 (751305990)|STATEMENT_EXECUTE|[70]
18:47:41.2 (751344458)|HEAP_ALLOCATE|[70]|Bytes:4
18:47:41.2 (751502116)|VARIABLE_ASSIGNMENT|[70]|this.OrderId|"8011X000002CvRxQAK"|0x5dace7f
18:47:41.2 (751544667)|VARIABLE_ASSIGNMENT|[70]|this.PricebookEntryId|"01u1X00000YceIDQAZ"|0x5dace7f
18:47:41.2 (751581865)|HEAP_ALLOCATE|[70]|Bytes:28
18:47:41.2 (751615879)|VARIABLE_ASSIGNMENT|[70]|this.Quantity|70|0x5dace7f
18:47:41.2 (751629822)|HEAP_ALLOCATE|[70]|Bytes:28
18:47:41.2 (751654928)|VARIABLE_ASSIGNMENT|[70]|this.UnitPrice|1000|0x5dace7f
18:47:41.2 (751707906)|VARIABLE_SCOPE_BEGIN|[70]|o2i2|OrderItem|true|false
18:47:41.2 (751756369)|VARIABLE_ASSIGNMENT|[70]|o2i2|{"OrderId":"8011X000002CvRxQAK","PricebookEntryId":"01u1X00000YceIDQAZ","Quantity":70,"UnitPrice":1000}|0x5dace7f
18:47:41.2 (751769109)|STATEMENT_EXECUTE|[71]
18:47:41.2 (751807481)|HEAP_ALLOCATE|[71]|Bytes:8
18:47:41.2 (751818759)|DML_BEGIN|[71]|Op:Insert|Type:OrderItem|Rows:1
18:47:41.2 (751871789)|HEAP_ALLOCATE|[EXTERNAL]|Bytes:8
18:47:41.2 (786613985)|CODE_UNIT_STARTED|[EXTERNAL]|Workflow:Order
18:47:41.2 (786668570)|CODE_UNIT_FINISHED|Workflow:Order
18:47:41.2 (790739254)|DML_END|[71]
18:47:41.2 (790780478)|STATEMENT_EXECUTE|[73]
18:47:41.2 (790847654)|HEAP_ALLOCATE|[73]|Bytes:4
18:47:41.2 (791052383)|VARIABLE_SCOPE_BEGIN|[73]|listo|List<Order>|true|false
18:47:41.2 (791071884)|HEAP_ALLOCATE|[EXTERNAL]|Bytes:4
18:47:41.2 (791098570)|VARIABLE_ASSIGNMENT|[73]|listo|[]|0x5e6c4916
18:47:41.2 (791107015)|STATEMENT_EXECUTE|[74]
18:47:41.2 (791173132)|HEAP_ALLOCATE|[EXTERNAL]|Bytes:4
18:47:41.2 (791187412)|STATEMENT_EXECUTE|[75]
18:47:41.2 (791206286)|HEAP_ALLOCATE|[EXTERNAL]|Bytes:4
18:47:41.2 (880193176)|HEAP_DUMP|[77]|07n1X0000009FTf|TestUpdateAccountTurnover|none|77
18:47:41.2 (880234042)|STATEMENT_EXECUTE|[77]
18:47:41.2 (880359505)|DML_BEGIN|[77]|Op:Update|Type:Order|Rows:2
18:47:41.2 (880412223)|HEAP_ALLOCATE|[EXTERNAL]|Bytes:12
18:47:42.30 (1030385413)|CODE_UNIT_STARTED|[EXTERNAL]|01q1X000001DsDr|UpdateAccountTurnover on Order trigger event AfterUpdate|__sfdc_trigger/UpdateAccountTurnover
18:47:42.30 (1030458299)|HEAP_ALLOCATE|[EXTERNAL]|Bytes:12
18:47:42.30 (1030535033)|HEAP_ALLOCATE|[EXTERNAL]|Bytes:12
18:47:42.30 (1030735715)|HEAP_ALLOCATE|[EXTERNAL]|Bytes:16
18:47:42.30 (1030754860)|VARIABLE_SCOPE_BEGIN|[1]|this|UpdateAccountTurnover|true|false
18:47:42.30 (1030876184)|VARIABLE_ASSIGNMENT|[1]|this|{}|0x43d0ad60
18:47:42.30 (1030940148)|HEAP_ALLOCATE|[EXTERNAL]|Bytes:16
18:47:42.30 (1031079977)|VARIABLE_SCOPE_BEGIN|[1]|this|UpdateAccountTurnover|true|false
18:47:42.30 (1031101334)|VARIABLE_ASSIGNMENT|[1]|this|{}|0x43d0ad60
18:47:42.30 (1031113964)|STATEMENT_EXECUTE|[1]
18:47:42.30 (1031117400)|STATEMENT_EXECUTE|[8]
18:47:42.30 (1031132932)|HEAP_ALLOCATE|[8]|Bytes:4
18:47:42.30 (1031261043)|VARIABLE_ASSIGNMENT|[8]|this.acntIds|[]|0x43d0ad60
18:47:42.30 (1031268802)|STATEMENT_EXECUTE|[11]
18:47:42.30 (1031279868)|HEAP_ALLOCATE|[11]|Bytes:4
18:47:42.30 (1031352881)|HEAP_ALLOCATE|[EXTERNAL]|Bytes:4
18:47:42.30 (1031363933)|VARIABLE_ASSIGNMENT|[11]|this.acntsToUpdate|[]|0x43d0ad60
18:47:42.30 (1031377729)|STATEMENT_EXECUTE|[23]
18:47:42.30 (1031512319)|HEAP_ALLOCATE|[24]|Bytes:5
18:47:42.30 (1031538061)|VARIABLE_SCOPE_BEGIN|[24]|o|Order|true|false
18:47:42.30 (1032168436)|VARIABLE_ASSIGNMENT|[24]|o|{"Status":"Draft","LastModifiedDate":"2021-04-10T16:47:42.000Z","IsDeleted":false,"AccountId":"0011X00000oHyyAQAS","OrderNumber":"00100100","ContractId":"8001X000002WjxMQAS","TotalAmount":21500.00,"StatusCode":"Draft","IsReductionOrder":false,"SystemModstamp":"2021-04-10T16:47:42.000Z","ShipmentCost__c":350,"OwnerId":"0051X000007SSFeQAO","CreatedById":"0051X000007SSFeQAO","CreatedDate":"2021-04-10T16:47:41.000Z","Pricebook2Id":"01s1X000002dHA4QAM","Id":"8011X000002CvRwQAK","LastModifiedById":"0051X000007SSFeQAO","EffectiveDate":"2021-04-01T00:00:00.000Z"}|0xbd810a7
18:47:42.30 (1032199099)|STATEMENT_EXECUTE|[24]
18:47:42.30 (1032203374)|STATEMENT_EXECUTE|[25]
18:47:42.30 (1032303023)|HEAP_ALLOCATE|[EXTERNAL]|Bytes:4
18:47:42.30 (1032346854)|HEAP_ALLOCATE|[24]|Bytes:5
18:47:42.30 (1032373969)|VARIABLE_SCOPE_BEGIN|[24]|o|Order|true|false
18:47:42.30 (1033074788)|VARIABLE_ASSIGNMENT|[24]|o|{"Status":"Draft","LastModifiedDate":"2021-04-10T16:47:42.000Z","IsDeleted":false,"AccountId":"0011X00000oHyyBQAS","OrderNumber":"00100101","ContractId":"8001X000002WjxNQAS","TotalAmount":77500.00,"StatusCode":"Draft","IsReductionOrder":false,"SystemModstamp":"2021-04-10T16:47:42.000Z","ShipmentCost__c":650,"OwnerId":"0051X000007SSFeQAO","CreatedById":"0051X000007SSFeQAO","CreatedDate":"2021-04-10T16:47:41.000Z","Pricebook2Id":"01s1X000002dHA4QAM","Id":"8011X000002CvRxQAK","LastModifiedById":"0051X000007SSFeQAO","EffectiveDate":"2021-04-01T00:00:00.000Z"}|0x4da50711
18:47:42.30 (1033104408)|STATEMENT_EXECUTE|[24]
18:47:42.30 (1033109051)|STATEMENT_EXECUTE|[25]
18:47:42.30 (1033144983)|HEAP_ALLOCATE|[EXTERNAL]|Bytes:4
18:47:42.30 (1033171010)|HEAP_ALLOCATE|[24]|Bytes:5
18:47:42.30 (1033193783)|VARIABLE_ASSIGNMENT|[24]|o|null|
18:47:42.30 (1033203306)|STATEMENT_EXECUTE|[30]
18:47:42.30 (1033208711)|HEAP_ALLOCATE|[30]|Bytes:64
18:47:42.30 (1033233805)|HEAP_ALLOCATE|[30]|Bytes:4
18:47:42.30 (1033244923)|HEAP_ALLOCATE|[30]|Bytes:7
18:47:42.30 (1033295641)|HEAP_ALLOCATE|[30]|Bytes:12
18:47:42.30 (1033308951)|HEAP_ALLOCATE|[30]|Bytes:12
18:47:42.30 (1033918992)|SOQL_EXECUTE_BEGIN|[30]|Aggregations:0|SELECT Id, Chiffre_d_affaire__c FROM Account WHERE Id = :tmpVar1
18:47:42.30 (1044053564)|SOQL_EXECUTE_END|[30]|Rows:2
18:47:42.30 (1044105131)|HEAP_ALLOCATE|[30]|Bytes:12
18:47:42.30 (1044149187)|HEAP_ALLOCATE|[30]|Bytes:178
18:47:42.30 (1044195580)|HEAP_ALLOCATE|[30]|Bytes:12
18:47:42.30 (1044295136)|VARIABLE_ASSIGNMENT|[30]|this.acntsSource|[{"Id":"0011X00000oHyyAQAS","Chiffre_d_affaire__c":0},{"Id":"0011X00000oHyyBQAS","Chiffre_d_affaire__c":0}]|0x43d0ad60
18:47:42.30 (1044404514)|HEAP_ALLOCATE|[45]|Bytes:5
18:47:42.30 (1044437007)|VARIABLE_SCOPE_BEGIN|[45]|o|Order|true|false
18:47:42.30 (1045091273)|VARIABLE_ASSIGNMENT|[45]|o|{"Status":"Draft","LastModifiedDate":"2021-04-10T16:47:42.000Z","IsDeleted":false,"AccountId":"0011X00000oHyyAQAS","OrderNumber":"00100100","ContractId":"8001X000002WjxMQAS","TotalAmount":21500.00,"StatusCode":"Draft","IsReductionOrder":false,"SystemModstamp":"2021-04-10T16:47:42.000Z","ShipmentCost__c":350,"OwnerId":"0051X000007SSFeQAO","CreatedById":"0051X000007SSFeQAO","CreatedDate":"2021-04-10T16:47:41.000Z","Pricebook2Id":"01s1X000002dHA4QAM","Id":"8011X000002CvRwQAK","LastModifiedById":"0051X000007SSFeQAO","EffectiveDate":"2021-04-01T00:00:00.000Z"}|0xbd810a7
18:47:42.30 (1045119284)|STATEMENT_EXECUTE|[45]
18:47:42.30 (1045279444)|HEAP_ALLOCATE|[47]|Bytes:5
18:47:42.30 (1045304782)|HEAP_ALLOCATE|[47]|Bytes:12
18:47:42.30 (1045315271)|VARIABLE_SCOPE_BEGIN|[47]|acc|Account|true|false
18:47:42.30 (1045339780)|VARIABLE_ASSIGNMENT|[47]|acc|{"Id":"0011X00000oHyyAQAS","Chiffre_d_affaire__c":0}|0x2f542728
18:47:42.30 (1045350405)|STATEMENT_EXECUTE|[47]
18:47:42.30 (1045442941)|STATEMENT_EXECUTE|[50]
18:47:42.30 (1045446704)|STATEMENT_EXECUTE|[51]
18:47:42.30 (1045496820)|HEAP_ALLOCATE|[51]|Bytes:28
18:47:42.30 (1045581382)|HEAP_ALLOCATE|[51]|Bytes:28
18:47:42.30 (1045689754)|VARIABLE_ASSIGNMENT|[51]|this.Chiffre_d_affaire__c|21500.00|0x2f542728
18:47:42.30 (1045701716)|STATEMENT_EXECUTE|[55]
18:47:42.30 (1045747860)|HEAP_ALLOCATE|[EXTERNAL]|Bytes:4
18:47:42.30 (1045770746)|HEAP_ALLOCATE|[47]|Bytes:5
18:47:42.30 (1045788157)|HEAP_ALLOCATE|[47]|Bytes:12
18:47:42.30 (1045798492)|VARIABLE_SCOPE_BEGIN|[47]|acc|Account|true|false
18:47:42.30 (1045827718)|VARIABLE_ASSIGNMENT|[47]|acc|{"Id":"0011X00000oHyyBQAS","Chiffre_d_affaire__c":0}|0xe4a2b8c
18:47:42.30 (1045837866)|STATEMENT_EXECUTE|[47]
18:47:42.30 (1045870914)|STATEMENT_EXECUTE|[50]
18:47:42.30 (1045874435)|STATEMENT_EXECUTE|[55]
18:47:42.30 (1045887063)|HEAP_ALLOCATE|[EXTERNAL]|Bytes:4
18:47:42.30 (1045902882)|HEAP_ALLOCATE|[47]|Bytes:5
18:47:42.30 (1045918685)|VARIABLE_ASSIGNMENT|[47]|acc|null|
18:47:42.30 (1045933387)|HEAP_ALLOCATE|[45]|Bytes:5
18:47:42.30 (1045950605)|VARIABLE_SCOPE_BEGIN|[45]|o|Order|true|false
18:47:42.30 (1046532994)|VARIABLE_ASSIGNMENT|[45]|o|{"Status":"Draft","LastModifiedDate":"2021-04-10T16:47:42.000Z","IsDeleted":false,"AccountId":"0011X00000oHyyBQAS","OrderNumber":"00100101","ContractId":"8001X000002WjxNQAS","TotalAmount":77500.00,"StatusCode":"Draft","IsReductionOrder":false,"SystemModstamp":"2021-04-10T16:47:42.000Z","ShipmentCost__c":650,"OwnerId":"0051X000007SSFeQAO","CreatedById":"0051X000007SSFeQAO","CreatedDate":"2021-04-10T16:47:41.000Z","Pricebook2Id":"01s1X000002dHA4QAM","Id":"8011X000002CvRxQAK","LastModifiedById":"0051X000007SSFeQAO","EffectiveDate":"2021-04-01T00:00:00.000Z"}|0x4da50711
18:47:42.30 (1046559060)|STATEMENT_EXECUTE|[45]
18:47:42.30 (1046598682)|HEAP_ALLOCATE|[47]|Bytes:5
18:47:42.30 (1046615936)|HEAP_ALLOCATE|[47]|Bytes:12
18:47:42.30 (1046625923)|VARIABLE_SCOPE_BEGIN|[47]|acc|Account|true|false
18:47:42.30 (1046647558)|VARIABLE_ASSIGNMENT|[47]|acc|{"Id":"0011X00000oHyyAQAS","Chiffre_d_affaire__c":21500.00}|0x2f542728
18:47:42.30 (1046656723)|STATEMENT_EXECUTE|[47]
18:47:42.30 (1046692348)|STATEMENT_EXECUTE|[50]
18:47:42.30 (1046695981)|STATEMENT_EXECUTE|[55]
18:47:42.30 (1046708670)|HEAP_ALLOCATE|[EXTERNAL]|Bytes:4
18:47:42.30 (1046725482)|HEAP_ALLOCATE|[47]|Bytes:5
18:47:42.30 (1046737658)|HEAP_ALLOCATE|[47]|Bytes:12
18:47:42.30 (1046744915)|VARIABLE_SCOPE_BEGIN|[47]|acc|Account|true|false
18:47:42.30 (1046763298)|VARIABLE_ASSIGNMENT|[47]|acc|{"Id":"0011X00000oHyyBQAS","Chiffre_d_affaire__c":0}|0xe4a2b8c
18:47:42.30 (1046771505)|STATEMENT_EXECUTE|[47]
18:47:42.30 (1046794968)|STATEMENT_EXECUTE|[50]
18:47:42.30 (1046798283)|STATEMENT_EXECUTE|[51]
18:47:42.30 (1046812691)|HEAP_ALLOCATE|[51]|Bytes:28
18:47:42.30 (1046841797)|HEAP_ALLOCATE|[51]|Bytes:28
18:47:42.30 (1046916692)|VARIABLE_ASSIGNMENT|[51]|this.Chiffre_d_affaire__c|77500.00|0xe4a2b8c
18:47:42.30 (1046927942)|STATEMENT_EXECUTE|[55]
18:47:42.30 (1046944913)|HEAP_ALLOCATE|[EXTERNAL]|Bytes:4
18:47:42.30 (1046965850)|HEAP_ALLOCATE|[47]|Bytes:5
18:47:42.30 (1046986685)|VARIABLE_ASSIGNMENT|[47]|acc|null|
18:47:42.30 (1047002089)|HEAP_ALLOCATE|[45]|Bytes:5
18:47:42.30 (1047017205)|VARIABLE_ASSIGNMENT|[45]|o|null|
18:47:42.30 (1076292386)|HEAP_DUMP|[60]|07n1X0000009FTg|UpdateAccountTurnover|none|60
18:47:42.30 (1076406920)|STATEMENT_EXECUTE|[60]
18:47:42.30 (1076539118)|DML_BEGIN|[60]|Op:Update|Type:Account|Rows:4
18:47:42.30 (1076590216)|HEAP_ALLOCATE|[EXTERNAL]|Bytes:20
18:47:42.30 (1077306634)|EXCEPTION_THROWN|[60]|System.ListException: Duplicate id in list: 0011X00000oHyyAQAS
18:47:42.30 (1077354508)|DML_END|[60]
18:47:42.30 (1078503072)|HEAP_ALLOCATE|[60]|Bytes:44
18:47:42.30 (1078673259)|FATAL_ERROR|System.ListException: Duplicate id in list: 0011X00000oHyyAQAS

Trigger.UpdateAccountTurnover: line 60, column 1
18:47:42.30 (1078695429)|FATAL_ERROR|System.ListException: Duplicate id in list: 0011X00000oHyyAQAS

Trigger.UpdateAccountTurnover: line 60, column 1
18:47:42.78 (1078743280)|CUMULATIVE_LIMIT_USAGE
18:47:42.78 (1078743280)|LIMIT_USAGE_FOR_NS|(default)|
  Number of SOQL queries: 1 out of 100
  Number of query rows: 1 out of 50000
  Number of SOSL queries: 0 out of 20
  Number of DML statements: 8 out of 150
  Number of Publish Immediate DML: 0 out of 150
  Number of DML rows: 8 out of 10000
  Maximum CPU time: 0 out of 10000
  Maximum heap size: 0 out of 6000000
  Number of callouts: 0 out of 100
  Number of Email Invocations: 0 out of 10
  Number of future calls: 0 out of 50
  Number of queueable jobs added to the queue: 0 out of 50
  Number of Mobile Apex push calls: 0 out of 10

18:47:42.78 (1078743280)|TESTING_LIMITS
18:47:42.78 (1078743280)|LIMIT_USAGE_FOR_NS|(default)|
  Number of SOQL queries: 1 out of 100
  Number of query rows: 2 out of 50000
  Number of SOSL queries: 0 out of 20
  Number of DML statements: 8 out of 150
  Number of Publish Immediate DML: 0 out of 150
  Number of DML rows: 12 out of 10000
  Maximum CPU time: 0 out of 10000
  Maximum heap size: 0 out of 6000000
  Number of callouts: 0 out of 100
  Number of Email Invocations: 0 out of 10
  Number of future calls: 0 out of 50
  Number of queueable jobs added to the queue: 0 out of 50
  Number of Mobile Apex push calls: 0 out of 10

18:47:42.78 (1078743280)|CUMULATIVE_LIMIT_USAGE_END

18:47:42.30 (1080516496)|CODE_UNIT_FINISHED|UpdateAccountTurnover on Order trigger event AfterUpdate|__sfdc_trigger/UpdateAccountTurnover
18:47:42.30 (1186860835)|DML_END|[77]
18:47:42.30 (1186962897)|EXCEPTION_THROWN|[77]|System.DmlException: Update failed. First exception on row 0 with id 8011X000002CvRwQAK; first error: CANNOT_INSERT_UPDATE_ACTIVATE_ENTITY, UpdateAccountTurnover: execution of AfterUpdate

caused by: System.ListException: Duplicate id in list: 0011X00000oHyyAQAS

Trigger.UpdateAccountTurnover: line 60, column 1: []
18:47:42.30 (1187627150)|HEAP_ALLOCATE|[77]|Bytes:299
18:47:42.30 (1187752775)|FATAL_ERROR|System.DmlException: Update failed. First exception on row 0 with id 8011X000002CvRwQAK; first error: CANNOT_INSERT_UPDATE_ACTIVATE_ENTITY, UpdateAccountTurnover: execution of AfterUpdate

caused by: System.ListException: Duplicate id in list: 0011X00000oHyyAQAS

Trigger.UpdateAccountTurnover: line 60, column 1: []

Class.TestUpdateAccountTurnover.should_aggregate_two_orders_on_account: line 77, column 1
18:47:42.30 (1187768736)|FATAL_ERROR|System.DmlException: Update failed. First exception on row 0 with id 8011X000002CvRwQAK; first error: CANNOT_INSERT_UPDATE_ACTIVATE_ENTITY, UpdateAccountTurnover: execution of AfterUpdate

caused by: System.ListException: Duplicate id in list: 0011X00000oHyyAQAS

Trigger.UpdateAccountTurnover: line 60, column 1: []

Class.TestUpdateAccountTurnover.should_aggregate_two_orders_on_account: line 77, column 1
18:47:42.187 (1187784641)|CUMULATIVE_LIMIT_USAGE
18:47:42.187 (1187784641)|LIMIT_USAGE_FOR_NS|(default)|
  Number of SOQL queries: 1 out of 100
  Number of query rows: 1 out of 50000
  Number of SOSL queries: 0 out of 20
  Number of DML statements: 8 out of 150
  Number of Publish Immediate DML: 0 out of 150
  Number of DML rows: 8 out of 10000
  Maximum CPU time: 0 out of 10000
  Maximum heap size: 0 out of 6000000
  Number of callouts: 0 out of 100
  Number of Email Invocations: 0 out of 10
  Number of future calls: 0 out of 50
  Number of queueable jobs added to the queue: 0 out of 50
  Number of Mobile Apex push calls: 0 out of 10

18:47:42.187 (1187784641)|TESTING_LIMITS
18:47:42.187 (1187784641)|LIMIT_USAGE_FOR_NS|(default)|
  Number of SOQL queries: 0 out of 100
  Number of query rows: 0 out of 50000
  Number of SOSL queries: 0 out of 20
  Number of DML statements: 7 out of 150
  Number of Publish Immediate DML: 0 out of 150
  Number of DML rows: 8 out of 10000
  Maximum CPU time: 0 out of 10000
  Maximum heap size: 0 out of 6000000
  Number of callouts: 0 out of 100
  Number of Email Invocations: 0 out of 10
  Number of future calls: 0 out of 50
  Number of queueable jobs added to the queue: 0 out of 50
  Number of Mobile Apex push calls: 0 out of 10

18:47:42.187 (1187784641)|CUMULATIVE_LIMIT_USAGE_END

18:47:42.30 (1187837556)|CODE_UNIT_FINISHED|TestUpdateAccountTurnover.should_aggregate_two_orders_on_account()
18:47:42.30 (1187844848)|EXECUTION_FINISHED
18:47:42.444 (1444852141)|USER_INFO|[EXTERNAL]|0051X000007SSFe|test-in7nqa4fsmgt@example.com|(GMT+02:00) Central European Summer Time (Europe/Paris)|GMT+02:00
18:47:42.444 (1444879295)|EXECUTION_STARTED
18:47:42.444 (1444885352)|CODE_UNIT_STARTED|[EXTERNAL]|DuplicateDetector
18:47:42.444 (1444903144)|DUPLICATE_DETECTION_BEGIN
18:47:42.444 (1445220251)|DUPLICATE_DETECTION_RULE_INVOCATION|DuplicateRuleId:0Bm1X000002PzvU|DuplicateRuleName:Standard Account Duplicate Rule|DmlType:INSERT
18:47:42.444 (1466632321)|DUPLICATE_DETECTION_END
18:47:42.444 (1466648562)|CODE_UNIT_FINISHED|DuplicateDetector
18:47:42.444 (1466663958)|EXECUTION_FINISHED
